<?xml version="1.0" encoding="UTF-8"?>
<TestRun id="12c14b24-73d0-40ce-a3b5-493a85c93a64" name="nielsobr@USSLCL00134 2012-08-04 14:45:13" runUser="CORP\nielsobr" xmlns="http://microsoft.com/schemas/VisualStudio/TeamTest/2010">
  <TestSettings name="Local" id="eea220ab-40d6-40e9-934b-77bf5a1f08ee">
    <Description>These are default test settings for a local test run.</Description>
    <Deployment enabled="false" runDeploymentRoot="nielsobr_USSLCL00134 2012-08-04 14_45_13">
      <DeploymentItem filename="C:\Bruce N\Programming\Sudoku\Sudoku\bin\Debug\Sudoku.dll" />
    </Deployment>
    <Execution>
      <TestTypeSpecific />
      <AgentRule name="Execution Agents">
      </AgentRule>
    </Execution>
  </TestSettings>
  <Times creation="2012-08-04T14:45:13.1884230-06:00" queuing="2012-08-04T14:45:15.2375402-06:00" start="2012-08-04T14:45:15.3845486-06:00" finish="2012-08-04T14:45:43.7861731-06:00" />
  <ResultSummary outcome="Error">
    <Counters total="64" executed="41" passed="40" error="0" failed="0" timeout="0" aborted="1" inconclusive="0" passedButRunAborted="0" notRunnable="0" notExecuted="23" disconnected="0" warning="0" completed="0" inProgress="0" pending="0" />
    <RunInfos>
      <RunInfo computerName="USSLCL00134" outcome="Warning" timestamp="2012-08-04T14:45:14.2564841-06:00">
        <Text>Deployment is currently disabled. The deployment item 'Sudoku.dll' on test 'TestSudoku.SudokuSolverTest.CheckForSolutionTest' was not deployed.</Text>
      </RunInfo>
      <RunInfo computerName="USSLCL00134" outcome="Error" timestamp="2012-08-04T14:45:43.7771726-06:00">
        <Text>Test host process exited unexpectedly.</Text>
      </RunInfo>
    </RunInfos>
  </ResultSummary>
  <TestDefinitions>
    <UnitTest name="CheckForSolutionTest" storage="c:\bruce n\programming\sudoku\testsudoku\bin\debug\testsudoku.dll" id="fa9b5a98-11df-cc49-fac3-46a2c0f64ad4">
      <DeploymentItems>
        <DeploymentItem filename="Sudoku.dll" />
      </DeploymentItems>
      <Execution id="55712255-e49c-4ffe-9d25-247d544792a4" />
      <TestMethod codeBase="C:/Bruce N/Programming/Sudoku/TestSudoku/bin/Debug/TestSudoku.DLL" adapterTypeName="Microsoft.VisualStudio.TestTools.TestTypes.Unit.UnitTestAdapter, Microsoft.VisualStudio.QualityTools.Tips.UnitTest.Adapter, Version=10.0.0.0, Culture=neutral, PublicKeyToken=b03f5f7f11d50a3a" className="TestSudoku.SudokuSolverTest, TestSudoku, Version=1.0.0.0, Culture=neutral, PublicKeyToken=null" name="CheckForSolutionTest" />
    </UnitTest>
    <UnitTest name="TotalUncoversTest" storage="c:\bruce n\programming\sudoku\testsudoku\bin\debug\testsudoku.dll" id="d8b0082d-cfd9-4b49-6f2e-66044169ea1f">
      <DeploymentItems>
        <DeploymentItem filename="Sudoku.dll" />
      </DeploymentItems>
      <Execution id="399c1d35-abe4-44da-8782-2d085b080590" />
      <TestMethod codeBase="C:/Bruce N/Programming/Sudoku/TestSudoku/bin/Debug/TestSudoku.DLL" adapterTypeName="Microsoft.VisualStudio.TestTools.TestTypes.Unit.UnitTestAdapter, Microsoft.VisualStudio.QualityTools.Tips.UnitTest.Adapter, Version=10.0.0.0, Culture=neutral, PublicKeyToken=b03f5f7f11d50a3a" className="TestSudoku.SudokuPuzzleNewTest, TestSudoku, Version=1.0.0.0, Culture=neutral, PublicKeyToken=null" name="TotalUncoversTest" />
    </UnitTest>
    <UnitTest name="PuzzleTest" storage="c:\bruce n\programming\sudoku\testsudoku\bin\debug\testsudoku.dll" id="716751e5-4a8b-99ba-38de-904dcf99d413">
      <DeploymentItems>
        <DeploymentItem filename="Sudoku.dll" />
      </DeploymentItems>
      <Execution id="c7c797ab-6b51-4cb5-801e-d2b47fa175c5" />
      <TestMethod codeBase="C:/Bruce N/Programming/Sudoku/TestSudoku/bin/Debug/TestSudoku.DLL" adapterTypeName="Microsoft.VisualStudio.TestTools.TestTypes.Unit.UnitTestAdapter, Microsoft.VisualStudio.QualityTools.Tips.UnitTest.Adapter, Version=10.0.0.0, Culture=neutral, PublicKeyToken=b03f5f7f11d50a3a" className="TestSudoku.SudokuSolverTest, TestSudoku, Version=1.0.0.0, Culture=neutral, PublicKeyToken=null" name="PuzzleTest" />
    </UnitTest>
    <UnitTest name="FindSolveablePuzzleTest" storage="c:\bruce n\programming\sudoku\testsudoku\bin\debug\testsudoku.dll" id="aff20130-097e-3c60-01ae-85bf83573d5d">
      <DeploymentItems>
        <DeploymentItem filename="Sudoku.dll" />
      </DeploymentItems>
      <Execution id="210219f0-0bad-4df8-a916-a54b9d40915f" />
      <TestMethod codeBase="C:/Bruce N/Programming/Sudoku/TestSudoku/bin/Debug/TestSudoku.DLL" adapterTypeName="Microsoft.VisualStudio.TestTools.TestTypes.Unit.UnitTestAdapter, Microsoft.VisualStudio.QualityTools.Tips.UnitTest.Adapter, Version=10.0.0.0, Culture=neutral, PublicKeyToken=b03f5f7f11d50a3a" className="TestSudoku.SudokuPuzzleNewTest, TestSudoku, Version=1.0.0.0, Culture=neutral, PublicKeyToken=null" name="FindSolveablePuzzleTest" />
    </UnitTest>
    <UnitTest name="IsValidArrayTest" storage="c:\bruce n\programming\sudoku\testsudoku\bin\debug\testsudoku.dll" id="1ad507a0-5b9a-581b-e458-ab84bc32d160">
      <Execution id="53f5ecd6-7846-4912-b4a3-7f8b8688e51a" />
      <TestMethod codeBase="C:/Bruce N/Programming/Sudoku/TestSudoku/bin/Debug/TestSudoku.DLL" adapterTypeName="Microsoft.VisualStudio.TestTools.TestTypes.Unit.UnitTestAdapter, Microsoft.VisualStudio.QualityTools.Tips.UnitTest.Adapter, Version=10.0.0.0, Culture=neutral, PublicKeyToken=b03f5f7f11d50a3a" className="TestSudoku.SudokuSolutionTest, TestSudoku, Version=1.0.0.0, Culture=neutral, PublicKeyToken=null" name="IsValidArrayTest" />
    </UnitTest>
    <UnitTest name="PairsByRowAndColumnTest" storage="c:\bruce n\programming\sudoku\testsudoku\bin\debug\testsudoku.dll" id="fb8d0f66-1952-3fa5-f41f-3e992361d3ef">
      <DeploymentItems>
        <DeploymentItem filename="Sudoku.dll" />
      </DeploymentItems>
      <Execution id="7e5283b1-a61e-405a-8f93-1ba1d91193d1" />
      <TestMethod codeBase="C:/Bruce N/Programming/Sudoku/TestSudoku/bin/Debug/TestSudoku.DLL" adapterTypeName="Microsoft.VisualStudio.TestTools.TestTypes.Unit.UnitTestAdapter, Microsoft.VisualStudio.QualityTools.Tips.UnitTest.Adapter, Version=10.0.0.0, Culture=neutral, PublicKeyToken=b03f5f7f11d50a3a" className="TestSudoku.SudokuSolverTest, TestSudoku, Version=1.0.0.0, Culture=neutral, PublicKeyToken=null" name="PairsByRowAndColumnTest" />
    </UnitTest>
    <UnitTest name="WriteOutSudokuSolutionTest" storage="c:\bruce n\programming\sudoku\testsudoku\bin\debug\testsudoku.dll" id="96dd551e-c1b7-a21a-a45c-a1d7dd41182c">
      <Execution id="d9e26184-6961-46b1-80a2-e9d9787a4150" />
      <TestMethod codeBase="C:/Bruce N/Programming/Sudoku/TestSudoku/bin/Debug/TestSudoku.DLL" adapterTypeName="Microsoft.VisualStudio.TestTools.TestTypes.Unit.UnitTestAdapter, Microsoft.VisualStudio.QualityTools.Tips.UnitTest.Adapter, Version=10.0.0.0, Culture=neutral, PublicKeyToken=b03f5f7f11d50a3a" className="TestSudoku.SudokuPuzzleNewTest, TestSudoku, Version=1.0.0.0, Culture=neutral, PublicKeyToken=null" name="WriteOutSudokuSolutionTest" />
    </UnitTest>
    <UnitTest name="Step1FindSingleGuessesTest" storage="c:\bruce n\programming\sudoku\testsudoku\bin\debug\testsudoku.dll" id="32a80b6d-7368-1157-bb75-936c90483568">
      <DeploymentItems>
        <DeploymentItem filename="Sudoku.dll" />
      </DeploymentItems>
      <Execution id="b31384d7-05ec-4d3b-a2c5-9ef958cb47ce" />
      <TestMethod codeBase="C:/Bruce N/Programming/Sudoku/TestSudoku/bin/Debug/TestSudoku.DLL" adapterTypeName="Microsoft.VisualStudio.TestTools.TestTypes.Unit.UnitTestAdapter, Microsoft.VisualStudio.QualityTools.Tips.UnitTest.Adapter, Version=10.0.0.0, Culture=neutral, PublicKeyToken=b03f5f7f11d50a3a" className="TestSudoku.SudokuPuzzleNewTest, TestSudoku, Version=1.0.0.0, Culture=neutral, PublicKeyToken=null" name="Step1FindSingleGuessesTest" />
    </UnitTest>
    <UnitTest name="UncoverCountBySubSquareTest" storage="c:\bruce n\programming\sudoku\testsudoku\bin\debug\testsudoku.dll" id="df32b477-d68b-2a2b-b301-d704a740e06b">
      <DeploymentItems>
        <DeploymentItem filename="Sudoku.dll" />
      </DeploymentItems>
      <Execution id="abfcbc48-344d-4cb8-8f79-16fb8722a6fa" />
      <TestMethod codeBase="C:/Bruce N/Programming/Sudoku/TestSudoku/bin/Debug/TestSudoku.DLL" adapterTypeName="Microsoft.VisualStudio.TestTools.TestTypes.Unit.UnitTestAdapter, Microsoft.VisualStudio.QualityTools.Tips.UnitTest.Adapter, Version=10.0.0.0, Culture=neutral, PublicKeyToken=b03f5f7f11d50a3a" className="TestSudoku.SudokuPuzzleTest, TestSudoku, Version=1.0.0.0, Culture=neutral, PublicKeyToken=null" name="UncoverCountBySubSquareTest" />
    </UnitTest>
    <UnitTest name="GetSolutionTest" storage="c:\bruce n\programming\sudoku\testsudoku\bin\debug\testsudoku.dll" id="dd354d43-207a-04dc-f6e6-9f0e1d3caca6">
      <Execution id="6e9e7dde-23bd-4496-9940-5eda723c385d" />
      <TestMethod codeBase="C:/Bruce N/Programming/Sudoku/TestSudoku/bin/Debug/TestSudoku.DLL" adapterTypeName="Microsoft.VisualStudio.TestTools.TestTypes.Unit.UnitTestAdapter, Microsoft.VisualStudio.QualityTools.Tips.UnitTest.Adapter, Version=10.0.0.0, Culture=neutral, PublicKeyToken=b03f5f7f11d50a3a" className="TestSudoku.SudokuSolverTest, TestSudoku, Version=1.0.0.0, Culture=neutral, PublicKeyToken=null" name="GetSolutionTest" />
    </UnitTest>
    <UnitTest name="UncoverPuzzleTest" storage="c:\bruce n\programming\sudoku\testsudoku\bin\debug\testsudoku.dll" id="f119344a-ebb5-6c1f-e7e3-badfde644137">
      <DeploymentItems>
        <DeploymentItem filename="Sudoku.dll" />
      </DeploymentItems>
      <Execution id="e0f3d12e-4573-4e1d-8d32-93fc0ba7ba98" />
      <TestMethod codeBase="C:/Bruce N/Programming/Sudoku/TestSudoku/bin/Debug/TestSudoku.DLL" adapterTypeName="Microsoft.VisualStudio.TestTools.TestTypes.Unit.UnitTestAdapter, Microsoft.VisualStudio.QualityTools.Tips.UnitTest.Adapter, Version=10.0.0.0, Culture=neutral, PublicKeyToken=b03f5f7f11d50a3a" className="TestSudoku.SudokuPuzzleNewTest, TestSudoku, Version=1.0.0.0, Culture=neutral, PublicKeyToken=null" name="UncoverPuzzleTest" />
    </UnitTest>
    <UnitTest name="Step2UseSingletonsTest" storage="c:\bruce n\programming\sudoku\testsudoku\bin\debug\testsudoku.dll" id="aabce983-0847-8133-b6b4-ae8b0475dffb">
      <DeploymentItems>
        <DeploymentItem filename="Sudoku.dll" />
      </DeploymentItems>
      <Execution id="ec332bc2-94c7-4b95-9b23-6f27b934c6b2" />
      <TestMethod codeBase="C:/Bruce N/Programming/Sudoku/TestSudoku/bin/Debug/TestSudoku.DLL" adapterTypeName="Microsoft.VisualStudio.TestTools.TestTypes.Unit.UnitTestAdapter, Microsoft.VisualStudio.QualityTools.Tips.UnitTest.Adapter, Version=10.0.0.0, Culture=neutral, PublicKeyToken=b03f5f7f11d50a3a" className="TestSudoku.SudokuSolverTest, TestSudoku, Version=1.0.0.0, Culture=neutral, PublicKeyToken=null" name="Step2UseSingletonsTest" />
    </UnitTest>
    <UnitTest name="SudokuPuzzleConstructorTest" storage="c:\bruce n\programming\sudoku\testsudoku\bin\debug\testsudoku.dll" id="cbaf69e5-bb1d-8df0-d456-f15e409b1c45">
      <Execution id="00726a9b-1f66-4e45-ae28-6fb9d9c3f3ab" />
      <TestMethod codeBase="C:/Bruce N/Programming/Sudoku/TestSudoku/bin/Debug/TestSudoku.DLL" adapterTypeName="Microsoft.VisualStudio.TestTools.TestTypes.Unit.UnitTestAdapter, Microsoft.VisualStudio.QualityTools.Tips.UnitTest.Adapter, Version=10.0.0.0, Culture=neutral, PublicKeyToken=b03f5f7f11d50a3a" className="TestSudoku.SudokuPuzzleTest, TestSudoku, Version=1.0.0.0, Culture=neutral, PublicKeyToken=null" name="SudokuPuzzleConstructorTest" />
    </UnitTest>
    <UnitTest name="SolutionTest" storage="c:\bruce n\programming\sudoku\testsudoku\bin\debug\testsudoku.dll" id="5d0fcccf-e658-4e6b-4430-bef52b2023b8">
      <DeploymentItems>
        <DeploymentItem filename="Sudoku.dll" />
      </DeploymentItems>
      <Execution id="91e41321-b7e9-4020-98de-1b2e1a8d49cd" />
      <TestMethod codeBase="C:/Bruce N/Programming/Sudoku/TestSudoku/bin/Debug/TestSudoku.DLL" adapterTypeName="Microsoft.VisualStudio.TestTools.TestTypes.Unit.UnitTestAdapter, Microsoft.VisualStudio.QualityTools.Tips.UnitTest.Adapter, Version=10.0.0.0, Culture=neutral, PublicKeyToken=b03f5f7f11d50a3a" className="TestSudoku.SudokuPuzzleNewTest, TestSudoku, Version=1.0.0.0, Culture=neutral, PublicKeyToken=null" name="SolutionTest" />
    </UnitTest>
    <UnitTest name="RandomlyUncoverSquaresTest" storage="c:\bruce n\programming\sudoku\testsudoku\bin\debug\testsudoku.dll" id="e2097ad3-0a1f-892e-c6aa-0058407be6ec">
      <DeploymentItems>
        <DeploymentItem filename="Sudoku.dll" />
      </DeploymentItems>
      <Execution id="ffe8059c-d233-46e7-8380-07c6ec5fe247" />
      <TestMethod codeBase="C:/Bruce N/Programming/Sudoku/TestSudoku/bin/Debug/TestSudoku.DLL" adapterTypeName="Microsoft.VisualStudio.TestTools.TestTypes.Unit.UnitTestAdapter, Microsoft.VisualStudio.QualityTools.Tips.UnitTest.Adapter, Version=10.0.0.0, Culture=neutral, PublicKeyToken=b03f5f7f11d50a3a" className="TestSudoku.SudokuPuzzleNewTest, TestSudoku, Version=1.0.0.0, Culture=neutral, PublicKeyToken=null" name="RandomlyUncoverSquaresTest" />
    </UnitTest>
    <UnitTest name="EliminateGuessesTest" storage="c:\bruce n\programming\sudoku\testsudoku\bin\debug\testsudoku.dll" id="486b0a80-0a49-67de-680c-77fefbf9cb23">
      <DeploymentItems>
        <DeploymentItem filename="Sudoku.dll" />
      </DeploymentItems>
      <Execution id="aa26a0a5-f3b6-4e48-8a54-b44762b3a88c" />
      <TestMethod codeBase="C:/Bruce N/Programming/Sudoku/TestSudoku/bin/Debug/TestSudoku.DLL" adapterTypeName="Microsoft.VisualStudio.TestTools.TestTypes.Unit.UnitTestAdapter, Microsoft.VisualStudio.QualityTools.Tips.UnitTest.Adapter, Version=10.0.0.0, Culture=neutral, PublicKeyToken=b03f5f7f11d50a3a" className="TestSudoku.SudokuPuzzleNewTest, TestSudoku, Version=1.0.0.0, Culture=neutral, PublicKeyToken=null" name="EliminateGuessesTest" />
    </UnitTest>
    <UnitTest name="SetSolutionTest" storage="c:\bruce n\programming\sudoku\testsudoku\bin\debug\testsudoku.dll" id="b38a9229-d380-9205-8996-ce540170d766">
      <Execution id="a80296b8-a8fb-404b-a5f3-7d07d9e7f70d" />
      <TestMethod codeBase="C:/Bruce N/Programming/Sudoku/TestSudoku/bin/Debug/TestSudoku.DLL" adapterTypeName="Microsoft.VisualStudio.TestTools.TestTypes.Unit.UnitTestAdapter, Microsoft.VisualStudio.QualityTools.Tips.UnitTest.Adapter, Version=10.0.0.0, Culture=neutral, PublicKeyToken=b03f5f7f11d50a3a" className="TestSudoku.SudokuPuzzleNewTest, TestSudoku, Version=1.0.0.0, Culture=neutral, PublicKeyToken=null" name="SetSolutionTest" />
    </UnitTest>
    <UnitTest name="IsValidTest" storage="c:\bruce n\programming\sudoku\testsudoku\bin\debug\testsudoku.dll" id="a5bbbdc5-93ee-df0d-3653-ee172d550aca">
      <DeploymentItems>
        <DeploymentItem filename="Sudoku.dll" />
      </DeploymentItems>
      <Execution id="39e7dc36-61d1-47c1-8278-fcfc5298133f" />
      <TestMethod codeBase="C:/Bruce N/Programming/Sudoku/TestSudoku/bin/Debug/TestSudoku.DLL" adapterTypeName="Microsoft.VisualStudio.TestTools.TestTypes.Unit.UnitTestAdapter, Microsoft.VisualStudio.QualityTools.Tips.UnitTest.Adapter, Version=10.0.0.0, Culture=neutral, PublicKeyToken=b03f5f7f11d50a3a" className="TestSudoku.SudokuSolutionTest, TestSudoku, Version=1.0.0.0, Culture=neutral, PublicKeyToken=null" name="IsValidTest" />
    </UnitTest>
    <UnitTest name="SudokuPuzzleNewConstructorTest1" storage="c:\bruce n\programming\sudoku\testsudoku\bin\debug\testsudoku.dll" id="f1ee73dc-fd2f-150e-0625-01c63e0289ec">
      <Execution id="ca72f860-a450-4bbd-90bd-4757504a6a3f" />
      <TestMethod codeBase="C:/Bruce N/Programming/Sudoku/TestSudoku/bin/Debug/TestSudoku.DLL" adapterTypeName="Microsoft.VisualStudio.TestTools.TestTypes.Unit.UnitTestAdapter, Microsoft.VisualStudio.QualityTools.Tips.UnitTest.Adapter, Version=10.0.0.0, Culture=neutral, PublicKeyToken=b03f5f7f11d50a3a" className="TestSudoku.SudokuPuzzleNewTest, TestSudoku, Version=1.0.0.0, Culture=neutral, PublicKeyToken=null" name="SudokuPuzzleNewConstructorTest1" />
    </UnitTest>
    <UnitTest name="FullSolverTest" storage="c:\bruce n\programming\sudoku\testsudoku\bin\debug\testsudoku.dll" id="486f69e0-56fc-2037-29f3-157fb3ae50a3">
      <Execution id="42a1cfbf-6e03-4bb3-8e9f-a37cf9e7a889" />
      <TestMethod codeBase="C:/Bruce N/Programming/Sudoku/TestSudoku/bin/Debug/TestSudoku.DLL" adapterTypeName="Microsoft.VisualStudio.TestTools.TestTypes.Unit.UnitTestAdapter, Microsoft.VisualStudio.QualityTools.Tips.UnitTest.Adapter, Version=10.0.0.0, Culture=neutral, PublicKeyToken=b03f5f7f11d50a3a" className="TestSudoku.SudokuSolverTest, TestSudoku, Version=1.0.0.0, Culture=neutral, PublicKeyToken=null" name="FullSolverTest" />
    </UnitTest>
    <UnitTest name="FindSolutionTest" storage="c:\bruce n\programming\sudoku\testsudoku\bin\debug\testsudoku.dll" id="c786f71b-7d10-1c2a-4b32-86a35b6a4f84">
      <DeploymentItems>
        <DeploymentItem filename="Sudoku.dll" />
      </DeploymentItems>
      <Execution id="9065eb05-a1d5-4f39-9961-29f57265f8b5" />
      <TestMethod codeBase="C:/Bruce N/Programming/Sudoku/TestSudoku/bin/Debug/TestSudoku.DLL" adapterTypeName="Microsoft.VisualStudio.TestTools.TestTypes.Unit.UnitTestAdapter, Microsoft.VisualStudio.QualityTools.Tips.UnitTest.Adapter, Version=10.0.0.0, Culture=neutral, PublicKeyToken=b03f5f7f11d50a3a" className="TestSudoku.SudokuSolverTest, TestSudoku, Version=1.0.0.0, Culture=neutral, PublicKeyToken=null" name="FindSolutionTest" />
    </UnitTest>
    <UnitTest name="UncoverPuzzleTest" storage="c:\bruce n\programming\sudoku\testsudoku\bin\debug\testsudoku.dll" id="b101bcbb-27a3-55ce-2dd9-0f0f3a5bb264">
      <DeploymentItems>
        <DeploymentItem filename="Sudoku.dll" />
      </DeploymentItems>
      <Execution id="c7fc1403-650e-424e-98cb-c66e82e9da79" />
      <TestMethod codeBase="C:/Bruce N/Programming/Sudoku/TestSudoku/bin/Debug/TestSudoku.DLL" adapterTypeName="Microsoft.VisualStudio.TestTools.TestTypes.Unit.UnitTestAdapter, Microsoft.VisualStudio.QualityTools.Tips.UnitTest.Adapter, Version=10.0.0.0, Culture=neutral, PublicKeyToken=b03f5f7f11d50a3a" className="TestSudoku.SudokuPuzzleTest, TestSudoku, Version=1.0.0.0, Culture=neutral, PublicKeyToken=null" name="UncoverPuzzleTest" />
    </UnitTest>
    <UnitTest name="AttemptSetSudokuArrayTest" storage="c:\bruce n\programming\sudoku\testsudoku\bin\debug\testsudoku.dll" id="91db702d-a069-121c-623e-6db4435b1aba">
      <DeploymentItems>
        <DeploymentItem filename="Sudoku.dll" />
      </DeploymentItems>
      <Execution id="8a2b1754-a950-49b7-b037-a5aae0c0bec3" />
      <TestMethod codeBase="C:/Bruce N/Programming/Sudoku/TestSudoku/bin/Debug/TestSudoku.DLL" adapterTypeName="Microsoft.VisualStudio.TestTools.TestTypes.Unit.UnitTestAdapter, Microsoft.VisualStudio.QualityTools.Tips.UnitTest.Adapter, Version=10.0.0.0, Culture=neutral, PublicKeyToken=b03f5f7f11d50a3a" className="TestSudoku.SudokuSolutionTest, TestSudoku, Version=1.0.0.0, Culture=neutral, PublicKeyToken=null" name="AttemptSetSudokuArrayTest" />
    </UnitTest>
    <UnitTest name="TestUnsolveableToTrivalTransition" storage="c:\bruce n\programming\sudoku\testsudoku\bin\debug\testsudoku.dll" id="eb717bdb-b632-ea94-6daf-0927684c8ade">
      <DeploymentItems>
        <DeploymentItem filename="Sudoku.dll" />
      </DeploymentItems>
      <Execution id="dbedfa8a-ed67-48cd-b300-4c9ac3f9da59" />
      <TestMethod codeBase="C:/Bruce N/Programming/Sudoku/TestSudoku/bin/Debug/TestSudoku.DLL" adapterTypeName="Microsoft.VisualStudio.TestTools.TestTypes.Unit.UnitTestAdapter, Microsoft.VisualStudio.QualityTools.Tips.UnitTest.Adapter, Version=10.0.0.0, Culture=neutral, PublicKeyToken=b03f5f7f11d50a3a" className="TestSudoku.SudokuPuzzleTest, TestSudoku, Version=1.0.0.0, Culture=neutral, PublicKeyToken=null" name="TestUnsolveableToTrivalTransition" />
    </UnitTest>
    <UnitTest name="SudokuPuzzleNewConstructorTest" storage="c:\bruce n\programming\sudoku\testsudoku\bin\debug\testsudoku.dll" id="aa75c770-e555-1b8d-0ce3-f2cb0f774ab7">
      <Execution id="5f23323b-140e-4c6a-9aa0-f6dd0e064d58" />
      <TestMethod codeBase="C:/Bruce N/Programming/Sudoku/TestSudoku/bin/Debug/TestSudoku.DLL" adapterTypeName="Microsoft.VisualStudio.TestTools.TestTypes.Unit.UnitTestAdapter, Microsoft.VisualStudio.QualityTools.Tips.UnitTest.Adapter, Version=10.0.0.0, Culture=neutral, PublicKeyToken=b03f5f7f11d50a3a" className="TestSudoku.SudokuPuzzleNewTest, TestSudoku, Version=1.0.0.0, Culture=neutral, PublicKeyToken=null" name="SudokuPuzzleNewConstructorTest" />
    </UnitTest>
    <UnitTest name="SudokuGridConstructorTest" storage="c:\bruce n\programming\sudoku\testsudoku\bin\debug\testsudoku.dll" id="4a57bcbc-c2e0-21d9-7139-dd191b24dab5">
      <Execution id="98f29094-a1bf-4ca5-85de-91bcc1da64f2" />
      <TestMethod codeBase="C:/Bruce N/Programming/Sudoku/TestSudoku/bin/Debug/TestSudoku.DLL" adapterTypeName="Microsoft.VisualStudio.TestTools.TestTypes.Unit.UnitTestAdapter, Microsoft.VisualStudio.QualityTools.Tips.UnitTest.Adapter, Version=10.0.0.0, Culture=neutral, PublicKeyToken=b03f5f7f11d50a3a" className="TestSudoku.SudokuSolutionTest, TestSudoku, Version=1.0.0.0, Culture=neutral, PublicKeyToken=null" name="SudokuGridConstructorTest" />
    </UnitTest>
    <UnitTest name="SudokuSolverConstructorTest" storage="c:\bruce n\programming\sudoku\testsudoku\bin\debug\testsudoku.dll" id="67db4d28-f094-a340-ae25-66f3a5741beb">
      <Execution id="93cb1540-90b6-4c16-a653-565451238cfb" />
      <TestMethod codeBase="C:/Bruce N/Programming/Sudoku/TestSudoku/bin/Debug/TestSudoku.DLL" adapterTypeName="Microsoft.VisualStudio.TestTools.TestTypes.Unit.UnitTestAdapter, Microsoft.VisualStudio.QualityTools.Tips.UnitTest.Adapter, Version=10.0.0.0, Culture=neutral, PublicKeyToken=b03f5f7f11d50a3a" className="TestSudoku.SudokuSolverTest, TestSudoku, Version=1.0.0.0, Culture=neutral, PublicKeyToken=null" name="SudokuSolverConstructorTest" />
    </UnitTest>
    <UnitTest name="SingletonsByColumnTest" storage="c:\bruce n\programming\sudoku\testsudoku\bin\debug\testsudoku.dll" id="ebf6dfdb-90cf-f38c-6018-faa540ba0d72">
      <DeploymentItems>
        <DeploymentItem filename="Sudoku.dll" />
      </DeploymentItems>
      <Execution id="528dce74-e98b-4f7d-abb9-336506618415" />
      <TestMethod codeBase="C:/Bruce N/Programming/Sudoku/TestSudoku/bin/Debug/TestSudoku.DLL" adapterTypeName="Microsoft.VisualStudio.TestTools.TestTypes.Unit.UnitTestAdapter, Microsoft.VisualStudio.QualityTools.Tips.UnitTest.Adapter, Version=10.0.0.0, Culture=neutral, PublicKeyToken=b03f5f7f11d50a3a" className="TestSudoku.SudokuSolverTest, TestSudoku, Version=1.0.0.0, Culture=neutral, PublicKeyToken=null" name="SingletonsByColumnTest" />
    </UnitTest>
    <UnitTest name="MakeCopyTest" storage="c:\bruce n\programming\sudoku\testsudoku\bin\debug\testsudoku.dll" id="bc6cc949-a9b9-986d-2e2e-93bd454a56b0">
      <DeploymentItems>
        <DeploymentItem filename="Sudoku.dll" />
      </DeploymentItems>
      <Execution id="0d338d44-d416-42c2-b41f-a6a1a95d37c3" />
      <TestMethod codeBase="C:/Bruce N/Programming/Sudoku/TestSudoku/bin/Debug/TestSudoku.DLL" adapterTypeName="Microsoft.VisualStudio.TestTools.TestTypes.Unit.UnitTestAdapter, Microsoft.VisualStudio.QualityTools.Tips.UnitTest.Adapter, Version=10.0.0.0, Culture=neutral, PublicKeyToken=b03f5f7f11d50a3a" className="TestSudoku.SudokuSolutionTest, TestSudoku, Version=1.0.0.0, Culture=neutral, PublicKeyToken=null" name="MakeCopyTest" />
    </UnitTest>
    <UnitTest name="WriteOutSudokuGridTest" storage="c:\bruce n\programming\sudoku\testsudoku\bin\debug\testsudoku.dll" id="933e71ec-78d1-7194-9f14-c69be4833ba2">
      <Execution id="0c22c9cc-407a-46fc-9c79-bc42436a940f" />
      <TestMethod codeBase="C:/Bruce N/Programming/Sudoku/TestSudoku/bin/Debug/TestSudoku.DLL" adapterTypeName="Microsoft.VisualStudio.TestTools.TestTypes.Unit.UnitTestAdapter, Microsoft.VisualStudio.QualityTools.Tips.UnitTest.Adapter, Version=10.0.0.0, Culture=neutral, PublicKeyToken=b03f5f7f11d50a3a" className="TestSudoku.SudokuGridTest, TestSudoku, Version=1.0.0.0, Culture=neutral, PublicKeyToken=null" name="WriteOutSudokuGridTest" />
    </UnitTest>
    <UnitTest name="InitializePuzzleTest" storage="c:\bruce n\programming\sudoku\testsudoku\bin\debug\testsudoku.dll" id="cc1f28d6-a78b-5ee1-c776-ef3cb24e1adb">
      <DeploymentItems>
        <DeploymentItem filename="Sudoku.dll" />
      </DeploymentItems>
      <Execution id="718c03bf-a97b-4fc5-906e-d5035b59e4e5" />
      <TestMethod codeBase="C:/Bruce N/Programming/Sudoku/TestSudoku/bin/Debug/TestSudoku.DLL" adapterTypeName="Microsoft.VisualStudio.TestTools.TestTypes.Unit.UnitTestAdapter, Microsoft.VisualStudio.QualityTools.Tips.UnitTest.Adapter, Version=10.0.0.0, Culture=neutral, PublicKeyToken=b03f5f7f11d50a3a" className="TestSudoku.SudokuPuzzleNewTest, TestSudoku, Version=1.0.0.0, Culture=neutral, PublicKeyToken=null" name="InitializePuzzleTest" />
    </UnitTest>
    <UnitTest name="ClearGuessesTest" storage="c:\bruce n\programming\sudoku\testsudoku\bin\debug\testsudoku.dll" id="d9abdf13-ae54-2612-e87c-d5a061e44053">
      <DeploymentItems>
        <DeploymentItem filename="Sudoku.dll" />
      </DeploymentItems>
      <Execution id="6ba99c5e-286b-4513-8bdc-4baaff659d4b" />
      <TestMethod codeBase="C:/Bruce N/Programming/Sudoku/TestSudoku/bin/Debug/TestSudoku.DLL" adapterTypeName="Microsoft.VisualStudio.TestTools.TestTypes.Unit.UnitTestAdapter, Microsoft.VisualStudio.QualityTools.Tips.UnitTest.Adapter, Version=10.0.0.0, Culture=neutral, PublicKeyToken=b03f5f7f11d50a3a" className="TestSudoku.SudokuPuzzleNewTest, TestSudoku, Version=1.0.0.0, Culture=neutral, PublicKeyToken=null" name="ClearGuessesTest" />
    </UnitTest>
    <UnitTest name="FindValidNumberForTest" storage="c:\bruce n\programming\sudoku\testsudoku\bin\debug\testsudoku.dll" id="c37c5030-5bf8-5a4d-859d-184581b22311">
      <DeploymentItems>
        <DeploymentItem filename="Sudoku.dll" />
      </DeploymentItems>
      <Execution id="0bdf69f9-2a60-4de1-af82-e4a27c7590f0" />
      <TestMethod codeBase="C:/Bruce N/Programming/Sudoku/TestSudoku/bin/Debug/TestSudoku.DLL" adapterTypeName="Microsoft.VisualStudio.TestTools.TestTypes.Unit.UnitTestAdapter, Microsoft.VisualStudio.QualityTools.Tips.UnitTest.Adapter, Version=10.0.0.0, Culture=neutral, PublicKeyToken=b03f5f7f11d50a3a" className="TestSudoku.SudokuSolutionTest, TestSudoku, Version=1.0.0.0, Culture=neutral, PublicKeyToken=null" name="FindValidNumberForTest" />
    </UnitTest>
    <UnitTest name="TestProblemsWithStep3FindPairs" storage="c:\bruce n\programming\sudoku\testsudoku\bin\debug\testsudoku.dll" id="50d73d16-c467-1990-6c2f-20f749cde691">
      <DeploymentItems>
        <DeploymentItem filename="Sudoku.dll" />
      </DeploymentItems>
      <Execution id="0a2f7081-6a50-46e3-9c1a-8b47f0c048e3" />
      <TestMethod codeBase="C:/Bruce N/Programming/Sudoku/TestSudoku/bin/Debug/TestSudoku.DLL" adapterTypeName="Microsoft.VisualStudio.TestTools.TestTypes.Unit.UnitTestAdapter, Microsoft.VisualStudio.QualityTools.Tips.UnitTest.Adapter, Version=10.0.0.0, Culture=neutral, PublicKeyToken=b03f5f7f11d50a3a" className="TestSudoku.SudokuSolverTest, TestSudoku, Version=1.0.0.0, Culture=neutral, PublicKeyToken=null" name="TestProblemsWithStep3FindPairs" />
    </UnitTest>
    <UnitTest name="ProcessSingletonByColumnTest" storage="c:\bruce n\programming\sudoku\testsudoku\bin\debug\testsudoku.dll" id="f0d8d23e-83ba-003c-4577-8c8139e80124">
      <DeploymentItems>
        <DeploymentItem filename="Sudoku.dll" />
      </DeploymentItems>
      <Execution id="c76ae8d7-a392-4414-b44f-5dfd881a69d7" />
      <TestMethod codeBase="C:/Bruce N/Programming/Sudoku/TestSudoku/bin/Debug/TestSudoku.DLL" adapterTypeName="Microsoft.VisualStudio.TestTools.TestTypes.Unit.UnitTestAdapter, Microsoft.VisualStudio.QualityTools.Tips.UnitTest.Adapter, Version=10.0.0.0, Culture=neutral, PublicKeyToken=b03f5f7f11d50a3a" className="TestSudoku.SudokuPuzzleNewTest, TestSudoku, Version=1.0.0.0, Culture=neutral, PublicKeyToken=null" name="ProcessSingletonByColumnTest" />
    </UnitTest>
    <UnitTest name="SingletonsByRowTest" storage="c:\bruce n\programming\sudoku\testsudoku\bin\debug\testsudoku.dll" id="6b9b857f-bbd3-0295-780c-7d7ce180e683">
      <DeploymentItems>
        <DeploymentItem filename="Sudoku.dll" />
      </DeploymentItems>
      <Execution id="44cab842-6673-4520-b603-557c529b5919" />
      <TestMethod codeBase="C:/Bruce N/Programming/Sudoku/TestSudoku/bin/Debug/TestSudoku.DLL" adapterTypeName="Microsoft.VisualStudio.TestTools.TestTypes.Unit.UnitTestAdapter, Microsoft.VisualStudio.QualityTools.Tips.UnitTest.Adapter, Version=10.0.0.0, Culture=neutral, PublicKeyToken=b03f5f7f11d50a3a" className="TestSudoku.SudokuSolverTest, TestSudoku, Version=1.0.0.0, Culture=neutral, PublicKeyToken=null" name="SingletonsByRowTest" />
    </UnitTest>
    <UnitTest name="SingletonsBySubSquareTest" storage="c:\bruce n\programming\sudoku\testsudoku\bin\debug\testsudoku.dll" id="aced5c0b-e025-ba3d-7667-29ac179ec14c">
      <DeploymentItems>
        <DeploymentItem filename="Sudoku.dll" />
      </DeploymentItems>
      <Execution id="c60fb950-835b-45eb-bf9e-19c7616ccd53" />
      <TestMethod codeBase="C:/Bruce N/Programming/Sudoku/TestSudoku/bin/Debug/TestSudoku.DLL" adapterTypeName="Microsoft.VisualStudio.TestTools.TestTypes.Unit.UnitTestAdapter, Microsoft.VisualStudio.QualityTools.Tips.UnitTest.Adapter, Version=10.0.0.0, Culture=neutral, PublicKeyToken=b03f5f7f11d50a3a" className="TestSudoku.SudokuPuzzleNewTest, TestSudoku, Version=1.0.0.0, Culture=neutral, PublicKeyToken=null" name="SingletonsBySubSquareTest" />
    </UnitTest>
    <UnitTest name="NextSquareTest" storage="c:\bruce n\programming\sudoku\testsudoku\bin\debug\testsudoku.dll" id="88f57e9b-c6f8-a8c9-6bd0-511ff05cfb16">
      <DeploymentItems>
        <DeploymentItem filename="Sudoku.dll" />
      </DeploymentItems>
      <Execution id="40710b59-3a2b-47f0-97c6-517e7e3d70ed" />
      <TestMethod codeBase="C:/Bruce N/Programming/Sudoku/TestSudoku/bin/Debug/TestSudoku.DLL" adapterTypeName="Microsoft.VisualStudio.TestTools.TestTypes.Unit.UnitTestAdapter, Microsoft.VisualStudio.QualityTools.Tips.UnitTest.Adapter, Version=10.0.0.0, Culture=neutral, PublicKeyToken=b03f5f7f11d50a3a" className="TestSudoku.SudokuSolutionTest, TestSudoku, Version=1.0.0.0, Culture=neutral, PublicKeyToken=null" name="NextSquareTest" />
    </UnitTest>
    <UnitTest name="AssessDifficultyTest" storage="c:\bruce n\programming\sudoku\testsudoku\bin\debug\testsudoku.dll" id="80155721-06d3-979c-8f6d-29dc41f17ef1">
      <Execution id="7fab24e9-3579-4c48-8aed-03c01fead5be" />
      <TestMethod codeBase="C:/Bruce N/Programming/Sudoku/TestSudoku/bin/Debug/TestSudoku.DLL" adapterTypeName="Microsoft.VisualStudio.TestTools.TestTypes.Unit.UnitTestAdapter, Microsoft.VisualStudio.QualityTools.Tips.UnitTest.Adapter, Version=10.0.0.0, Culture=neutral, PublicKeyToken=b03f5f7f11d50a3a" className="TestSudoku.SudokuPuzzleTest, TestSudoku, Version=1.0.0.0, Culture=neutral, PublicKeyToken=null" name="AssessDifficultyTest" />
    </UnitTest>
    <UnitTest name="SingletonsBySubsquareTest" storage="c:\bruce n\programming\sudoku\testsudoku\bin\debug\testsudoku.dll" id="1a1703db-8eff-c9cf-7c21-727ed5f67909">
      <DeploymentItems>
        <DeploymentItem filename="Sudoku.dll" />
      </DeploymentItems>
      <Execution id="f4bbc610-d983-4b07-9509-e10e7bdc713a" />
      <TestMethod codeBase="C:/Bruce N/Programming/Sudoku/TestSudoku/bin/Debug/TestSudoku.DLL" adapterTypeName="Microsoft.VisualStudio.TestTools.TestTypes.Unit.UnitTestAdapter, Microsoft.VisualStudio.QualityTools.Tips.UnitTest.Adapter, Version=10.0.0.0, Culture=neutral, PublicKeyToken=b03f5f7f11d50a3a" className="TestSudoku.SudokuSolverTest, TestSudoku, Version=1.0.0.0, Culture=neutral, PublicKeyToken=null" name="SingletonsBySubsquareTest" />
    </UnitTest>
    <UnitTest name="InitializePuzzleTest" storage="c:\bruce n\programming\sudoku\testsudoku\bin\debug\testsudoku.dll" id="464cd04b-06f9-910c-d478-a5fa37cd2247">
      <DeploymentItems>
        <DeploymentItem filename="Sudoku.dll" />
      </DeploymentItems>
      <Execution id="3e17dee4-e1ab-45ef-8960-360cc730acb0" />
      <TestMethod codeBase="C:/Bruce N/Programming/Sudoku/TestSudoku/bin/Debug/TestSudoku.DLL" adapterTypeName="Microsoft.VisualStudio.TestTools.TestTypes.Unit.UnitTestAdapter, Microsoft.VisualStudio.QualityTools.Tips.UnitTest.Adapter, Version=10.0.0.0, Culture=neutral, PublicKeyToken=b03f5f7f11d50a3a" className="TestSudoku.SudokuPuzzleTest, TestSudoku, Version=1.0.0.0, Culture=neutral, PublicKeyToken=null" name="InitializePuzzleTest" />
    </UnitTest>
    <UnitTest name="ProcessSingletonByRowTest" storage="c:\bruce n\programming\sudoku\testsudoku\bin\debug\testsudoku.dll" id="db389166-8d20-0e20-66f8-9fc1731120ff">
      <DeploymentItems>
        <DeploymentItem filename="Sudoku.dll" />
      </DeploymentItems>
      <Execution id="4b0a66a4-5d2e-4d5b-91ab-7ef13e211f76" />
      <TestMethod codeBase="C:/Bruce N/Programming/Sudoku/TestSudoku/bin/Debug/TestSudoku.DLL" adapterTypeName="Microsoft.VisualStudio.TestTools.TestTypes.Unit.UnitTestAdapter, Microsoft.VisualStudio.QualityTools.Tips.UnitTest.Adapter, Version=10.0.0.0, Culture=neutral, PublicKeyToken=b03f5f7f11d50a3a" className="TestSudoku.SudokuPuzzleNewTest, TestSudoku, Version=1.0.0.0, Culture=neutral, PublicKeyToken=null" name="ProcessSingletonByRowTest" />
    </UnitTest>
    <UnitTest name="MaxDifficultyTest" storage="c:\bruce n\programming\sudoku\testsudoku\bin\debug\testsudoku.dll" id="0b5c5a05-8808-1e13-2bf6-c395469abafa">
      <Execution id="e4e59f5d-328f-4e58-be32-e84c9fc1d10a" />
      <TestMethod codeBase="C:/Bruce N/Programming/Sudoku/TestSudoku/bin/Debug/TestSudoku.DLL" adapterTypeName="Microsoft.VisualStudio.TestTools.TestTypes.Unit.UnitTestAdapter, Microsoft.VisualStudio.QualityTools.Tips.UnitTest.Adapter, Version=10.0.0.0, Culture=neutral, PublicKeyToken=b03f5f7f11d50a3a" className="TestSudoku.SudokuPuzzleNewTest, TestSudoku, Version=1.0.0.0, Culture=neutral, PublicKeyToken=null" name="MaxDifficultyTest" />
    </UnitTest>
    <UnitTest name="TestSingletonsToFillInPuzzle" storage="c:\bruce n\programming\sudoku\testsudoku\bin\debug\testsudoku.dll" id="8759e944-8653-b38d-1a0f-ebb1d8b476a9">
      <DeploymentItems>
        <DeploymentItem filename="Sudoku.dll" />
      </DeploymentItems>
      <Execution id="1a8e9edd-d0b0-4181-b0cb-7f3b8ed2a9a7" />
      <TestMethod codeBase="C:/Bruce N/Programming/Sudoku/TestSudoku/bin/Debug/TestSudoku.DLL" adapterTypeName="Microsoft.VisualStudio.TestTools.TestTypes.Unit.UnitTestAdapter, Microsoft.VisualStudio.QualityTools.Tips.UnitTest.Adapter, Version=10.0.0.0, Culture=neutral, PublicKeyToken=b03f5f7f11d50a3a" className="TestSudoku.SudokuPuzzleTest, TestSudoku, Version=1.0.0.0, Culture=neutral, PublicKeyToken=null" name="TestSingletonsToFillInPuzzle" />
    </UnitTest>
    <UnitTest name="DifficultyLevelTest" storage="c:\bruce n\programming\sudoku\testsudoku\bin\debug\testsudoku.dll" id="7b1184f2-6210-8f2c-db67-fcb554f7c797">
      <Execution id="45122fed-51ab-427e-ae2d-bbd46b3c7224" />
      <TestMethod codeBase="C:/Bruce N/Programming/Sudoku/TestSudoku/bin/Debug/TestSudoku.DLL" adapterTypeName="Microsoft.VisualStudio.TestTools.TestTypes.Unit.UnitTestAdapter, Microsoft.VisualStudio.QualityTools.Tips.UnitTest.Adapter, Version=10.0.0.0, Culture=neutral, PublicKeyToken=b03f5f7f11d50a3a" className="TestSudoku.SudokuSolverTest, TestSudoku, Version=1.0.0.0, Culture=neutral, PublicKeyToken=null" name="DifficultyLevelTest" />
    </UnitTest>
    <UnitTest name="SetSudokuArrayTest" storage="c:\bruce n\programming\sudoku\testsudoku\bin\debug\testsudoku.dll" id="8828e05c-a42f-e363-e341-6794a476517b">
      <DeploymentItems>
        <DeploymentItem filename="Sudoku.dll" />
      </DeploymentItems>
      <Execution id="76aef731-8558-461f-a1ea-0bf28b68f8fb" />
      <TestMethod codeBase="C:/Bruce N/Programming/Sudoku/TestSudoku/bin/Debug/TestSudoku.DLL" adapterTypeName="Microsoft.VisualStudio.TestTools.TestTypes.Unit.UnitTestAdapter, Microsoft.VisualStudio.QualityTools.Tips.UnitTest.Adapter, Version=10.0.0.0, Culture=neutral, PublicKeyToken=b03f5f7f11d50a3a" className="TestSudoku.SudokuSolutionTest, TestSudoku, Version=1.0.0.0, Culture=neutral, PublicKeyToken=null" name="SetSudokuArrayTest" />
    </UnitTest>
    <UnitTest name="TestSudokuSolutionCreation" storage="c:\bruce n\programming\sudoku\testsudoku\bin\debug\testsudoku.dll" id="c2bb07ee-ec47-2144-fb15-eb859f70a4fb">
      <Execution id="b5c251fb-485e-4d6e-8efa-a6aef0f46f25" />
      <TestMethod codeBase="C:/Bruce N/Programming/Sudoku/TestSudoku/bin/Debug/TestSudoku.DLL" adapterTypeName="Microsoft.VisualStudio.TestTools.TestTypes.Unit.UnitTestAdapter, Microsoft.VisualStudio.QualityTools.Tips.UnitTest.Adapter, Version=10.0.0.0, Culture=neutral, PublicKeyToken=b03f5f7f11d50a3a" className="TestSudoku.TestCreateSudoku, TestSudoku, Version=1.0.0.0, Culture=neutral, PublicKeyToken=null" name="TestSudokuSolutionCreation" />
    </UnitTest>
    <UnitTest name="Step3UsePairsTest" storage="c:\bruce n\programming\sudoku\testsudoku\bin\debug\testsudoku.dll" id="04491180-eae4-f06f-187d-ebc0638faa7d">
      <DeploymentItems>
        <DeploymentItem filename="Sudoku.dll" />
      </DeploymentItems>
      <Execution id="6b4b5346-f690-443e-ba57-8db4a269c6a0" />
      <TestMethod codeBase="C:/Bruce N/Programming/Sudoku/TestSudoku/bin/Debug/TestSudoku.DLL" adapterTypeName="Microsoft.VisualStudio.TestTools.TestTypes.Unit.UnitTestAdapter, Microsoft.VisualStudio.QualityTools.Tips.UnitTest.Adapter, Version=10.0.0.0, Culture=neutral, PublicKeyToken=b03f5f7f11d50a3a" className="TestSudoku.SudokuSolverTest, TestSudoku, Version=1.0.0.0, Culture=neutral, PublicKeyToken=null" name="Step3UsePairsTest" />
    </UnitTest>
    <UnitTest name="FindSolveablePuzzleTest" storage="c:\bruce n\programming\sudoku\testsudoku\bin\debug\testsudoku.dll" id="8a2dec74-abc6-a0c9-7c0e-21c6df6bc9b0">
      <DeploymentItems>
        <DeploymentItem filename="Sudoku.dll" />
      </DeploymentItems>
      <Execution id="4675c283-00df-47ea-a261-1da3324368b6" />
      <TestMethod codeBase="C:/Bruce N/Programming/Sudoku/TestSudoku/bin/Debug/TestSudoku.DLL" adapterTypeName="Microsoft.VisualStudio.TestTools.TestTypes.Unit.UnitTestAdapter, Microsoft.VisualStudio.QualityTools.Tips.UnitTest.Adapter, Version=10.0.0.0, Culture=neutral, PublicKeyToken=b03f5f7f11d50a3a" className="TestSudoku.SudokuPuzzleTest, TestSudoku, Version=1.0.0.0, Culture=neutral, PublicKeyToken=null" name="FindSolveablePuzzleTest" />
    </UnitTest>
    <UnitTest name="DifficultyLevelTest" storage="c:\bruce n\programming\sudoku\testsudoku\bin\debug\testsudoku.dll" id="5b9e93c3-948f-f5f6-9929-816385f9f2c0">
      <Execution id="2c014707-4bf4-4742-93c8-e8462853e039" />
      <TestMethod codeBase="C:/Bruce N/Programming/Sudoku/TestSudoku/bin/Debug/TestSudoku.DLL" adapterTypeName="Microsoft.VisualStudio.TestTools.TestTypes.Unit.UnitTestAdapter, Microsoft.VisualStudio.QualityTools.Tips.UnitTest.Adapter, Version=10.0.0.0, Culture=neutral, PublicKeyToken=b03f5f7f11d50a3a" className="TestSudoku.SudokuPuzzleNewTest, TestSudoku, Version=1.0.0.0, Culture=neutral, PublicKeyToken=null" name="DifficultyLevelTest" />
    </UnitTest>
    <UnitTest name="BackSquareTest" storage="c:\bruce n\programming\sudoku\testsudoku\bin\debug\testsudoku.dll" id="32c2c6f6-2474-8918-6297-2116ff97cfeb">
      <DeploymentItems>
        <DeploymentItem filename="Sudoku.dll" />
      </DeploymentItems>
      <Execution id="67a208dd-a9a8-4300-9702-54242a955a88" />
      <TestMethod codeBase="C:/Bruce N/Programming/Sudoku/TestSudoku/bin/Debug/TestSudoku.DLL" adapterTypeName="Microsoft.VisualStudio.TestTools.TestTypes.Unit.UnitTestAdapter, Microsoft.VisualStudio.QualityTools.Tips.UnitTest.Adapter, Version=10.0.0.0, Culture=neutral, PublicKeyToken=b03f5f7f11d50a3a" className="TestSudoku.SudokuSolutionTest, TestSudoku, Version=1.0.0.0, Culture=neutral, PublicKeyToken=null" name="BackSquareTest" />
    </UnitTest>
    <UnitTest name="ClearGuessesTest" storage="c:\bruce n\programming\sudoku\testsudoku\bin\debug\testsudoku.dll" id="f22be3fe-e6de-c94d-69d0-1f8a2b594bcc">
      <DeploymentItems>
        <DeploymentItem filename="Sudoku.dll" />
      </DeploymentItems>
      <Execution id="a61fd824-719d-4fbe-b7a8-4c3391a0bd07" />
      <TestMethod codeBase="C:/Bruce N/Programming/Sudoku/TestSudoku/bin/Debug/TestSudoku.DLL" adapterTypeName="Microsoft.VisualStudio.TestTools.TestTypes.Unit.UnitTestAdapter, Microsoft.VisualStudio.QualityTools.Tips.UnitTest.Adapter, Version=10.0.0.0, Culture=neutral, PublicKeyToken=b03f5f7f11d50a3a" className="TestSudoku.SudokuSolverTest, TestSudoku, Version=1.0.0.0, Culture=neutral, PublicKeyToken=null" name="ClearGuessesTest" />
    </UnitTest>
    <UnitTest name="UncoverInSubSquareTest" storage="c:\bruce n\programming\sudoku\testsudoku\bin\debug\testsudoku.dll" id="c57d37a4-c06f-80ba-35d3-1145d1503361">
      <DeploymentItems>
        <DeploymentItem filename="Sudoku.dll" />
      </DeploymentItems>
      <Execution id="e3e42e11-1158-4e81-9a64-02f337975f46" />
      <TestMethod codeBase="C:/Bruce N/Programming/Sudoku/TestSudoku/bin/Debug/TestSudoku.DLL" adapterTypeName="Microsoft.VisualStudio.TestTools.TestTypes.Unit.UnitTestAdapter, Microsoft.VisualStudio.QualityTools.Tips.UnitTest.Adapter, Version=10.0.0.0, Culture=neutral, PublicKeyToken=b03f5f7f11d50a3a" className="TestSudoku.SudokuPuzzleTest, TestSudoku, Version=1.0.0.0, Culture=neutral, PublicKeyToken=null" name="UncoverInSubSquareTest" />
    </UnitTest>
    <UnitTest name="UncoverSquareTest" storage="c:\bruce n\programming\sudoku\testsudoku\bin\debug\testsudoku.dll" id="4f503fe4-6f61-d5e2-44b3-da29f635ba86">
      <DeploymentItems>
        <DeploymentItem filename="Sudoku.dll" />
      </DeploymentItems>
      <Execution id="58a77ea7-5a4f-48cf-8821-812c5e4bca44" />
      <TestMethod codeBase="C:/Bruce N/Programming/Sudoku/TestSudoku/bin/Debug/TestSudoku.DLL" adapterTypeName="Microsoft.VisualStudio.TestTools.TestTypes.Unit.UnitTestAdapter, Microsoft.VisualStudio.QualityTools.Tips.UnitTest.Adapter, Version=10.0.0.0, Culture=neutral, PublicKeyToken=b03f5f7f11d50a3a" className="TestSudoku.SudokuPuzzleNewTest, TestSudoku, Version=1.0.0.0, Culture=neutral, PublicKeyToken=null" name="UncoverSquareTest" />
    </UnitTest>
    <UnitTest name="CloneTest" storage="c:\bruce n\programming\sudoku\testsudoku\bin\debug\testsudoku.dll" id="061173eb-fd91-e638-1846-2d2c6c59d224">
      <Execution id="8860c70f-651a-42e7-9052-1a1de5080383" />
      <TestMethod codeBase="C:/Bruce N/Programming/Sudoku/TestSudoku/bin/Debug/TestSudoku.DLL" adapterTypeName="Microsoft.VisualStudio.TestTools.TestTypes.Unit.UnitTestAdapter, Microsoft.VisualStudio.QualityTools.Tips.UnitTest.Adapter, Version=10.0.0.0, Culture=neutral, PublicKeyToken=b03f5f7f11d50a3a" className="TestSudoku.SudokuPuzzleNewTest, TestSudoku, Version=1.0.0.0, Culture=neutral, PublicKeyToken=null" name="CloneTest" />
    </UnitTest>
    <UnitTest name="PairsBySubSquareTest" storage="c:\bruce n\programming\sudoku\testsudoku\bin\debug\testsudoku.dll" id="6088445e-ad5f-0116-dac2-af0a24e5b1e7">
      <DeploymentItems>
        <DeploymentItem filename="Sudoku.dll" />
      </DeploymentItems>
      <Execution id="280f0518-b903-4fe0-ab11-8a610e530864" />
      <TestMethod codeBase="C:/Bruce N/Programming/Sudoku/TestSudoku/bin/Debug/TestSudoku.DLL" adapterTypeName="Microsoft.VisualStudio.TestTools.TestTypes.Unit.UnitTestAdapter, Microsoft.VisualStudio.QualityTools.Tips.UnitTest.Adapter, Version=10.0.0.0, Culture=neutral, PublicKeyToken=b03f5f7f11d50a3a" className="TestSudoku.SudokuSolverTest, TestSudoku, Version=1.0.0.0, Culture=neutral, PublicKeyToken=null" name="PairsBySubSquareTest" />
    </UnitTest>
    <UnitTest name="TotalUncoversTest" storage="c:\bruce n\programming\sudoku\testsudoku\bin\debug\testsudoku.dll" id="2399e5e9-33b2-7f7a-c355-bc5e0c3626d2">
      <DeploymentItems>
        <DeploymentItem filename="Sudoku.dll" />
      </DeploymentItems>
      <Execution id="0a122dd9-2c60-438b-bcd6-42b8fb4185db" />
      <TestMethod codeBase="C:/Bruce N/Programming/Sudoku/TestSudoku/bin/Debug/TestSudoku.DLL" adapterTypeName="Microsoft.VisualStudio.TestTools.TestTypes.Unit.UnitTestAdapter, Microsoft.VisualStudio.QualityTools.Tips.UnitTest.Adapter, Version=10.0.0.0, Culture=neutral, PublicKeyToken=b03f5f7f11d50a3a" className="TestSudoku.SudokuPuzzleTest, TestSudoku, Version=1.0.0.0, Culture=neutral, PublicKeyToken=null" name="TotalUncoversTest" />
    </UnitTest>
    <UnitTest name="Step2UseSingletonsTest" storage="c:\bruce n\programming\sudoku\testsudoku\bin\debug\testsudoku.dll" id="c05b9167-4d3e-9d9b-e8a1-385289ab6fb1">
      <DeploymentItems>
        <DeploymentItem filename="Sudoku.dll" />
      </DeploymentItems>
      <Execution id="d654b03e-4c52-4292-a2b9-5436affc0e45" />
      <TestMethod codeBase="C:/Bruce N/Programming/Sudoku/TestSudoku/bin/Debug/TestSudoku.DLL" adapterTypeName="Microsoft.VisualStudio.TestTools.TestTypes.Unit.UnitTestAdapter, Microsoft.VisualStudio.QualityTools.Tips.UnitTest.Adapter, Version=10.0.0.0, Culture=neutral, PublicKeyToken=b03f5f7f11d50a3a" className="TestSudoku.SudokuPuzzleNewTest, TestSudoku, Version=1.0.0.0, Culture=neutral, PublicKeyToken=null" name="Step2UseSingletonsTest" />
    </UnitTest>
    <UnitTest name="UncoverSquareTest" storage="c:\bruce n\programming\sudoku\testsudoku\bin\debug\testsudoku.dll" id="772b16a3-1ab2-0bee-538a-2e94c347e7a1">
      <DeploymentItems>
        <DeploymentItem filename="Sudoku.dll" />
      </DeploymentItems>
      <Execution id="cda690ce-d6f6-4479-bff6-7436e3b5caac" />
      <TestMethod codeBase="C:/Bruce N/Programming/Sudoku/TestSudoku/bin/Debug/TestSudoku.DLL" adapterTypeName="Microsoft.VisualStudio.TestTools.TestTypes.Unit.UnitTestAdapter, Microsoft.VisualStudio.QualityTools.Tips.UnitTest.Adapter, Version=10.0.0.0, Culture=neutral, PublicKeyToken=b03f5f7f11d50a3a" className="TestSudoku.SudokuPuzzleTest, TestSudoku, Version=1.0.0.0, Culture=neutral, PublicKeyToken=null" name="UncoverSquareTest" />
    </UnitTest>
    <UnitTest name="SudokuPuzzleConstructorTest" storage="c:\bruce n\programming\sudoku\testsudoku\bin\debug\testsudoku.dll" id="b5abfd46-fe33-0abb-11cc-1fe9eba79c0f">
      <Execution id="2cdfaeb6-b437-4363-a1f2-c8d56ce22a32" />
      <TestMethod codeBase="C:/Bruce N/Programming/Sudoku/TestSudoku/bin/Debug/TestSudoku.DLL" adapterTypeName="Microsoft.VisualStudio.TestTools.TestTypes.Unit.UnitTestAdapter, Microsoft.VisualStudio.QualityTools.Tips.UnitTest.Adapter, Version=10.0.0.0, Culture=neutral, PublicKeyToken=b03f5f7f11d50a3a" className="TestSudoku.SudokuPuzzleNewTest, TestSudoku, Version=1.0.0.0, Culture=neutral, PublicKeyToken=null" name="SudokuPuzzleConstructorTest" />
    </UnitTest>
    <UnitTest name="TestSudokuPuzzleSolver" storage="c:\bruce n\programming\sudoku\testsudoku\bin\debug\testsudoku.dll" id="80906e2f-5edd-4386-f241-db74d6472a2a">
      <Execution id="19caf90f-6019-4fdf-903c-124ee6495822" />
      <TestMethod codeBase="C:/Bruce N/Programming/Sudoku/TestSudoku/bin/Debug/TestSudoku.DLL" adapterTypeName="Microsoft.VisualStudio.TestTools.TestTypes.Unit.UnitTestAdapter, Microsoft.VisualStudio.QualityTools.Tips.UnitTest.Adapter, Version=10.0.0.0, Culture=neutral, PublicKeyToken=b03f5f7f11d50a3a" className="TestSudoku.TestCreateSudoku, TestSudoku, Version=1.0.0.0, Culture=neutral, PublicKeyToken=null" name="TestSudokuPuzzleSolver" />
    </UnitTest>
    <UnitTest name="ProcessSingletonBySubSquareTest" storage="c:\bruce n\programming\sudoku\testsudoku\bin\debug\testsudoku.dll" id="a31b5d1d-5145-f3c8-eab2-ef40f677b278">
      <DeploymentItems>
        <DeploymentItem filename="Sudoku.dll" />
      </DeploymentItems>
      <Execution id="5186bf09-0a7c-4667-ad78-2a816469c39b" />
      <TestMethod codeBase="C:/Bruce N/Programming/Sudoku/TestSudoku/bin/Debug/TestSudoku.DLL" adapterTypeName="Microsoft.VisualStudio.TestTools.TestTypes.Unit.UnitTestAdapter, Microsoft.VisualStudio.QualityTools.Tips.UnitTest.Adapter, Version=10.0.0.0, Culture=neutral, PublicKeyToken=b03f5f7f11d50a3a" className="TestSudoku.SudokuPuzzleNewTest, TestSudoku, Version=1.0.0.0, Culture=neutral, PublicKeyToken=null" name="ProcessSingletonBySubSquareTest" />
    </UnitTest>
    <UnitTest name="Step1ApplyNumbersTest" storage="c:\bruce n\programming\sudoku\testsudoku\bin\debug\testsudoku.dll" id="85399043-6158-4f9f-db25-a515117aca42">
      <DeploymentItems>
        <DeploymentItem filename="Sudoku.dll" />
      </DeploymentItems>
      <Execution id="6e28ad5f-e7bf-43cc-a338-d85d82b8f1eb" />
      <TestMethod codeBase="C:/Bruce N/Programming/Sudoku/TestSudoku/bin/Debug/TestSudoku.DLL" adapterTypeName="Microsoft.VisualStudio.TestTools.TestTypes.Unit.UnitTestAdapter, Microsoft.VisualStudio.QualityTools.Tips.UnitTest.Adapter, Version=10.0.0.0, Culture=neutral, PublicKeyToken=b03f5f7f11d50a3a" className="TestSudoku.SudokuSolverTest, TestSudoku, Version=1.0.0.0, Culture=neutral, PublicKeyToken=null" name="Step1ApplyNumbersTest" />
    </UnitTest>
    <UnitTest name="ConstructPuzzleTest" storage="c:\bruce n\programming\sudoku\testsudoku\bin\debug\testsudoku.dll" id="13e82d77-fd51-3c12-aa24-865ef08dfba6">
      <DeploymentItems>
        <DeploymentItem filename="Sudoku.dll" />
      </DeploymentItems>
      <Execution id="918279bb-c6fc-432d-beb6-bb06d75e3cd3" />
      <TestMethod codeBase="C:/Bruce N/Programming/Sudoku/TestSudoku/bin/Debug/TestSudoku.DLL" adapterTypeName="Microsoft.VisualStudio.TestTools.TestTypes.Unit.UnitTestAdapter, Microsoft.VisualStudio.QualityTools.Tips.UnitTest.Adapter, Version=10.0.0.0, Culture=neutral, PublicKeyToken=b03f5f7f11d50a3a" className="TestSudoku.SudokuPuzzleNewTest, TestSudoku, Version=1.0.0.0, Culture=neutral, PublicKeyToken=null" name="ConstructPuzzleTest" />
    </UnitTest>
  </TestDefinitions>
  <TestLists>
    <TestList name="Results Not in a List" id="8c84fa94-04c1-424b-9868-57a2d4851a1d" />
    <TestList name="All Loaded Results" id="19431567-8539-422a-85d7-44ee4e166bda" />
  </TestLists>
  <TestEntries>
    <TestEntry testId="486f69e0-56fc-2037-29f3-157fb3ae50a3" executionId="42a1cfbf-6e03-4bb3-8e9f-a37cf9e7a889" testListId="8c84fa94-04c1-424b-9868-57a2d4851a1d" />
    <TestEntry testId="67db4d28-f094-a340-ae25-66f3a5741beb" executionId="93cb1540-90b6-4c16-a653-565451238cfb" testListId="8c84fa94-04c1-424b-9868-57a2d4851a1d" />
    <TestEntry testId="fa9b5a98-11df-cc49-fac3-46a2c0f64ad4" executionId="55712255-e49c-4ffe-9d25-247d544792a4" testListId="8c84fa94-04c1-424b-9868-57a2d4851a1d" />
    <TestEntry testId="7b1184f2-6210-8f2c-db67-fcb554f7c797" executionId="45122fed-51ab-427e-ae2d-bbd46b3c7224" testListId="8c84fa94-04c1-424b-9868-57a2d4851a1d" />
    <TestEntry testId="c786f71b-7d10-1c2a-4b32-86a35b6a4f84" executionId="9065eb05-a1d5-4f39-9961-29f57265f8b5" testListId="8c84fa94-04c1-424b-9868-57a2d4851a1d" />
    <TestEntry testId="dd354d43-207a-04dc-f6e6-9f0e1d3caca6" executionId="6e9e7dde-23bd-4496-9940-5eda723c385d" testListId="8c84fa94-04c1-424b-9868-57a2d4851a1d" />
    <TestEntry testId="85399043-6158-4f9f-db25-a515117aca42" executionId="6e28ad5f-e7bf-43cc-a338-d85d82b8f1eb" testListId="8c84fa94-04c1-424b-9868-57a2d4851a1d" />
    <TestEntry testId="aabce983-0847-8133-b6b4-ae8b0475dffb" executionId="ec332bc2-94c7-4b95-9b23-6f27b934c6b2" testListId="8c84fa94-04c1-424b-9868-57a2d4851a1d" />
    <TestEntry testId="04491180-eae4-f06f-187d-ebc0638faa7d" executionId="6b4b5346-f690-443e-ba57-8db4a269c6a0" testListId="8c84fa94-04c1-424b-9868-57a2d4851a1d" />
    <TestEntry testId="716751e5-4a8b-99ba-38de-904dcf99d413" executionId="c7c797ab-6b51-4cb5-801e-d2b47fa175c5" testListId="8c84fa94-04c1-424b-9868-57a2d4851a1d" />
    <TestEntry testId="6b9b857f-bbd3-0295-780c-7d7ce180e683" executionId="44cab842-6673-4520-b603-557c529b5919" testListId="8c84fa94-04c1-424b-9868-57a2d4851a1d" />
    <TestEntry testId="ebf6dfdb-90cf-f38c-6018-faa540ba0d72" executionId="528dce74-e98b-4f7d-abb9-336506618415" testListId="8c84fa94-04c1-424b-9868-57a2d4851a1d" />
    <TestEntry testId="1a1703db-8eff-c9cf-7c21-727ed5f67909" executionId="f4bbc610-d983-4b07-9509-e10e7bdc713a" testListId="8c84fa94-04c1-424b-9868-57a2d4851a1d" />
    <TestEntry testId="f22be3fe-e6de-c94d-69d0-1f8a2b594bcc" executionId="a61fd824-719d-4fbe-b7a8-4c3391a0bd07" testListId="8c84fa94-04c1-424b-9868-57a2d4851a1d" />
    <TestEntry testId="fb8d0f66-1952-3fa5-f41f-3e992361d3ef" executionId="7e5283b1-a61e-405a-8f93-1ba1d91193d1" testListId="8c84fa94-04c1-424b-9868-57a2d4851a1d" />
    <TestEntry testId="6088445e-ad5f-0116-dac2-af0a24e5b1e7" executionId="280f0518-b903-4fe0-ab11-8a610e530864" testListId="8c84fa94-04c1-424b-9868-57a2d4851a1d" />
    <TestEntry testId="50d73d16-c467-1990-6c2f-20f749cde691" executionId="0a2f7081-6a50-46e3-9c1a-8b47f0c048e3" testListId="8c84fa94-04c1-424b-9868-57a2d4851a1d" />
    <TestEntry testId="4a57bcbc-c2e0-21d9-7139-dd191b24dab5" executionId="98f29094-a1bf-4ca5-85de-91bcc1da64f2" testListId="8c84fa94-04c1-424b-9868-57a2d4851a1d" />
    <TestEntry testId="91db702d-a069-121c-623e-6db4435b1aba" executionId="8a2b1754-a950-49b7-b037-a5aae0c0bec3" testListId="8c84fa94-04c1-424b-9868-57a2d4851a1d" />
    <TestEntry testId="32c2c6f6-2474-8918-6297-2116ff97cfeb" executionId="67a208dd-a9a8-4300-9702-54242a955a88" testListId="8c84fa94-04c1-424b-9868-57a2d4851a1d" />
    <TestEntry testId="c37c5030-5bf8-5a4d-859d-184581b22311" executionId="0bdf69f9-2a60-4de1-af82-e4a27c7590f0" testListId="8c84fa94-04c1-424b-9868-57a2d4851a1d" />
    <TestEntry testId="a5bbbdc5-93ee-df0d-3653-ee172d550aca" executionId="39e7dc36-61d1-47c1-8278-fcfc5298133f" testListId="8c84fa94-04c1-424b-9868-57a2d4851a1d" />
    <TestEntry testId="1ad507a0-5b9a-581b-e458-ab84bc32d160" executionId="53f5ecd6-7846-4912-b4a3-7f8b8688e51a" testListId="8c84fa94-04c1-424b-9868-57a2d4851a1d" />
    <TestEntry testId="bc6cc949-a9b9-986d-2e2e-93bd454a56b0" executionId="0d338d44-d416-42c2-b41f-a6a1a95d37c3" testListId="8c84fa94-04c1-424b-9868-57a2d4851a1d" />
    <TestEntry testId="88f57e9b-c6f8-a8c9-6bd0-511ff05cfb16" executionId="40710b59-3a2b-47f0-97c6-517e7e3d70ed" testListId="8c84fa94-04c1-424b-9868-57a2d4851a1d" />
    <TestEntry testId="8828e05c-a42f-e363-e341-6794a476517b" executionId="76aef731-8558-461f-a1ea-0bf28b68f8fb" testListId="8c84fa94-04c1-424b-9868-57a2d4851a1d" />
    <TestEntry testId="cbaf69e5-bb1d-8df0-d456-f15e409b1c45" executionId="00726a9b-1f66-4e45-ae28-6fb9d9c3f3ab" testListId="8c84fa94-04c1-424b-9868-57a2d4851a1d" />
    <TestEntry testId="80155721-06d3-979c-8f6d-29dc41f17ef1" executionId="7fab24e9-3579-4c48-8aed-03c01fead5be" testListId="8c84fa94-04c1-424b-9868-57a2d4851a1d" />
    <TestEntry testId="464cd04b-06f9-910c-d478-a5fa37cd2247" executionId="3e17dee4-e1ab-45ef-8960-360cc730acb0" testListId="8c84fa94-04c1-424b-9868-57a2d4851a1d" />
    <TestEntry testId="2399e5e9-33b2-7f7a-c355-bc5e0c3626d2" executionId="0a122dd9-2c60-438b-bcd6-42b8fb4185db" testListId="8c84fa94-04c1-424b-9868-57a2d4851a1d" />
    <TestEntry testId="c57d37a4-c06f-80ba-35d3-1145d1503361" executionId="e3e42e11-1158-4e81-9a64-02f337975f46" testListId="8c84fa94-04c1-424b-9868-57a2d4851a1d" />
    <TestEntry testId="b101bcbb-27a3-55ce-2dd9-0f0f3a5bb264" executionId="c7fc1403-650e-424e-98cb-c66e82e9da79" testListId="8c84fa94-04c1-424b-9868-57a2d4851a1d" />
    <TestEntry testId="772b16a3-1ab2-0bee-538a-2e94c347e7a1" executionId="cda690ce-d6f6-4479-bff6-7436e3b5caac" testListId="8c84fa94-04c1-424b-9868-57a2d4851a1d" />
    <TestEntry testId="df32b477-d68b-2a2b-b301-d704a740e06b" executionId="abfcbc48-344d-4cb8-8f79-16fb8722a6fa" testListId="8c84fa94-04c1-424b-9868-57a2d4851a1d" />
    <TestEntry testId="8a2dec74-abc6-a0c9-7c0e-21c6df6bc9b0" executionId="4675c283-00df-47ea-a261-1da3324368b6" testListId="8c84fa94-04c1-424b-9868-57a2d4851a1d" />
    <TestEntry testId="eb717bdb-b632-ea94-6daf-0927684c8ade" executionId="dbedfa8a-ed67-48cd-b300-4c9ac3f9da59" testListId="8c84fa94-04c1-424b-9868-57a2d4851a1d" />
    <TestEntry testId="8759e944-8653-b38d-1a0f-ebb1d8b476a9" executionId="1a8e9edd-d0b0-4181-b0cb-7f3b8ed2a9a7" testListId="8c84fa94-04c1-424b-9868-57a2d4851a1d" />
    <TestEntry testId="933e71ec-78d1-7194-9f14-c69be4833ba2" executionId="0c22c9cc-407a-46fc-9c79-bc42436a940f" testListId="8c84fa94-04c1-424b-9868-57a2d4851a1d" />
    <TestEntry testId="c2bb07ee-ec47-2144-fb15-eb859f70a4fb" executionId="b5c251fb-485e-4d6e-8efa-a6aef0f46f25" testListId="8c84fa94-04c1-424b-9868-57a2d4851a1d" />
    <TestEntry testId="80906e2f-5edd-4386-f241-db74d6472a2a" executionId="19caf90f-6019-4fdf-903c-124ee6495822" testListId="8c84fa94-04c1-424b-9868-57a2d4851a1d" />
    <TestEntry testId="b5abfd46-fe33-0abb-11cc-1fe9eba79c0f" executionId="2cdfaeb6-b437-4363-a1f2-c8d56ce22a32" testListId="8c84fa94-04c1-424b-9868-57a2d4851a1d" />
    <TestEntry testId="cc1f28d6-a78b-5ee1-c776-ef3cb24e1adb" executionId="718c03bf-a97b-4fc5-906e-d5035b59e4e5" testListId="8c84fa94-04c1-424b-9868-57a2d4851a1d" />
    <TestEntry testId="d8b0082d-cfd9-4b49-6f2e-66044169ea1f" executionId="399c1d35-abe4-44da-8782-2d085b080590" testListId="8c84fa94-04c1-424b-9868-57a2d4851a1d" />
    <TestEntry testId="f119344a-ebb5-6c1f-e7e3-badfde644137" executionId="e0f3d12e-4573-4e1d-8d32-93fc0ba7ba98" testListId="8c84fa94-04c1-424b-9868-57a2d4851a1d" />
    <TestEntry testId="4f503fe4-6f61-d5e2-44b3-da29f635ba86" executionId="58a77ea7-5a4f-48cf-8821-812c5e4bca44" testListId="8c84fa94-04c1-424b-9868-57a2d4851a1d" />
    <TestEntry testId="aa75c770-e555-1b8d-0ce3-f2cb0f774ab7" executionId="5f23323b-140e-4c6a-9aa0-f6dd0e064d58" testListId="8c84fa94-04c1-424b-9868-57a2d4851a1d" />
    <TestEntry testId="f1ee73dc-fd2f-150e-0625-01c63e0289ec" executionId="ca72f860-a450-4bbd-90bd-4757504a6a3f" testListId="8c84fa94-04c1-424b-9868-57a2d4851a1d" />
    <TestEntry testId="d9abdf13-ae54-2612-e87c-d5a061e44053" executionId="6ba99c5e-286b-4513-8bdc-4baaff659d4b" testListId="8c84fa94-04c1-424b-9868-57a2d4851a1d" />
    <TestEntry testId="061173eb-fd91-e638-1846-2d2c6c59d224" executionId="8860c70f-651a-42e7-9052-1a1de5080383" testListId="8c84fa94-04c1-424b-9868-57a2d4851a1d" />
    <TestEntry testId="13e82d77-fd51-3c12-aa24-865ef08dfba6" executionId="918279bb-c6fc-432d-beb6-bb06d75e3cd3" testListId="8c84fa94-04c1-424b-9868-57a2d4851a1d" />
    <TestEntry testId="486b0a80-0a49-67de-680c-77fefbf9cb23" executionId="aa26a0a5-f3b6-4e48-8a54-b44762b3a88c" testListId="8c84fa94-04c1-424b-9868-57a2d4851a1d" />
    <TestEntry testId="aff20130-097e-3c60-01ae-85bf83573d5d" executionId="210219f0-0bad-4df8-a916-a54b9d40915f" testListId="8c84fa94-04c1-424b-9868-57a2d4851a1d" />
    <TestEntry testId="f0d8d23e-83ba-003c-4577-8c8139e80124" executionId="c76ae8d7-a392-4414-b44f-5dfd881a69d7" testListId="8c84fa94-04c1-424b-9868-57a2d4851a1d" />
    <TestEntry testId="db389166-8d20-0e20-66f8-9fc1731120ff" executionId="4b0a66a4-5d2e-4d5b-91ab-7ef13e211f76" testListId="8c84fa94-04c1-424b-9868-57a2d4851a1d" />
    <TestEntry testId="a31b5d1d-5145-f3c8-eab2-ef40f677b278" executionId="5186bf09-0a7c-4667-ad78-2a816469c39b" testListId="8c84fa94-04c1-424b-9868-57a2d4851a1d" />
    <TestEntry testId="e2097ad3-0a1f-892e-c6aa-0058407be6ec" executionId="ffe8059c-d233-46e7-8380-07c6ec5fe247" testListId="8c84fa94-04c1-424b-9868-57a2d4851a1d" />
    <TestEntry testId="b38a9229-d380-9205-8996-ce540170d766" executionId="a80296b8-a8fb-404b-a5f3-7d07d9e7f70d" testListId="8c84fa94-04c1-424b-9868-57a2d4851a1d" />
    <TestEntry testId="aced5c0b-e025-ba3d-7667-29ac179ec14c" executionId="c60fb950-835b-45eb-bf9e-19c7616ccd53" testListId="8c84fa94-04c1-424b-9868-57a2d4851a1d" />
    <TestEntry testId="32a80b6d-7368-1157-bb75-936c90483568" executionId="b31384d7-05ec-4d3b-a2c5-9ef958cb47ce" testListId="8c84fa94-04c1-424b-9868-57a2d4851a1d" />
    <TestEntry testId="c05b9167-4d3e-9d9b-e8a1-385289ab6fb1" executionId="d654b03e-4c52-4292-a2b9-5436affc0e45" testListId="8c84fa94-04c1-424b-9868-57a2d4851a1d" />
    <TestEntry testId="96dd551e-c1b7-a21a-a45c-a1d7dd41182c" executionId="d9e26184-6961-46b1-80a2-e9d9787a4150" testListId="8c84fa94-04c1-424b-9868-57a2d4851a1d" />
    <TestEntry testId="5b9e93c3-948f-f5f6-9929-816385f9f2c0" executionId="2c014707-4bf4-4742-93c8-e8462853e039" testListId="8c84fa94-04c1-424b-9868-57a2d4851a1d" />
    <TestEntry testId="0b5c5a05-8808-1e13-2bf6-c395469abafa" executionId="e4e59f5d-328f-4e58-be32-e84c9fc1d10a" testListId="8c84fa94-04c1-424b-9868-57a2d4851a1d" />
    <TestEntry testId="5d0fcccf-e658-4e6b-4430-bef52b2023b8" executionId="91e41321-b7e9-4020-98de-1b2e1a8d49cd" testListId="8c84fa94-04c1-424b-9868-57a2d4851a1d" />
  </TestEntries>
  <Results>
    <UnitTestResult executionId="42a1cfbf-6e03-4bb3-8e9f-a37cf9e7a889" testId="486f69e0-56fc-2037-29f3-157fb3ae50a3" testName="FullSolverTest" computerName="USSLCL00134" duration="00:00:00.1139443" startTime="2012-08-04T14:45:15.5525582-06:00" endTime="2012-08-04T14:45:16.4536097-06:00" testType="13cdc9d9-ddb5-4fa4-a97d-d965ccfc6d4b" outcome="Passed" testListId="8c84fa94-04c1-424b-9868-57a2d4851a1d" relativeResultsDirectory="42a1cfbf-6e03-4bb3-8e9f-a37cf9e7a889">
    </UnitTestResult>
    <UnitTestResult executionId="93cb1540-90b6-4c16-a653-565451238cfb" testId="67db4d28-f094-a340-ae25-66f3a5741beb" testName="SudokuSolverConstructorTest" computerName="USSLCL00134" duration="00:00:00.3801401" startTime="2012-08-04T14:45:16.4626103-06:00" endTime="2012-08-04T14:45:16.8556327-06:00" testType="13cdc9d9-ddb5-4fa4-a97d-d965ccfc6d4b" outcome="Passed" testListId="8c84fa94-04c1-424b-9868-57a2d4851a1d" relativeResultsDirectory="93cb1540-90b6-4c16-a653-565451238cfb">
    </UnitTestResult>
    <UnitTestResult executionId="55712255-e49c-4ffe-9d25-247d544792a4" testId="fa9b5a98-11df-cc49-fac3-46a2c0f64ad4" testName="CheckForSolutionTest" computerName="USSLCL00134" duration="00:00:00.0017573" startTime="2012-08-04T14:45:16.8606330-06:00" endTime="2012-08-04T14:45:16.8736338-06:00" testType="13cdc9d9-ddb5-4fa4-a97d-d965ccfc6d4b" outcome="Passed" testListId="8c84fa94-04c1-424b-9868-57a2d4851a1d" relativeResultsDirectory="55712255-e49c-4ffe-9d25-247d544792a4">
    </UnitTestResult>
    <UnitTestResult executionId="45122fed-51ab-427e-ae2d-bbd46b3c7224" testId="7b1184f2-6210-8f2c-db67-fcb554f7c797" testName="DifficultyLevelTest" computerName="USSLCL00134" duration="00:00:00.5443182" startTime="2012-08-04T14:45:16.8836343-06:00" endTime="2012-08-04T14:45:17.4376660-06:00" testType="13cdc9d9-ddb5-4fa4-a97d-d965ccfc6d4b" outcome="Passed" testListId="8c84fa94-04c1-424b-9868-57a2d4851a1d" relativeResultsDirectory="45122fed-51ab-427e-ae2d-bbd46b3c7224">
    </UnitTestResult>
    <UnitTestResult executionId="9065eb05-a1d5-4f39-9961-29f57265f8b5" testId="c786f71b-7d10-1c2a-4b32-86a35b6a4f84" testName="FindSolutionTest" computerName="USSLCL00134" duration="00:00:00.2207878" startTime="2012-08-04T14:45:17.4536669-06:00" endTime="2012-08-04T14:45:17.6886804-06:00" testType="13cdc9d9-ddb5-4fa4-a97d-d965ccfc6d4b" outcome="Passed" testListId="8c84fa94-04c1-424b-9868-57a2d4851a1d" relativeResultsDirectory="9065eb05-a1d5-4f39-9961-29f57265f8b5">
    </UnitTestResult>
    <UnitTestResult executionId="6e9e7dde-23bd-4496-9940-5eda723c385d" testId="dd354d43-207a-04dc-f6e6-9f0e1d3caca6" testName="GetSolutionTest" computerName="USSLCL00134" duration="00:00:00.0017049" startTime="2012-08-04T14:45:17.7036812-06:00" endTime="2012-08-04T14:45:17.7156819-06:00" testType="13cdc9d9-ddb5-4fa4-a97d-d965ccfc6d4b" outcome="Passed" testListId="8c84fa94-04c1-424b-9868-57a2d4851a1d" relativeResultsDirectory="6e9e7dde-23bd-4496-9940-5eda723c385d">
    </UnitTestResult>
    <UnitTestResult executionId="6e28ad5f-e7bf-43cc-a338-d85d82b8f1eb" testId="85399043-6158-4f9f-db25-a515117aca42" testName="Step1ApplyNumbersTest" computerName="USSLCL00134" duration="00:00:00.0050994" startTime="2012-08-04T14:45:17.7236824-06:00" endTime="2012-08-04T14:45:17.7376832-06:00" testType="13cdc9d9-ddb5-4fa4-a97d-d965ccfc6d4b" outcome="Passed" testListId="8c84fa94-04c1-424b-9868-57a2d4851a1d" relativeResultsDirectory="6e28ad5f-e7bf-43cc-a338-d85d82b8f1eb">
    </UnitTestResult>
    <UnitTestResult executionId="ec332bc2-94c7-4b95-9b23-6f27b934c6b2" testId="aabce983-0847-8133-b6b4-ae8b0475dffb" testName="Step2UseSingletonsTest" computerName="USSLCL00134" duration="00:00:00.0031858" startTime="2012-08-04T14:45:17.7446836-06:00" endTime="2012-08-04T14:45:17.7576843-06:00" testType="13cdc9d9-ddb5-4fa4-a97d-d965ccfc6d4b" outcome="Passed" testListId="8c84fa94-04c1-424b-9868-57a2d4851a1d" relativeResultsDirectory="ec332bc2-94c7-4b95-9b23-6f27b934c6b2">
    </UnitTestResult>
    <UnitTestResult executionId="6b4b5346-f690-443e-ba57-8db4a269c6a0" testId="04491180-eae4-f06f-187d-ebc0638faa7d" testName="Step3UsePairsTest" computerName="USSLCL00134" duration="00:00:00.0090990" startTime="2012-08-04T14:45:17.7626846-06:00" endTime="2012-08-04T14:45:17.7826858-06:00" testType="13cdc9d9-ddb5-4fa4-a97d-d965ccfc6d4b" outcome="Passed" testListId="8c84fa94-04c1-424b-9868-57a2d4851a1d" relativeResultsDirectory="6b4b5346-f690-443e-ba57-8db4a269c6a0">
    </UnitTestResult>
    <UnitTestResult executionId="c7c797ab-6b51-4cb5-801e-d2b47fa175c5" testId="716751e5-4a8b-99ba-38de-904dcf99d413" testName="PuzzleTest" computerName="USSLCL00134" duration="00:00:00.2611271" startTime="2012-08-04T14:45:17.7916863-06:00" endTime="2012-08-04T14:45:18.0637018-06:00" testType="13cdc9d9-ddb5-4fa4-a97d-d965ccfc6d4b" outcome="Passed" testListId="8c84fa94-04c1-424b-9868-57a2d4851a1d" relativeResultsDirectory="c7c797ab-6b51-4cb5-801e-d2b47fa175c5">
    </UnitTestResult>
    <UnitTestResult executionId="44cab842-6673-4520-b603-557c529b5919" testId="6b9b857f-bbd3-0295-780c-7d7ce180e683" testName="SingletonsByRowTest" computerName="USSLCL00134" duration="00:00:00.0012607" startTime="2012-08-04T14:45:18.0877032-06:00" endTime="2012-08-04T14:45:18.1007040-06:00" testType="13cdc9d9-ddb5-4fa4-a97d-d965ccfc6d4b" outcome="Passed" testListId="8c84fa94-04c1-424b-9868-57a2d4851a1d" relativeResultsDirectory="44cab842-6673-4520-b603-557c529b5919">
    </UnitTestResult>
    <UnitTestResult executionId="528dce74-e98b-4f7d-abb9-336506618415" testId="ebf6dfdb-90cf-f38c-6018-faa540ba0d72" testName="SingletonsByColumnTest" computerName="USSLCL00134" duration="00:00:00.0012745" startTime="2012-08-04T14:45:18.1097045-06:00" endTime="2012-08-04T14:45:18.1197050-06:00" testType="13cdc9d9-ddb5-4fa4-a97d-d965ccfc6d4b" outcome="Passed" testListId="8c84fa94-04c1-424b-9868-57a2d4851a1d" relativeResultsDirectory="528dce74-e98b-4f7d-abb9-336506618415">
    </UnitTestResult>
    <UnitTestResult executionId="f4bbc610-d983-4b07-9509-e10e7bdc713a" testId="1a1703db-8eff-c9cf-7c21-727ed5f67909" testName="SingletonsBySubsquareTest" computerName="USSLCL00134" duration="00:00:00.0014535" startTime="2012-08-04T14:45:18.1287056-06:00" endTime="2012-08-04T14:45:18.1407062-06:00" testType="13cdc9d9-ddb5-4fa4-a97d-d965ccfc6d4b" outcome="Passed" testListId="8c84fa94-04c1-424b-9868-57a2d4851a1d" relativeResultsDirectory="f4bbc610-d983-4b07-9509-e10e7bdc713a">
    </UnitTestResult>
    <UnitTestResult executionId="a61fd824-719d-4fbe-b7a8-4c3391a0bd07" testId="f22be3fe-e6de-c94d-69d0-1f8a2b594bcc" testName="ClearGuessesTest" computerName="USSLCL00134" duration="00:00:00.0027304" startTime="2012-08-04T14:45:18.1477066-06:00" endTime="2012-08-04T14:45:18.1607074-06:00" testType="13cdc9d9-ddb5-4fa4-a97d-d965ccfc6d4b" outcome="Passed" testListId="8c84fa94-04c1-424b-9868-57a2d4851a1d" relativeResultsDirectory="a61fd824-719d-4fbe-b7a8-4c3391a0bd07">
    </UnitTestResult>
    <UnitTestResult executionId="7e5283b1-a61e-405a-8f93-1ba1d91193d1" testId="fb8d0f66-1952-3fa5-f41f-3e992361d3ef" testName="PairsByRowAndColumnTest" computerName="USSLCL00134" duration="00:00:00.0057323" startTime="2012-08-04T14:45:18.1717080-06:00" endTime="2012-08-04T14:45:18.1867089-06:00" testType="13cdc9d9-ddb5-4fa4-a97d-d965ccfc6d4b" outcome="Passed" testListId="8c84fa94-04c1-424b-9868-57a2d4851a1d" relativeResultsDirectory="7e5283b1-a61e-405a-8f93-1ba1d91193d1">
    </UnitTestResult>
    <UnitTestResult executionId="280f0518-b903-4fe0-ab11-8a610e530864" testId="6088445e-ad5f-0116-dac2-af0a24e5b1e7" testName="PairsBySubSquareTest" computerName="USSLCL00134" duration="00:00:00.0028024" startTime="2012-08-04T14:45:18.1927092-06:00" endTime="2012-08-04T14:45:18.2057100-06:00" testType="13cdc9d9-ddb5-4fa4-a97d-d965ccfc6d4b" outcome="Passed" testListId="8c84fa94-04c1-424b-9868-57a2d4851a1d" relativeResultsDirectory="280f0518-b903-4fe0-ab11-8a610e530864">
    </UnitTestResult>
    <UnitTestResult executionId="0a2f7081-6a50-46e3-9c1a-8b47f0c048e3" testId="50d73d16-c467-1990-6c2f-20f749cde691" testName="TestProblemsWithStep3FindPairs" computerName="USSLCL00134" duration="00:00:00.0161610" startTime="2012-08-04T14:45:18.2137104-06:00" endTime="2012-08-04T14:45:18.2407120-06:00" testType="13cdc9d9-ddb5-4fa4-a97d-d965ccfc6d4b" outcome="Passed" testListId="8c84fa94-04c1-424b-9868-57a2d4851a1d" relativeResultsDirectory="0a2f7081-6a50-46e3-9c1a-8b47f0c048e3">
      <Output>
        <DebugTrace>Current Grid:
004083120
030002578
008710034
000300000
853100247
069007300
300000010
940071863
000030090

</DebugTrace>
      </Output>
    </UnitTestResult>
    <UnitTestResult executionId="98f29094-a1bf-4ca5-85de-91bcc1da64f2" testId="4a57bcbc-c2e0-21d9-7139-dd191b24dab5" testName="SudokuGridConstructorTest" computerName="USSLCL00134" duration="00:00:00.0003529" startTime="2012-08-04T14:45:18.2507125-06:00" endTime="2012-08-04T14:45:18.2617132-06:00" testType="13cdc9d9-ddb5-4fa4-a97d-d965ccfc6d4b" outcome="Passed" testListId="8c84fa94-04c1-424b-9868-57a2d4851a1d" relativeResultsDirectory="98f29094-a1bf-4ca5-85de-91bcc1da64f2">
    </UnitTestResult>
    <UnitTestResult executionId="8a2b1754-a950-49b7-b037-a5aae0c0bec3" testId="91db702d-a069-121c-623e-6db4435b1aba" testName="AttemptSetSudokuArrayTest" computerName="USSLCL00134" duration="00:00:00.0021695" startTime="2012-08-04T14:45:18.2687136-06:00" endTime="2012-08-04T14:45:18.2817143-06:00" testType="13cdc9d9-ddb5-4fa4-a97d-d965ccfc6d4b" outcome="Passed" testListId="8c84fa94-04c1-424b-9868-57a2d4851a1d" relativeResultsDirectory="8a2b1754-a950-49b7-b037-a5aae0c0bec3">
    </UnitTestResult>
    <UnitTestResult executionId="67a208dd-a9a8-4300-9702-54242a955a88" testId="32c2c6f6-2474-8918-6297-2116ff97cfeb" testName="BackSquareTest" computerName="USSLCL00134" duration="00:00:00.0013184" startTime="2012-08-04T14:45:18.2897148-06:00" endTime="2012-08-04T14:45:18.2997153-06:00" testType="13cdc9d9-ddb5-4fa4-a97d-d965ccfc6d4b" outcome="Passed" testListId="8c84fa94-04c1-424b-9868-57a2d4851a1d" relativeResultsDirectory="67a208dd-a9a8-4300-9702-54242a955a88">
    </UnitTestResult>
    <UnitTestResult executionId="0bdf69f9-2a60-4de1-af82-e4a27c7590f0" testId="c37c5030-5bf8-5a4d-859d-184581b22311" testName="FindValidNumberForTest" computerName="USSLCL00134" duration="00:00:00.0020229" startTime="2012-08-04T14:45:18.3067157-06:00" endTime="2012-08-04T14:45:18.3187164-06:00" testType="13cdc9d9-ddb5-4fa4-a97d-d965ccfc6d4b" outcome="Passed" testListId="8c84fa94-04c1-424b-9868-57a2d4851a1d" relativeResultsDirectory="0bdf69f9-2a60-4de1-af82-e4a27c7590f0">
    </UnitTestResult>
    <UnitTestResult executionId="39e7dc36-61d1-47c1-8278-fcfc5298133f" testId="a5bbbdc5-93ee-df0d-3653-ee172d550aca" testName="IsValidTest" computerName="USSLCL00134" duration="00:00:00.0009154" startTime="2012-08-04T14:45:18.3237167-06:00" endTime="2012-08-04T14:45:18.3347173-06:00" testType="13cdc9d9-ddb5-4fa4-a97d-d965ccfc6d4b" outcome="Passed" testListId="8c84fa94-04c1-424b-9868-57a2d4851a1d" relativeResultsDirectory="39e7dc36-61d1-47c1-8278-fcfc5298133f">
    </UnitTestResult>
    <UnitTestResult executionId="53f5ecd6-7846-4912-b4a3-7f8b8688e51a" testId="1ad507a0-5b9a-581b-e458-ab84bc32d160" testName="IsValidArrayTest" computerName="USSLCL00134" duration="00:00:00.0012730" startTime="2012-08-04T14:45:18.3417177-06:00" endTime="2012-08-04T14:45:18.3517183-06:00" testType="13cdc9d9-ddb5-4fa4-a97d-d965ccfc6d4b" outcome="Passed" testListId="8c84fa94-04c1-424b-9868-57a2d4851a1d" relativeResultsDirectory="53f5ecd6-7846-4912-b4a3-7f8b8688e51a">
    </UnitTestResult>
    <UnitTestResult executionId="0d338d44-d416-42c2-b41f-a6a1a95d37c3" testId="bc6cc949-a9b9-986d-2e2e-93bd454a56b0" testName="MakeCopyTest" computerName="USSLCL00134" duration="00:00:00.0018285" startTime="2012-08-04T14:45:18.3567186-06:00" endTime="2012-08-04T14:45:18.3687193-06:00" testType="13cdc9d9-ddb5-4fa4-a97d-d965ccfc6d4b" outcome="Passed" testListId="8c84fa94-04c1-424b-9868-57a2d4851a1d" relativeResultsDirectory="0d338d44-d416-42c2-b41f-a6a1a95d37c3">
    </UnitTestResult>
    <UnitTestResult executionId="40710b59-3a2b-47f0-97c6-517e7e3d70ed" testId="88f57e9b-c6f8-a8c9-6bd0-511ff05cfb16" testName="NextSquareTest" computerName="USSLCL00134" duration="00:00:00.0007987" startTime="2012-08-04T14:45:18.3727195-06:00" endTime="2012-08-04T14:45:18.3837201-06:00" testType="13cdc9d9-ddb5-4fa4-a97d-d965ccfc6d4b" outcome="Passed" testListId="8c84fa94-04c1-424b-9868-57a2d4851a1d" relativeResultsDirectory="40710b59-3a2b-47f0-97c6-517e7e3d70ed">
    </UnitTestResult>
    <UnitTestResult executionId="76aef731-8558-461f-a1ea-0bf28b68f8fb" testId="8828e05c-a42f-e363-e341-6794a476517b" testName="SetSudokuArrayTest" computerName="USSLCL00134" duration="00:00:00.0005647" startTime="2012-08-04T14:45:18.3887204-06:00" endTime="2012-08-04T14:45:18.3987210-06:00" testType="13cdc9d9-ddb5-4fa4-a97d-d965ccfc6d4b" outcome="Passed" testListId="8c84fa94-04c1-424b-9868-57a2d4851a1d" relativeResultsDirectory="76aef731-8558-461f-a1ea-0bf28b68f8fb">
    </UnitTestResult>
    <UnitTestResult executionId="00726a9b-1f66-4e45-ae28-6fb9d9c3f3ab" testId="cbaf69e5-bb1d-8df0-d456-f15e409b1c45" testName="SudokuPuzzleConstructorTest" computerName="USSLCL00134" duration="00:00:00.3764885" startTime="2012-08-04T14:45:18.4037213-06:00" endTime="2012-08-04T14:45:18.7917435-06:00" testType="13cdc9d9-ddb5-4fa4-a97d-d965ccfc6d4b" outcome="Passed" testListId="8c84fa94-04c1-424b-9868-57a2d4851a1d" relativeResultsDirectory="00726a9b-1f66-4e45-ae28-6fb9d9c3f3ab">
    </UnitTestResult>
    <UnitTestResult executionId="7fab24e9-3579-4c48-8aed-03c01fead5be" testId="80155721-06d3-979c-8f6d-29dc41f17ef1" testName="AssessDifficultyTest" computerName="USSLCL00134" duration="00:00:00.0218093" startTime="2012-08-04T14:45:18.8047442-06:00" endTime="2012-08-04T14:45:18.8367461-06:00" testType="13cdc9d9-ddb5-4fa4-a97d-d965ccfc6d4b" outcome="Passed" testListId="8c84fa94-04c1-424b-9868-57a2d4851a1d" relativeResultsDirectory="7fab24e9-3579-4c48-8aed-03c01fead5be">
    </UnitTestResult>
    <UnitTestResult executionId="3e17dee4-e1ab-45ef-8960-360cc730acb0" testId="464cd04b-06f9-910c-d478-a5fa37cd2247" testName="InitializePuzzleTest" computerName="USSLCL00134" duration="00:00:00.0016833" startTime="2012-08-04T14:45:18.8457466-06:00" endTime="2012-08-04T14:45:18.8627475-06:00" testType="13cdc9d9-ddb5-4fa4-a97d-d965ccfc6d4b" outcome="Passed" testListId="8c84fa94-04c1-424b-9868-57a2d4851a1d" relativeResultsDirectory="3e17dee4-e1ab-45ef-8960-360cc730acb0">
    </UnitTestResult>
    <UnitTestResult executionId="0a122dd9-2c60-438b-bcd6-42b8fb4185db" testId="2399e5e9-33b2-7f7a-c355-bc5e0c3626d2" testName="TotalUncoversTest" computerName="USSLCL00134" duration="00:00:00.0170756" startTime="2012-08-04T14:45:18.8697479-06:00" endTime="2012-08-04T14:45:18.8957494-06:00" testType="13cdc9d9-ddb5-4fa4-a97d-d965ccfc6d4b" outcome="Passed" testListId="8c84fa94-04c1-424b-9868-57a2d4851a1d" relativeResultsDirectory="0a122dd9-2c60-438b-bcd6-42b8fb4185db">
    </UnitTestResult>
    <UnitTestResult executionId="e3e42e11-1158-4e81-9a64-02f337975f46" testId="c57d37a4-c06f-80ba-35d3-1145d1503361" testName="UncoverInSubSquareTest" computerName="USSLCL00134" duration="00:00:00.0015240" startTime="2012-08-04T14:45:18.9007497-06:00" endTime="2012-08-04T14:45:18.9147505-06:00" testType="13cdc9d9-ddb5-4fa4-a97d-d965ccfc6d4b" outcome="Passed" testListId="8c84fa94-04c1-424b-9868-57a2d4851a1d" relativeResultsDirectory="e3e42e11-1158-4e81-9a64-02f337975f46">
    </UnitTestResult>
    <UnitTestResult executionId="c7fc1403-650e-424e-98cb-c66e82e9da79" testId="b101bcbb-27a3-55ce-2dd9-0f0f3a5bb264" testName="UncoverPuzzleTest" computerName="USSLCL00134" duration="00:00:00.2996076" startTime="2012-08-04T14:45:18.9217509-06:00" endTime="2012-08-04T14:45:19.2327687-06:00" testType="13cdc9d9-ddb5-4fa4-a97d-d965ccfc6d4b" outcome="Passed" testListId="8c84fa94-04c1-424b-9868-57a2d4851a1d" relativeResultsDirectory="c7fc1403-650e-424e-98cb-c66e82e9da79">
    </UnitTestResult>
    <UnitTestResult executionId="cda690ce-d6f6-4479-bff6-7436e3b5caac" testId="772b16a3-1ab2-0bee-538a-2e94c347e7a1" testName="UncoverSquareTest" computerName="USSLCL00134" duration="00:00:00.0017149" startTime="2012-08-04T14:45:19.2427693-06:00" endTime="2012-08-04T14:45:19.2557700-06:00" testType="13cdc9d9-ddb5-4fa4-a97d-d965ccfc6d4b" outcome="Passed" testListId="8c84fa94-04c1-424b-9868-57a2d4851a1d" relativeResultsDirectory="cda690ce-d6f6-4479-bff6-7436e3b5caac">
    </UnitTestResult>
    <UnitTestResult executionId="abfcbc48-344d-4cb8-8f79-16fb8722a6fa" testId="df32b477-d68b-2a2b-b301-d704a740e06b" testName="UncoverCountBySubSquareTest" computerName="USSLCL00134" duration="00:00:00.0010817" startTime="2012-08-04T14:45:19.2647705-06:00" endTime="2012-08-04T14:45:19.2767712-06:00" testType="13cdc9d9-ddb5-4fa4-a97d-d965ccfc6d4b" outcome="Passed" testListId="8c84fa94-04c1-424b-9868-57a2d4851a1d" relativeResultsDirectory="abfcbc48-344d-4cb8-8f79-16fb8722a6fa">
    </UnitTestResult>
    <UnitTestResult executionId="4675c283-00df-47ea-a261-1da3324368b6" testId="8a2dec74-abc6-a0c9-7c0e-21c6df6bc9b0" testName="FindSolveablePuzzleTest" computerName="USSLCL00134" duration="00:00:00.1516575" startTime="2012-08-04T14:45:19.2867718-06:00" endTime="2012-08-04T14:45:19.4487811-06:00" testType="13cdc9d9-ddb5-4fa4-a97d-d965ccfc6d4b" outcome="Passed" testListId="8c84fa94-04c1-424b-9868-57a2d4851a1d" relativeResultsDirectory="4675c283-00df-47ea-a261-1da3324368b6">
    </UnitTestResult>
    <UnitTestResult executionId="dbedfa8a-ed67-48cd-b300-4c9ac3f9da59" testId="eb717bdb-b632-ea94-6daf-0927684c8ade" testName="TestUnsolveableToTrivalTransition" computerName="USSLCL00134" duration="00:00:00.0155142" startTime="2012-08-04T14:45:19.4607817-06:00" endTime="2012-08-04T14:45:19.4877833-06:00" testType="13cdc9d9-ddb5-4fa4-a97d-d965ccfc6d4b" outcome="Passed" testListId="8c84fa94-04c1-424b-9868-57a2d4851a1d" relativeResultsDirectory="dbedfa8a-ed67-48cd-b300-4c9ac3f9da59">
    </UnitTestResult>
    <UnitTestResult executionId="1a8e9edd-d0b0-4181-b0cb-7f3b8ed2a9a7" testId="8759e944-8653-b38d-1a0f-ebb1d8b476a9" testName="TestSingletonsToFillInPuzzle" computerName="USSLCL00134" duration="00:00:00.0106504" startTime="2012-08-04T14:45:19.5097846-06:00" endTime="2012-08-04T14:45:19.5327859-06:00" testType="13cdc9d9-ddb5-4fa4-a97d-d965ccfc6d4b" outcome="Passed" testListId="8c84fa94-04c1-424b-9868-57a2d4851a1d" relativeResultsDirectory="1a8e9edd-d0b0-4181-b0cb-7f3b8ed2a9a7">
    </UnitTestResult>
    <UnitTestResult executionId="0c22c9cc-407a-46fc-9c79-bc42436a940f" testId="933e71ec-78d1-7194-9f14-c69be4833ba2" testName="WriteOutSudokuGridTest" computerName="USSLCL00134" duration="00:00:00.0004823" startTime="2012-08-04T14:45:19.5407863-06:00" endTime="2012-08-04T14:45:19.5507869-06:00" testType="13cdc9d9-ddb5-4fa4-a97d-d965ccfc6d4b" outcome="Passed" testListId="8c84fa94-04c1-424b-9868-57a2d4851a1d" relativeResultsDirectory="0c22c9cc-407a-46fc-9c79-bc42436a940f">
    </UnitTestResult>
    <UnitTestResult executionId="b5c251fb-485e-4d6e-8efa-a6aef0f46f25" testId="c2bb07ee-ec47-2144-fb15-eb859f70a4fb" testName="TestSudokuSolutionCreation" computerName="USSLCL00134" duration="00:00:00.0953099" startTime="2012-08-04T14:45:19.5597874-06:00" endTime="2012-08-04T14:45:19.6637934-06:00" testType="13cdc9d9-ddb5-4fa4-a97d-d965ccfc6d4b" outcome="Passed" testListId="8c84fa94-04c1-424b-9868-57a2d4851a1d" relativeResultsDirectory="b5c251fb-485e-4d6e-8efa-a6aef0f46f25">
    </UnitTestResult>
    <UnitTestResult executionId="19caf90f-6019-4fdf-903c-124ee6495822" testId="80906e2f-5edd-4386-f241-db74d6472a2a" testName="TestSudokuPuzzleSolver" computerName="USSLCL00134" duration="00:00:05.4967406" startTime="2012-08-04T14:45:19.6707938-06:00" endTime="2012-08-04T14:45:25.1771087-06:00" testType="13cdc9d9-ddb5-4fa4-a97d-d965ccfc6d4b" outcome="Passed" testListId="8c84fa94-04c1-424b-9868-57a2d4851a1d" relativeResultsDirectory="19caf90f-6019-4fdf-903c-124ee6495822">
      <Output>
        <DebugTrace>*****
Average Uncovers: 44
% Trival: 88
% Easy: 12
% Medium: 0
% Hard: 0
*****
</DebugTrace>
      </Output>
    </UnitTestResult>
    <UnitTestResult executionId="2cdfaeb6-b437-4363-a1f2-c8d56ce22a32" testId="b5abfd46-fe33-0abb-11cc-1fe9eba79c0f" testName="SudokuPuzzleConstructorTest" computerName="USSLCL00134" duration="00:00:18.5870631" startTime="2012-08-04T14:45:25.1921096-06:00" endTime="2012-08-04T14:45:43.7791727-06:00" testType="13cdc9d9-ddb5-4fa4-a97d-d965ccfc6d4b" outcome="Aborted" testListId="8c84fa94-04c1-424b-9868-57a2d4851a1d" relativeResultsDirectory="2cdfaeb6-b437-4363-a1f2-c8d56ce22a32">
    </UnitTestResult>
    <UnitTestResult executionId="718c03bf-a97b-4fc5-906e-d5035b59e4e5" testId="cc1f28d6-a78b-5ee1-c776-ef3cb24e1adb" testName="InitializePuzzleTest" computerName="USSLCL00134" testType="13cdc9d9-ddb5-4fa4-a97d-d965ccfc6d4b" outcome="NotExecuted" testListId="8c84fa94-04c1-424b-9868-57a2d4851a1d" relativeResultsDirectory="718c03bf-a97b-4fc5-906e-d5035b59e4e5">
    </UnitTestResult>
    <UnitTestResult executionId="399c1d35-abe4-44da-8782-2d085b080590" testId="d8b0082d-cfd9-4b49-6f2e-66044169ea1f" testName="TotalUncoversTest" computerName="USSLCL00134" testType="13cdc9d9-ddb5-4fa4-a97d-d965ccfc6d4b" outcome="NotExecuted" testListId="8c84fa94-04c1-424b-9868-57a2d4851a1d" relativeResultsDirectory="399c1d35-abe4-44da-8782-2d085b080590">
    </UnitTestResult>
    <UnitTestResult executionId="e0f3d12e-4573-4e1d-8d32-93fc0ba7ba98" testId="f119344a-ebb5-6c1f-e7e3-badfde644137" testName="UncoverPuzzleTest" computerName="USSLCL00134" testType="13cdc9d9-ddb5-4fa4-a97d-d965ccfc6d4b" outcome="NotExecuted" testListId="8c84fa94-04c1-424b-9868-57a2d4851a1d" relativeResultsDirectory="e0f3d12e-4573-4e1d-8d32-93fc0ba7ba98">
    </UnitTestResult>
    <UnitTestResult executionId="58a77ea7-5a4f-48cf-8821-812c5e4bca44" testId="4f503fe4-6f61-d5e2-44b3-da29f635ba86" testName="UncoverSquareTest" computerName="USSLCL00134" testType="13cdc9d9-ddb5-4fa4-a97d-d965ccfc6d4b" outcome="NotExecuted" testListId="8c84fa94-04c1-424b-9868-57a2d4851a1d" relativeResultsDirectory="58a77ea7-5a4f-48cf-8821-812c5e4bca44">
    </UnitTestResult>
    <UnitTestResult executionId="5f23323b-140e-4c6a-9aa0-f6dd0e064d58" testId="aa75c770-e555-1b8d-0ce3-f2cb0f774ab7" testName="SudokuPuzzleNewConstructorTest" computerName="USSLCL00134" testType="13cdc9d9-ddb5-4fa4-a97d-d965ccfc6d4b" outcome="NotExecuted" testListId="8c84fa94-04c1-424b-9868-57a2d4851a1d" relativeResultsDirectory="5f23323b-140e-4c6a-9aa0-f6dd0e064d58">
    </UnitTestResult>
    <UnitTestResult executionId="ca72f860-a450-4bbd-90bd-4757504a6a3f" testId="f1ee73dc-fd2f-150e-0625-01c63e0289ec" testName="SudokuPuzzleNewConstructorTest1" computerName="USSLCL00134" testType="13cdc9d9-ddb5-4fa4-a97d-d965ccfc6d4b" outcome="NotExecuted" testListId="8c84fa94-04c1-424b-9868-57a2d4851a1d" relativeResultsDirectory="ca72f860-a450-4bbd-90bd-4757504a6a3f">
    </UnitTestResult>
    <UnitTestResult executionId="6ba99c5e-286b-4513-8bdc-4baaff659d4b" testId="d9abdf13-ae54-2612-e87c-d5a061e44053" testName="ClearGuessesTest" computerName="USSLCL00134" testType="13cdc9d9-ddb5-4fa4-a97d-d965ccfc6d4b" outcome="NotExecuted" testListId="8c84fa94-04c1-424b-9868-57a2d4851a1d" relativeResultsDirectory="6ba99c5e-286b-4513-8bdc-4baaff659d4b">
    </UnitTestResult>
    <UnitTestResult executionId="8860c70f-651a-42e7-9052-1a1de5080383" testId="061173eb-fd91-e638-1846-2d2c6c59d224" testName="CloneTest" computerName="USSLCL00134" testType="13cdc9d9-ddb5-4fa4-a97d-d965ccfc6d4b" outcome="NotExecuted" testListId="8c84fa94-04c1-424b-9868-57a2d4851a1d" relativeResultsDirectory="8860c70f-651a-42e7-9052-1a1de5080383">
    </UnitTestResult>
    <UnitTestResult executionId="918279bb-c6fc-432d-beb6-bb06d75e3cd3" testId="13e82d77-fd51-3c12-aa24-865ef08dfba6" testName="ConstructPuzzleTest" computerName="USSLCL00134" testType="13cdc9d9-ddb5-4fa4-a97d-d965ccfc6d4b" outcome="NotExecuted" testListId="8c84fa94-04c1-424b-9868-57a2d4851a1d" relativeResultsDirectory="918279bb-c6fc-432d-beb6-bb06d75e3cd3">
    </UnitTestResult>
    <UnitTestResult executionId="aa26a0a5-f3b6-4e48-8a54-b44762b3a88c" testId="486b0a80-0a49-67de-680c-77fefbf9cb23" testName="EliminateGuessesTest" computerName="USSLCL00134" testType="13cdc9d9-ddb5-4fa4-a97d-d965ccfc6d4b" outcome="NotExecuted" testListId="8c84fa94-04c1-424b-9868-57a2d4851a1d" relativeResultsDirectory="aa26a0a5-f3b6-4e48-8a54-b44762b3a88c">
    </UnitTestResult>
    <UnitTestResult executionId="210219f0-0bad-4df8-a916-a54b9d40915f" testId="aff20130-097e-3c60-01ae-85bf83573d5d" testName="FindSolveablePuzzleTest" computerName="USSLCL00134" testType="13cdc9d9-ddb5-4fa4-a97d-d965ccfc6d4b" outcome="NotExecuted" testListId="8c84fa94-04c1-424b-9868-57a2d4851a1d" relativeResultsDirectory="210219f0-0bad-4df8-a916-a54b9d40915f">
    </UnitTestResult>
    <UnitTestResult executionId="c76ae8d7-a392-4414-b44f-5dfd881a69d7" testId="f0d8d23e-83ba-003c-4577-8c8139e80124" testName="ProcessSingletonByColumnTest" computerName="USSLCL00134" testType="13cdc9d9-ddb5-4fa4-a97d-d965ccfc6d4b" outcome="NotExecuted" testListId="8c84fa94-04c1-424b-9868-57a2d4851a1d" relativeResultsDirectory="c76ae8d7-a392-4414-b44f-5dfd881a69d7">
    </UnitTestResult>
    <UnitTestResult executionId="4b0a66a4-5d2e-4d5b-91ab-7ef13e211f76" testId="db389166-8d20-0e20-66f8-9fc1731120ff" testName="ProcessSingletonByRowTest" computerName="USSLCL00134" testType="13cdc9d9-ddb5-4fa4-a97d-d965ccfc6d4b" outcome="NotExecuted" testListId="8c84fa94-04c1-424b-9868-57a2d4851a1d" relativeResultsDirectory="4b0a66a4-5d2e-4d5b-91ab-7ef13e211f76">
    </UnitTestResult>
    <UnitTestResult executionId="5186bf09-0a7c-4667-ad78-2a816469c39b" testId="a31b5d1d-5145-f3c8-eab2-ef40f677b278" testName="ProcessSingletonBySubSquareTest" computerName="USSLCL00134" testType="13cdc9d9-ddb5-4fa4-a97d-d965ccfc6d4b" outcome="NotExecuted" testListId="8c84fa94-04c1-424b-9868-57a2d4851a1d" relativeResultsDirectory="5186bf09-0a7c-4667-ad78-2a816469c39b">
    </UnitTestResult>
    <UnitTestResult executionId="ffe8059c-d233-46e7-8380-07c6ec5fe247" testId="e2097ad3-0a1f-892e-c6aa-0058407be6ec" testName="RandomlyUncoverSquaresTest" computerName="USSLCL00134" testType="13cdc9d9-ddb5-4fa4-a97d-d965ccfc6d4b" outcome="NotExecuted" testListId="8c84fa94-04c1-424b-9868-57a2d4851a1d" relativeResultsDirectory="ffe8059c-d233-46e7-8380-07c6ec5fe247">
    </UnitTestResult>
    <UnitTestResult executionId="a80296b8-a8fb-404b-a5f3-7d07d9e7f70d" testId="b38a9229-d380-9205-8996-ce540170d766" testName="SetSolutionTest" computerName="USSLCL00134" testType="13cdc9d9-ddb5-4fa4-a97d-d965ccfc6d4b" outcome="NotExecuted" testListId="8c84fa94-04c1-424b-9868-57a2d4851a1d" relativeResultsDirectory="a80296b8-a8fb-404b-a5f3-7d07d9e7f70d">
    </UnitTestResult>
    <UnitTestResult executionId="c60fb950-835b-45eb-bf9e-19c7616ccd53" testId="aced5c0b-e025-ba3d-7667-29ac179ec14c" testName="SingletonsBySubSquareTest" computerName="USSLCL00134" testType="13cdc9d9-ddb5-4fa4-a97d-d965ccfc6d4b" outcome="NotExecuted" testListId="8c84fa94-04c1-424b-9868-57a2d4851a1d" relativeResultsDirectory="c60fb950-835b-45eb-bf9e-19c7616ccd53">
    </UnitTestResult>
    <UnitTestResult executionId="b31384d7-05ec-4d3b-a2c5-9ef958cb47ce" testId="32a80b6d-7368-1157-bb75-936c90483568" testName="Step1FindSingleGuessesTest" computerName="USSLCL00134" testType="13cdc9d9-ddb5-4fa4-a97d-d965ccfc6d4b" outcome="NotExecuted" testListId="8c84fa94-04c1-424b-9868-57a2d4851a1d" relativeResultsDirectory="b31384d7-05ec-4d3b-a2c5-9ef958cb47ce">
    </UnitTestResult>
    <UnitTestResult executionId="d654b03e-4c52-4292-a2b9-5436affc0e45" testId="c05b9167-4d3e-9d9b-e8a1-385289ab6fb1" testName="Step2UseSingletonsTest" computerName="USSLCL00134" testType="13cdc9d9-ddb5-4fa4-a97d-d965ccfc6d4b" outcome="NotExecuted" testListId="8c84fa94-04c1-424b-9868-57a2d4851a1d" relativeResultsDirectory="d654b03e-4c52-4292-a2b9-5436affc0e45">
    </UnitTestResult>
    <UnitTestResult executionId="d9e26184-6961-46b1-80a2-e9d9787a4150" testId="96dd551e-c1b7-a21a-a45c-a1d7dd41182c" testName="WriteOutSudokuSolutionTest" computerName="USSLCL00134" testType="13cdc9d9-ddb5-4fa4-a97d-d965ccfc6d4b" outcome="NotExecuted" testListId="8c84fa94-04c1-424b-9868-57a2d4851a1d" relativeResultsDirectory="d9e26184-6961-46b1-80a2-e9d9787a4150">
    </UnitTestResult>
    <UnitTestResult executionId="2c014707-4bf4-4742-93c8-e8462853e039" testId="5b9e93c3-948f-f5f6-9929-816385f9f2c0" testName="DifficultyLevelTest" computerName="USSLCL00134" testType="13cdc9d9-ddb5-4fa4-a97d-d965ccfc6d4b" outcome="NotExecuted" testListId="8c84fa94-04c1-424b-9868-57a2d4851a1d" relativeResultsDirectory="2c014707-4bf4-4742-93c8-e8462853e039">
    </UnitTestResult>
    <UnitTestResult executionId="e4e59f5d-328f-4e58-be32-e84c9fc1d10a" testId="0b5c5a05-8808-1e13-2bf6-c395469abafa" testName="MaxDifficultyTest" computerName="USSLCL00134" testType="13cdc9d9-ddb5-4fa4-a97d-d965ccfc6d4b" outcome="NotExecuted" testListId="8c84fa94-04c1-424b-9868-57a2d4851a1d" relativeResultsDirectory="e4e59f5d-328f-4e58-be32-e84c9fc1d10a">
    </UnitTestResult>
    <UnitTestResult executionId="91e41321-b7e9-4020-98de-1b2e1a8d49cd" testId="5d0fcccf-e658-4e6b-4430-bef52b2023b8" testName="SolutionTest" computerName="USSLCL00134" testType="13cdc9d9-ddb5-4fa4-a97d-d965ccfc6d4b" outcome="NotExecuted" testListId="8c84fa94-04c1-424b-9868-57a2d4851a1d" relativeResultsDirectory="91e41321-b7e9-4020-98de-1b2e1a8d49cd">
    </UnitTestResult>
  </Results>
</TestRun>