<?xml version="1.0" encoding="UTF-8"?>
<TestRun id="48652cde-c467-4ea6-b022-d5201aef1219" name="nielsobr@USSLCL00134 2012-02-28 00:14:13" runUser="CORP\nielsobr" xmlns="http://microsoft.com/schemas/VisualStudio/TeamTest/2010">
  <TestSettings name="Local" id="eea220ab-40d6-40e9-934b-77bf5a1f08ee">
    <Description>These are default test settings for a local test run.</Description>
    <Deployment enabled="false" runDeploymentRoot="nielsobr_USSLCL00134 2012-02-28 00_14_13">
      <DeploymentItem filename="C:\Bruce N\Programming\Sudoku\Sudoku\bin\Debug\Sudoku.dll" />
    </Deployment>
    <Execution>
      <TestTypeSpecific />
      <AgentRule name="Execution Agents">
      </AgentRule>
    </Execution>
  </TestSettings>
  <Times creation="2012-02-28T00:14:13.5948362-07:00" queuing="2012-02-28T00:14:15.8116436-07:00" start="2012-02-28T00:14:15.9676439-07:00" finish="2012-02-28T00:14:22.4104552-07:00" />
  <ResultSummary outcome="Warning">
    <Counters total="40" executed="40" passed="40" error="0" failed="0" timeout="0" aborted="0" inconclusive="0" passedButRunAborted="0" notRunnable="0" notExecuted="0" disconnected="0" warning="0" completed="0" inProgress="0" pending="0" />
    <RunInfos>
      <RunInfo computerName="USSLCL00134" outcome="Warning" timestamp="2012-02-28T00:14:14.8912420-07:00">
        <Text>Deployment is currently disabled. The deployment item 'Sudoku.dll' on test 'TestSudoku.SudokuSolverTest.CheckForSolutionTest' was not deployed.</Text>
      </RunInfo>
    </RunInfos>
  </ResultSummary>
  <TestDefinitions>
    <UnitTest name="CheckForSolutionTest" storage="c:\bruce n\programming\sudoku\testsudoku\bin\debug\testsudoku.dll" id="fa9b5a98-11df-cc49-fac3-46a2c0f64ad4">
      <DeploymentItems>
        <DeploymentItem filename="Sudoku.dll" />
      </DeploymentItems>
      <Execution id="8b4a3a0f-542a-4381-953e-99269517518f" />
      <TestMethod codeBase="C:/Bruce N/Programming/Sudoku/TestSudoku/bin/Debug/TestSudoku.DLL" adapterTypeName="Microsoft.VisualStudio.TestTools.TestTypes.Unit.UnitTestAdapter, Microsoft.VisualStudio.QualityTools.Tips.UnitTest.Adapter, Version=10.0.0.0, Culture=neutral, PublicKeyToken=b03f5f7f11d50a3a" className="TestSudoku.SudokuSolverTest, TestSudoku, Version=1.0.0.0, Culture=neutral, PublicKeyToken=null" name="CheckForSolutionTest" />
    </UnitTest>
    <UnitTest name="PuzzleTest" storage="c:\bruce n\programming\sudoku\testsudoku\bin\debug\testsudoku.dll" id="716751e5-4a8b-99ba-38de-904dcf99d413">
      <DeploymentItems>
        <DeploymentItem filename="Sudoku.dll" />
      </DeploymentItems>
      <Execution id="c11e0cd5-33ca-4ac6-a939-0bdd6592804e" />
      <TestMethod codeBase="C:/Bruce N/Programming/Sudoku/TestSudoku/bin/Debug/TestSudoku.DLL" adapterTypeName="Microsoft.VisualStudio.TestTools.TestTypes.Unit.UnitTestAdapter, Microsoft.VisualStudio.QualityTools.Tips.UnitTest.Adapter, Version=10.0.0.0, Culture=neutral, PublicKeyToken=b03f5f7f11d50a3a" className="TestSudoku.SudokuSolverTest, TestSudoku, Version=1.0.0.0, Culture=neutral, PublicKeyToken=null" name="PuzzleTest" />
    </UnitTest>
    <UnitTest name="IsValidArrayTest" storage="c:\bruce n\programming\sudoku\testsudoku\bin\debug\testsudoku.dll" id="1ad507a0-5b9a-581b-e458-ab84bc32d160">
      <Execution id="e6b5f8e5-2380-46f7-affa-261cf1a11ae6" />
      <TestMethod codeBase="C:/Bruce N/Programming/Sudoku/TestSudoku/bin/Debug/TestSudoku.DLL" adapterTypeName="Microsoft.VisualStudio.TestTools.TestTypes.Unit.UnitTestAdapter, Microsoft.VisualStudio.QualityTools.Tips.UnitTest.Adapter, Version=10.0.0.0, Culture=neutral, PublicKeyToken=b03f5f7f11d50a3a" className="TestSudoku.SudokuSolutionTest, TestSudoku, Version=1.0.0.0, Culture=neutral, PublicKeyToken=null" name="IsValidArrayTest" />
    </UnitTest>
    <UnitTest name="PairsByRowAndColumnTest" storage="c:\bruce n\programming\sudoku\testsudoku\bin\debug\testsudoku.dll" id="fb8d0f66-1952-3fa5-f41f-3e992361d3ef">
      <DeploymentItems>
        <DeploymentItem filename="Sudoku.dll" />
      </DeploymentItems>
      <Execution id="85a5c7a8-116c-48fa-ba75-7d88630c31d3" />
      <TestMethod codeBase="C:/Bruce N/Programming/Sudoku/TestSudoku/bin/Debug/TestSudoku.DLL" adapterTypeName="Microsoft.VisualStudio.TestTools.TestTypes.Unit.UnitTestAdapter, Microsoft.VisualStudio.QualityTools.Tips.UnitTest.Adapter, Version=10.0.0.0, Culture=neutral, PublicKeyToken=b03f5f7f11d50a3a" className="TestSudoku.SudokuSolverTest, TestSudoku, Version=1.0.0.0, Culture=neutral, PublicKeyToken=null" name="PairsByRowAndColumnTest" />
    </UnitTest>
    <UnitTest name="UncoverCountBySubSquareTest" storage="c:\bruce n\programming\sudoku\testsudoku\bin\debug\testsudoku.dll" id="df32b477-d68b-2a2b-b301-d704a740e06b">
      <DeploymentItems>
        <DeploymentItem filename="Sudoku.dll" />
      </DeploymentItems>
      <Execution id="973da82c-cc85-4175-be90-69186538ccc4" />
      <TestMethod codeBase="C:/Bruce N/Programming/Sudoku/TestSudoku/bin/Debug/TestSudoku.DLL" adapterTypeName="Microsoft.VisualStudio.TestTools.TestTypes.Unit.UnitTestAdapter, Microsoft.VisualStudio.QualityTools.Tips.UnitTest.Adapter, Version=10.0.0.0, Culture=neutral, PublicKeyToken=b03f5f7f11d50a3a" className="TestSudoku.SudokuPuzzleTest, TestSudoku, Version=1.0.0.0, Culture=neutral, PublicKeyToken=null" name="UncoverCountBySubSquareTest" />
    </UnitTest>
    <UnitTest name="GetSolutionTest" storage="c:\bruce n\programming\sudoku\testsudoku\bin\debug\testsudoku.dll" id="dd354d43-207a-04dc-f6e6-9f0e1d3caca6">
      <Execution id="79f107f2-22b3-43e2-bbb4-33171405a7ea" />
      <TestMethod codeBase="C:/Bruce N/Programming/Sudoku/TestSudoku/bin/Debug/TestSudoku.DLL" adapterTypeName="Microsoft.VisualStudio.TestTools.TestTypes.Unit.UnitTestAdapter, Microsoft.VisualStudio.QualityTools.Tips.UnitTest.Adapter, Version=10.0.0.0, Culture=neutral, PublicKeyToken=b03f5f7f11d50a3a" className="TestSudoku.SudokuSolverTest, TestSudoku, Version=1.0.0.0, Culture=neutral, PublicKeyToken=null" name="GetSolutionTest" />
    </UnitTest>
    <UnitTest name="Step2UseSingletonsTest" storage="c:\bruce n\programming\sudoku\testsudoku\bin\debug\testsudoku.dll" id="aabce983-0847-8133-b6b4-ae8b0475dffb">
      <DeploymentItems>
        <DeploymentItem filename="Sudoku.dll" />
      </DeploymentItems>
      <Execution id="1725ffe7-dfe9-44d3-a132-970f9607bc5f" />
      <TestMethod codeBase="C:/Bruce N/Programming/Sudoku/TestSudoku/bin/Debug/TestSudoku.DLL" adapterTypeName="Microsoft.VisualStudio.TestTools.TestTypes.Unit.UnitTestAdapter, Microsoft.VisualStudio.QualityTools.Tips.UnitTest.Adapter, Version=10.0.0.0, Culture=neutral, PublicKeyToken=b03f5f7f11d50a3a" className="TestSudoku.SudokuSolverTest, TestSudoku, Version=1.0.0.0, Culture=neutral, PublicKeyToken=null" name="Step2UseSingletonsTest" />
    </UnitTest>
    <UnitTest name="SudokuPuzzleConstructorTest" storage="c:\bruce n\programming\sudoku\testsudoku\bin\debug\testsudoku.dll" id="cbaf69e5-bb1d-8df0-d456-f15e409b1c45">
      <Execution id="88cd3451-a79c-423a-a711-8171f2564389" />
      <TestMethod codeBase="C:/Bruce N/Programming/Sudoku/TestSudoku/bin/Debug/TestSudoku.DLL" adapterTypeName="Microsoft.VisualStudio.TestTools.TestTypes.Unit.UnitTestAdapter, Microsoft.VisualStudio.QualityTools.Tips.UnitTest.Adapter, Version=10.0.0.0, Culture=neutral, PublicKeyToken=b03f5f7f11d50a3a" className="TestSudoku.SudokuPuzzleTest, TestSudoku, Version=1.0.0.0, Culture=neutral, PublicKeyToken=null" name="SudokuPuzzleConstructorTest" />
    </UnitTest>
    <UnitTest name="IsValidTest" storage="c:\bruce n\programming\sudoku\testsudoku\bin\debug\testsudoku.dll" id="a5bbbdc5-93ee-df0d-3653-ee172d550aca">
      <DeploymentItems>
        <DeploymentItem filename="Sudoku.dll" />
      </DeploymentItems>
      <Execution id="b842c2e1-9aca-4bf5-ae75-65d20c58c81a" />
      <TestMethod codeBase="C:/Bruce N/Programming/Sudoku/TestSudoku/bin/Debug/TestSudoku.DLL" adapterTypeName="Microsoft.VisualStudio.TestTools.TestTypes.Unit.UnitTestAdapter, Microsoft.VisualStudio.QualityTools.Tips.UnitTest.Adapter, Version=10.0.0.0, Culture=neutral, PublicKeyToken=b03f5f7f11d50a3a" className="TestSudoku.SudokuSolutionTest, TestSudoku, Version=1.0.0.0, Culture=neutral, PublicKeyToken=null" name="IsValidTest" />
    </UnitTest>
    <UnitTest name="FullSolverTest" storage="c:\bruce n\programming\sudoku\testsudoku\bin\debug\testsudoku.dll" id="486f69e0-56fc-2037-29f3-157fb3ae50a3">
      <Execution id="de9fd7f0-9100-4638-be5d-48218c707523" />
      <TestMethod codeBase="C:/Bruce N/Programming/Sudoku/TestSudoku/bin/Debug/TestSudoku.DLL" adapterTypeName="Microsoft.VisualStudio.TestTools.TestTypes.Unit.UnitTestAdapter, Microsoft.VisualStudio.QualityTools.Tips.UnitTest.Adapter, Version=10.0.0.0, Culture=neutral, PublicKeyToken=b03f5f7f11d50a3a" className="TestSudoku.SudokuSolverTest, TestSudoku, Version=1.0.0.0, Culture=neutral, PublicKeyToken=null" name="FullSolverTest" />
    </UnitTest>
    <UnitTest name="FindSolutionTest" storage="c:\bruce n\programming\sudoku\testsudoku\bin\debug\testsudoku.dll" id="c786f71b-7d10-1c2a-4b32-86a35b6a4f84">
      <DeploymentItems>
        <DeploymentItem filename="Sudoku.dll" />
      </DeploymentItems>
      <Execution id="8fb0ef74-38b5-4b90-8ff5-2f03d13bfba3" />
      <TestMethod codeBase="C:/Bruce N/Programming/Sudoku/TestSudoku/bin/Debug/TestSudoku.DLL" adapterTypeName="Microsoft.VisualStudio.TestTools.TestTypes.Unit.UnitTestAdapter, Microsoft.VisualStudio.QualityTools.Tips.UnitTest.Adapter, Version=10.0.0.0, Culture=neutral, PublicKeyToken=b03f5f7f11d50a3a" className="TestSudoku.SudokuSolverTest, TestSudoku, Version=1.0.0.0, Culture=neutral, PublicKeyToken=null" name="FindSolutionTest" />
    </UnitTest>
    <UnitTest name="UncoverPuzzleTest" storage="c:\bruce n\programming\sudoku\testsudoku\bin\debug\testsudoku.dll" id="b101bcbb-27a3-55ce-2dd9-0f0f3a5bb264">
      <DeploymentItems>
        <DeploymentItem filename="Sudoku.dll" />
      </DeploymentItems>
      <Execution id="8c42db59-07d7-4fe3-8bcd-fa29006bf82e" />
      <TestMethod codeBase="C:/Bruce N/Programming/Sudoku/TestSudoku/bin/Debug/TestSudoku.DLL" adapterTypeName="Microsoft.VisualStudio.TestTools.TestTypes.Unit.UnitTestAdapter, Microsoft.VisualStudio.QualityTools.Tips.UnitTest.Adapter, Version=10.0.0.0, Culture=neutral, PublicKeyToken=b03f5f7f11d50a3a" className="TestSudoku.SudokuPuzzleTest, TestSudoku, Version=1.0.0.0, Culture=neutral, PublicKeyToken=null" name="UncoverPuzzleTest" />
    </UnitTest>
    <UnitTest name="AttemptSetSudokuArrayTest" storage="c:\bruce n\programming\sudoku\testsudoku\bin\debug\testsudoku.dll" id="91db702d-a069-121c-623e-6db4435b1aba">
      <DeploymentItems>
        <DeploymentItem filename="Sudoku.dll" />
      </DeploymentItems>
      <Execution id="c17be274-003d-4a79-8320-deda3a5e24eb" />
      <TestMethod codeBase="C:/Bruce N/Programming/Sudoku/TestSudoku/bin/Debug/TestSudoku.DLL" adapterTypeName="Microsoft.VisualStudio.TestTools.TestTypes.Unit.UnitTestAdapter, Microsoft.VisualStudio.QualityTools.Tips.UnitTest.Adapter, Version=10.0.0.0, Culture=neutral, PublicKeyToken=b03f5f7f11d50a3a" className="TestSudoku.SudokuSolutionTest, TestSudoku, Version=1.0.0.0, Culture=neutral, PublicKeyToken=null" name="AttemptSetSudokuArrayTest" />
    </UnitTest>
    <UnitTest name="TestUnsolveableToTrivalTransition" storage="c:\bruce n\programming\sudoku\testsudoku\bin\debug\testsudoku.dll" id="eb717bdb-b632-ea94-6daf-0927684c8ade">
      <DeploymentItems>
        <DeploymentItem filename="Sudoku.dll" />
      </DeploymentItems>
      <Execution id="07fa5064-15db-46f7-bae3-38b606feda70" />
      <TestMethod codeBase="C:/Bruce N/Programming/Sudoku/TestSudoku/bin/Debug/TestSudoku.DLL" adapterTypeName="Microsoft.VisualStudio.TestTools.TestTypes.Unit.UnitTestAdapter, Microsoft.VisualStudio.QualityTools.Tips.UnitTest.Adapter, Version=10.0.0.0, Culture=neutral, PublicKeyToken=b03f5f7f11d50a3a" className="TestSudoku.SudokuPuzzleTest, TestSudoku, Version=1.0.0.0, Culture=neutral, PublicKeyToken=null" name="TestUnsolveableToTrivalTransition" />
    </UnitTest>
    <UnitTest name="SudokuGridConstructorTest" storage="c:\bruce n\programming\sudoku\testsudoku\bin\debug\testsudoku.dll" id="4a57bcbc-c2e0-21d9-7139-dd191b24dab5">
      <Execution id="da380562-2367-4b34-807f-0a0b6cf87d2f" />
      <TestMethod codeBase="C:/Bruce N/Programming/Sudoku/TestSudoku/bin/Debug/TestSudoku.DLL" adapterTypeName="Microsoft.VisualStudio.TestTools.TestTypes.Unit.UnitTestAdapter, Microsoft.VisualStudio.QualityTools.Tips.UnitTest.Adapter, Version=10.0.0.0, Culture=neutral, PublicKeyToken=b03f5f7f11d50a3a" className="TestSudoku.SudokuSolutionTest, TestSudoku, Version=1.0.0.0, Culture=neutral, PublicKeyToken=null" name="SudokuGridConstructorTest" />
    </UnitTest>
    <UnitTest name="SudokuSolverConstructorTest" storage="c:\bruce n\programming\sudoku\testsudoku\bin\debug\testsudoku.dll" id="67db4d28-f094-a340-ae25-66f3a5741beb">
      <Execution id="359a3df3-5e98-4ced-a440-68c71f610f3a" />
      <TestMethod codeBase="C:/Bruce N/Programming/Sudoku/TestSudoku/bin/Debug/TestSudoku.DLL" adapterTypeName="Microsoft.VisualStudio.TestTools.TestTypes.Unit.UnitTestAdapter, Microsoft.VisualStudio.QualityTools.Tips.UnitTest.Adapter, Version=10.0.0.0, Culture=neutral, PublicKeyToken=b03f5f7f11d50a3a" className="TestSudoku.SudokuSolverTest, TestSudoku, Version=1.0.0.0, Culture=neutral, PublicKeyToken=null" name="SudokuSolverConstructorTest" />
    </UnitTest>
    <UnitTest name="SingletonsByColumnTest" storage="c:\bruce n\programming\sudoku\testsudoku\bin\debug\testsudoku.dll" id="ebf6dfdb-90cf-f38c-6018-faa540ba0d72">
      <DeploymentItems>
        <DeploymentItem filename="Sudoku.dll" />
      </DeploymentItems>
      <Execution id="9ee853db-65df-414c-85ec-8568ced46b60" />
      <TestMethod codeBase="C:/Bruce N/Programming/Sudoku/TestSudoku/bin/Debug/TestSudoku.DLL" adapterTypeName="Microsoft.VisualStudio.TestTools.TestTypes.Unit.UnitTestAdapter, Microsoft.VisualStudio.QualityTools.Tips.UnitTest.Adapter, Version=10.0.0.0, Culture=neutral, PublicKeyToken=b03f5f7f11d50a3a" className="TestSudoku.SudokuSolverTest, TestSudoku, Version=1.0.0.0, Culture=neutral, PublicKeyToken=null" name="SingletonsByColumnTest" />
    </UnitTest>
    <UnitTest name="MakeCopyTest" storage="c:\bruce n\programming\sudoku\testsudoku\bin\debug\testsudoku.dll" id="bc6cc949-a9b9-986d-2e2e-93bd454a56b0">
      <DeploymentItems>
        <DeploymentItem filename="Sudoku.dll" />
      </DeploymentItems>
      <Execution id="da47e06e-98a5-4cf6-a670-c8d872dee63c" />
      <TestMethod codeBase="C:/Bruce N/Programming/Sudoku/TestSudoku/bin/Debug/TestSudoku.DLL" adapterTypeName="Microsoft.VisualStudio.TestTools.TestTypes.Unit.UnitTestAdapter, Microsoft.VisualStudio.QualityTools.Tips.UnitTest.Adapter, Version=10.0.0.0, Culture=neutral, PublicKeyToken=b03f5f7f11d50a3a" className="TestSudoku.SudokuSolutionTest, TestSudoku, Version=1.0.0.0, Culture=neutral, PublicKeyToken=null" name="MakeCopyTest" />
    </UnitTest>
    <UnitTest name="WriteOutSudokuGridTest" storage="c:\bruce n\programming\sudoku\testsudoku\bin\debug\testsudoku.dll" id="933e71ec-78d1-7194-9f14-c69be4833ba2">
      <Execution id="7d1fe976-39ea-4c6a-86d7-4347c1c40da3" />
      <TestMethod codeBase="C:/Bruce N/Programming/Sudoku/TestSudoku/bin/Debug/TestSudoku.DLL" adapterTypeName="Microsoft.VisualStudio.TestTools.TestTypes.Unit.UnitTestAdapter, Microsoft.VisualStudio.QualityTools.Tips.UnitTest.Adapter, Version=10.0.0.0, Culture=neutral, PublicKeyToken=b03f5f7f11d50a3a" className="TestSudoku.SudokuGridTest, TestSudoku, Version=1.0.0.0, Culture=neutral, PublicKeyToken=null" name="WriteOutSudokuGridTest" />
    </UnitTest>
    <UnitTest name="FindValidNumberForTest" storage="c:\bruce n\programming\sudoku\testsudoku\bin\debug\testsudoku.dll" id="c37c5030-5bf8-5a4d-859d-184581b22311">
      <DeploymentItems>
        <DeploymentItem filename="Sudoku.dll" />
      </DeploymentItems>
      <Execution id="587390ef-f600-48eb-834f-5c5041efd967" />
      <TestMethod codeBase="C:/Bruce N/Programming/Sudoku/TestSudoku/bin/Debug/TestSudoku.DLL" adapterTypeName="Microsoft.VisualStudio.TestTools.TestTypes.Unit.UnitTestAdapter, Microsoft.VisualStudio.QualityTools.Tips.UnitTest.Adapter, Version=10.0.0.0, Culture=neutral, PublicKeyToken=b03f5f7f11d50a3a" className="TestSudoku.SudokuSolutionTest, TestSudoku, Version=1.0.0.0, Culture=neutral, PublicKeyToken=null" name="FindValidNumberForTest" />
    </UnitTest>
    <UnitTest name="TestProblemsWithStep3FindPairs" storage="c:\bruce n\programming\sudoku\testsudoku\bin\debug\testsudoku.dll" id="50d73d16-c467-1990-6c2f-20f749cde691">
      <DeploymentItems>
        <DeploymentItem filename="Sudoku.dll" />
      </DeploymentItems>
      <Execution id="e484c138-5e64-4fb1-89a9-50fd38e6dc01" />
      <TestMethod codeBase="C:/Bruce N/Programming/Sudoku/TestSudoku/bin/Debug/TestSudoku.DLL" adapterTypeName="Microsoft.VisualStudio.TestTools.TestTypes.Unit.UnitTestAdapter, Microsoft.VisualStudio.QualityTools.Tips.UnitTest.Adapter, Version=10.0.0.0, Culture=neutral, PublicKeyToken=b03f5f7f11d50a3a" className="TestSudoku.SudokuSolverTest, TestSudoku, Version=1.0.0.0, Culture=neutral, PublicKeyToken=null" name="TestProblemsWithStep3FindPairs" />
    </UnitTest>
    <UnitTest name="SingletonsByRowTest" storage="c:\bruce n\programming\sudoku\testsudoku\bin\debug\testsudoku.dll" id="6b9b857f-bbd3-0295-780c-7d7ce180e683">
      <DeploymentItems>
        <DeploymentItem filename="Sudoku.dll" />
      </DeploymentItems>
      <Execution id="fae82471-47fe-4a20-9013-8176ca4d5c52" />
      <TestMethod codeBase="C:/Bruce N/Programming/Sudoku/TestSudoku/bin/Debug/TestSudoku.DLL" adapterTypeName="Microsoft.VisualStudio.TestTools.TestTypes.Unit.UnitTestAdapter, Microsoft.VisualStudio.QualityTools.Tips.UnitTest.Adapter, Version=10.0.0.0, Culture=neutral, PublicKeyToken=b03f5f7f11d50a3a" className="TestSudoku.SudokuSolverTest, TestSudoku, Version=1.0.0.0, Culture=neutral, PublicKeyToken=null" name="SingletonsByRowTest" />
    </UnitTest>
    <UnitTest name="NextSquareTest" storage="c:\bruce n\programming\sudoku\testsudoku\bin\debug\testsudoku.dll" id="88f57e9b-c6f8-a8c9-6bd0-511ff05cfb16">
      <DeploymentItems>
        <DeploymentItem filename="Sudoku.dll" />
      </DeploymentItems>
      <Execution id="d50b2941-1f7d-4fb6-a8c6-199267ff9048" />
      <TestMethod codeBase="C:/Bruce N/Programming/Sudoku/TestSudoku/bin/Debug/TestSudoku.DLL" adapterTypeName="Microsoft.VisualStudio.TestTools.TestTypes.Unit.UnitTestAdapter, Microsoft.VisualStudio.QualityTools.Tips.UnitTest.Adapter, Version=10.0.0.0, Culture=neutral, PublicKeyToken=b03f5f7f11d50a3a" className="TestSudoku.SudokuSolutionTest, TestSudoku, Version=1.0.0.0, Culture=neutral, PublicKeyToken=null" name="NextSquareTest" />
    </UnitTest>
    <UnitTest name="AssessDifficultyTest" storage="c:\bruce n\programming\sudoku\testsudoku\bin\debug\testsudoku.dll" id="80155721-06d3-979c-8f6d-29dc41f17ef1">
      <Execution id="ec73301f-410d-4ed7-a0eb-3c1021b613b6" />
      <TestMethod codeBase="C:/Bruce N/Programming/Sudoku/TestSudoku/bin/Debug/TestSudoku.DLL" adapterTypeName="Microsoft.VisualStudio.TestTools.TestTypes.Unit.UnitTestAdapter, Microsoft.VisualStudio.QualityTools.Tips.UnitTest.Adapter, Version=10.0.0.0, Culture=neutral, PublicKeyToken=b03f5f7f11d50a3a" className="TestSudoku.SudokuPuzzleTest, TestSudoku, Version=1.0.0.0, Culture=neutral, PublicKeyToken=null" name="AssessDifficultyTest" />
    </UnitTest>
    <UnitTest name="SingletonsBySubsquareTest" storage="c:\bruce n\programming\sudoku\testsudoku\bin\debug\testsudoku.dll" id="1a1703db-8eff-c9cf-7c21-727ed5f67909">
      <DeploymentItems>
        <DeploymentItem filename="Sudoku.dll" />
      </DeploymentItems>
      <Execution id="772856d4-6fe4-4582-a03b-f0588e37d7c9" />
      <TestMethod codeBase="C:/Bruce N/Programming/Sudoku/TestSudoku/bin/Debug/TestSudoku.DLL" adapterTypeName="Microsoft.VisualStudio.TestTools.TestTypes.Unit.UnitTestAdapter, Microsoft.VisualStudio.QualityTools.Tips.UnitTest.Adapter, Version=10.0.0.0, Culture=neutral, PublicKeyToken=b03f5f7f11d50a3a" className="TestSudoku.SudokuSolverTest, TestSudoku, Version=1.0.0.0, Culture=neutral, PublicKeyToken=null" name="SingletonsBySubsquareTest" />
    </UnitTest>
    <UnitTest name="InitializePuzzleTest" storage="c:\bruce n\programming\sudoku\testsudoku\bin\debug\testsudoku.dll" id="464cd04b-06f9-910c-d478-a5fa37cd2247">
      <DeploymentItems>
        <DeploymentItem filename="Sudoku.dll" />
      </DeploymentItems>
      <Execution id="4b45aa88-ac89-4c9b-8795-5ad169570c23" />
      <TestMethod codeBase="C:/Bruce N/Programming/Sudoku/TestSudoku/bin/Debug/TestSudoku.DLL" adapterTypeName="Microsoft.VisualStudio.TestTools.TestTypes.Unit.UnitTestAdapter, Microsoft.VisualStudio.QualityTools.Tips.UnitTest.Adapter, Version=10.0.0.0, Culture=neutral, PublicKeyToken=b03f5f7f11d50a3a" className="TestSudoku.SudokuPuzzleTest, TestSudoku, Version=1.0.0.0, Culture=neutral, PublicKeyToken=null" name="InitializePuzzleTest" />
    </UnitTest>
    <UnitTest name="TestSingletonsToFillInPuzzle" storage="c:\bruce n\programming\sudoku\testsudoku\bin\debug\testsudoku.dll" id="8759e944-8653-b38d-1a0f-ebb1d8b476a9">
      <DeploymentItems>
        <DeploymentItem filename="Sudoku.dll" />
      </DeploymentItems>
      <Execution id="0d526657-d5e1-4890-97e3-701d997afc5c" />
      <TestMethod codeBase="C:/Bruce N/Programming/Sudoku/TestSudoku/bin/Debug/TestSudoku.DLL" adapterTypeName="Microsoft.VisualStudio.TestTools.TestTypes.Unit.UnitTestAdapter, Microsoft.VisualStudio.QualityTools.Tips.UnitTest.Adapter, Version=10.0.0.0, Culture=neutral, PublicKeyToken=b03f5f7f11d50a3a" className="TestSudoku.SudokuPuzzleTest, TestSudoku, Version=1.0.0.0, Culture=neutral, PublicKeyToken=null" name="TestSingletonsToFillInPuzzle" />
    </UnitTest>
    <UnitTest name="DifficultyLevelTest" storage="c:\bruce n\programming\sudoku\testsudoku\bin\debug\testsudoku.dll" id="7b1184f2-6210-8f2c-db67-fcb554f7c797">
      <Execution id="8bafe0c4-dd38-4a95-b8b3-826d5238a872" />
      <TestMethod codeBase="C:/Bruce N/Programming/Sudoku/TestSudoku/bin/Debug/TestSudoku.DLL" adapterTypeName="Microsoft.VisualStudio.TestTools.TestTypes.Unit.UnitTestAdapter, Microsoft.VisualStudio.QualityTools.Tips.UnitTest.Adapter, Version=10.0.0.0, Culture=neutral, PublicKeyToken=b03f5f7f11d50a3a" className="TestSudoku.SudokuSolverTest, TestSudoku, Version=1.0.0.0, Culture=neutral, PublicKeyToken=null" name="DifficultyLevelTest" />
    </UnitTest>
    <UnitTest name="SetSudokuArrayTest" storage="c:\bruce n\programming\sudoku\testsudoku\bin\debug\testsudoku.dll" id="8828e05c-a42f-e363-e341-6794a476517b">
      <DeploymentItems>
        <DeploymentItem filename="Sudoku.dll" />
      </DeploymentItems>
      <Execution id="4c0d83ec-1778-48ad-b06f-4c4dc9904f7c" />
      <TestMethod codeBase="C:/Bruce N/Programming/Sudoku/TestSudoku/bin/Debug/TestSudoku.DLL" adapterTypeName="Microsoft.VisualStudio.TestTools.TestTypes.Unit.UnitTestAdapter, Microsoft.VisualStudio.QualityTools.Tips.UnitTest.Adapter, Version=10.0.0.0, Culture=neutral, PublicKeyToken=b03f5f7f11d50a3a" className="TestSudoku.SudokuSolutionTest, TestSudoku, Version=1.0.0.0, Culture=neutral, PublicKeyToken=null" name="SetSudokuArrayTest" />
    </UnitTest>
    <UnitTest name="TestSudokuSolutionCreation" storage="c:\bruce n\programming\sudoku\testsudoku\bin\debug\testsudoku.dll" id="c2bb07ee-ec47-2144-fb15-eb859f70a4fb">
      <Execution id="aab34cf8-d743-410f-8d78-04f8122d96bd" />
      <TestMethod codeBase="C:/Bruce N/Programming/Sudoku/TestSudoku/bin/Debug/TestSudoku.DLL" adapterTypeName="Microsoft.VisualStudio.TestTools.TestTypes.Unit.UnitTestAdapter, Microsoft.VisualStudio.QualityTools.Tips.UnitTest.Adapter, Version=10.0.0.0, Culture=neutral, PublicKeyToken=b03f5f7f11d50a3a" className="TestSudoku.TestCreateSudoku, TestSudoku, Version=1.0.0.0, Culture=neutral, PublicKeyToken=null" name="TestSudokuSolutionCreation" />
    </UnitTest>
    <UnitTest name="Step3UsePairsTest" storage="c:\bruce n\programming\sudoku\testsudoku\bin\debug\testsudoku.dll" id="04491180-eae4-f06f-187d-ebc0638faa7d">
      <DeploymentItems>
        <DeploymentItem filename="Sudoku.dll" />
      </DeploymentItems>
      <Execution id="8afcdcf9-a57d-44c0-865b-371f6ba2fdcc" />
      <TestMethod codeBase="C:/Bruce N/Programming/Sudoku/TestSudoku/bin/Debug/TestSudoku.DLL" adapterTypeName="Microsoft.VisualStudio.TestTools.TestTypes.Unit.UnitTestAdapter, Microsoft.VisualStudio.QualityTools.Tips.UnitTest.Adapter, Version=10.0.0.0, Culture=neutral, PublicKeyToken=b03f5f7f11d50a3a" className="TestSudoku.SudokuSolverTest, TestSudoku, Version=1.0.0.0, Culture=neutral, PublicKeyToken=null" name="Step3UsePairsTest" />
    </UnitTest>
    <UnitTest name="FindSolveablePuzzleTest" storage="c:\bruce n\programming\sudoku\testsudoku\bin\debug\testsudoku.dll" id="8a2dec74-abc6-a0c9-7c0e-21c6df6bc9b0">
      <DeploymentItems>
        <DeploymentItem filename="Sudoku.dll" />
      </DeploymentItems>
      <Execution id="f3be269f-a568-4abb-8a9f-73087b0e7815" />
      <TestMethod codeBase="C:/Bruce N/Programming/Sudoku/TestSudoku/bin/Debug/TestSudoku.DLL" adapterTypeName="Microsoft.VisualStudio.TestTools.TestTypes.Unit.UnitTestAdapter, Microsoft.VisualStudio.QualityTools.Tips.UnitTest.Adapter, Version=10.0.0.0, Culture=neutral, PublicKeyToken=b03f5f7f11d50a3a" className="TestSudoku.SudokuPuzzleTest, TestSudoku, Version=1.0.0.0, Culture=neutral, PublicKeyToken=null" name="FindSolveablePuzzleTest" />
    </UnitTest>
    <UnitTest name="BackSquareTest" storage="c:\bruce n\programming\sudoku\testsudoku\bin\debug\testsudoku.dll" id="32c2c6f6-2474-8918-6297-2116ff97cfeb">
      <DeploymentItems>
        <DeploymentItem filename="Sudoku.dll" />
      </DeploymentItems>
      <Execution id="7a1dbd8a-dbda-45a6-a719-a8d7898079ce" />
      <TestMethod codeBase="C:/Bruce N/Programming/Sudoku/TestSudoku/bin/Debug/TestSudoku.DLL" adapterTypeName="Microsoft.VisualStudio.TestTools.TestTypes.Unit.UnitTestAdapter, Microsoft.VisualStudio.QualityTools.Tips.UnitTest.Adapter, Version=10.0.0.0, Culture=neutral, PublicKeyToken=b03f5f7f11d50a3a" className="TestSudoku.SudokuSolutionTest, TestSudoku, Version=1.0.0.0, Culture=neutral, PublicKeyToken=null" name="BackSquareTest" />
    </UnitTest>
    <UnitTest name="ClearGuessesTest" storage="c:\bruce n\programming\sudoku\testsudoku\bin\debug\testsudoku.dll" id="f22be3fe-e6de-c94d-69d0-1f8a2b594bcc">
      <DeploymentItems>
        <DeploymentItem filename="Sudoku.dll" />
      </DeploymentItems>
      <Execution id="2ae632e5-2b32-4dcb-9a25-81f9a43c0981" />
      <TestMethod codeBase="C:/Bruce N/Programming/Sudoku/TestSudoku/bin/Debug/TestSudoku.DLL" adapterTypeName="Microsoft.VisualStudio.TestTools.TestTypes.Unit.UnitTestAdapter, Microsoft.VisualStudio.QualityTools.Tips.UnitTest.Adapter, Version=10.0.0.0, Culture=neutral, PublicKeyToken=b03f5f7f11d50a3a" className="TestSudoku.SudokuSolverTest, TestSudoku, Version=1.0.0.0, Culture=neutral, PublicKeyToken=null" name="ClearGuessesTest" />
    </UnitTest>
    <UnitTest name="UncoverInSubSquareTest" storage="c:\bruce n\programming\sudoku\testsudoku\bin\debug\testsudoku.dll" id="c57d37a4-c06f-80ba-35d3-1145d1503361">
      <DeploymentItems>
        <DeploymentItem filename="Sudoku.dll" />
      </DeploymentItems>
      <Execution id="27f63248-2fae-4aba-bef4-f0659e2d4cd4" />
      <TestMethod codeBase="C:/Bruce N/Programming/Sudoku/TestSudoku/bin/Debug/TestSudoku.DLL" adapterTypeName="Microsoft.VisualStudio.TestTools.TestTypes.Unit.UnitTestAdapter, Microsoft.VisualStudio.QualityTools.Tips.UnitTest.Adapter, Version=10.0.0.0, Culture=neutral, PublicKeyToken=b03f5f7f11d50a3a" className="TestSudoku.SudokuPuzzleTest, TestSudoku, Version=1.0.0.0, Culture=neutral, PublicKeyToken=null" name="UncoverInSubSquareTest" />
    </UnitTest>
    <UnitTest name="PairsBySubSquareTest" storage="c:\bruce n\programming\sudoku\testsudoku\bin\debug\testsudoku.dll" id="6088445e-ad5f-0116-dac2-af0a24e5b1e7">
      <DeploymentItems>
        <DeploymentItem filename="Sudoku.dll" />
      </DeploymentItems>
      <Execution id="82949d27-2daa-4a57-95a6-2837b5ec08e5" />
      <TestMethod codeBase="C:/Bruce N/Programming/Sudoku/TestSudoku/bin/Debug/TestSudoku.DLL" adapterTypeName="Microsoft.VisualStudio.TestTools.TestTypes.Unit.UnitTestAdapter, Microsoft.VisualStudio.QualityTools.Tips.UnitTest.Adapter, Version=10.0.0.0, Culture=neutral, PublicKeyToken=b03f5f7f11d50a3a" className="TestSudoku.SudokuSolverTest, TestSudoku, Version=1.0.0.0, Culture=neutral, PublicKeyToken=null" name="PairsBySubSquareTest" />
    </UnitTest>
    <UnitTest name="TotalUncoversTest" storage="c:\bruce n\programming\sudoku\testsudoku\bin\debug\testsudoku.dll" id="2399e5e9-33b2-7f7a-c355-bc5e0c3626d2">
      <DeploymentItems>
        <DeploymentItem filename="Sudoku.dll" />
      </DeploymentItems>
      <Execution id="abf04929-4fa7-47c5-b213-ee5a9651ef96" />
      <TestMethod codeBase="C:/Bruce N/Programming/Sudoku/TestSudoku/bin/Debug/TestSudoku.DLL" adapterTypeName="Microsoft.VisualStudio.TestTools.TestTypes.Unit.UnitTestAdapter, Microsoft.VisualStudio.QualityTools.Tips.UnitTest.Adapter, Version=10.0.0.0, Culture=neutral, PublicKeyToken=b03f5f7f11d50a3a" className="TestSudoku.SudokuPuzzleTest, TestSudoku, Version=1.0.0.0, Culture=neutral, PublicKeyToken=null" name="TotalUncoversTest" />
    </UnitTest>
    <UnitTest name="UncoverSquareTest" storage="c:\bruce n\programming\sudoku\testsudoku\bin\debug\testsudoku.dll" id="772b16a3-1ab2-0bee-538a-2e94c347e7a1">
      <DeploymentItems>
        <DeploymentItem filename="Sudoku.dll" />
      </DeploymentItems>
      <Execution id="36b98ed3-1f87-4860-8a32-4eb0ede92f07" />
      <TestMethod codeBase="C:/Bruce N/Programming/Sudoku/TestSudoku/bin/Debug/TestSudoku.DLL" adapterTypeName="Microsoft.VisualStudio.TestTools.TestTypes.Unit.UnitTestAdapter, Microsoft.VisualStudio.QualityTools.Tips.UnitTest.Adapter, Version=10.0.0.0, Culture=neutral, PublicKeyToken=b03f5f7f11d50a3a" className="TestSudoku.SudokuPuzzleTest, TestSudoku, Version=1.0.0.0, Culture=neutral, PublicKeyToken=null" name="UncoverSquareTest" />
    </UnitTest>
    <UnitTest name="TestSudokuPuzzleSolver" storage="c:\bruce n\programming\sudoku\testsudoku\bin\debug\testsudoku.dll" id="80906e2f-5edd-4386-f241-db74d6472a2a">
      <Execution id="7ec33c21-c926-4b95-8b66-0609ac358d53" />
      <TestMethod codeBase="C:/Bruce N/Programming/Sudoku/TestSudoku/bin/Debug/TestSudoku.DLL" adapterTypeName="Microsoft.VisualStudio.TestTools.TestTypes.Unit.UnitTestAdapter, Microsoft.VisualStudio.QualityTools.Tips.UnitTest.Adapter, Version=10.0.0.0, Culture=neutral, PublicKeyToken=b03f5f7f11d50a3a" className="TestSudoku.TestCreateSudoku, TestSudoku, Version=1.0.0.0, Culture=neutral, PublicKeyToken=null" name="TestSudokuPuzzleSolver" />
    </UnitTest>
    <UnitTest name="Step1ApplyNumbersTest" storage="c:\bruce n\programming\sudoku\testsudoku\bin\debug\testsudoku.dll" id="85399043-6158-4f9f-db25-a515117aca42">
      <DeploymentItems>
        <DeploymentItem filename="Sudoku.dll" />
      </DeploymentItems>
      <Execution id="a6c7f0a3-50ae-4e31-8547-a7195fb35294" />
      <TestMethod codeBase="C:/Bruce N/Programming/Sudoku/TestSudoku/bin/Debug/TestSudoku.DLL" adapterTypeName="Microsoft.VisualStudio.TestTools.TestTypes.Unit.UnitTestAdapter, Microsoft.VisualStudio.QualityTools.Tips.UnitTest.Adapter, Version=10.0.0.0, Culture=neutral, PublicKeyToken=b03f5f7f11d50a3a" className="TestSudoku.SudokuSolverTest, TestSudoku, Version=1.0.0.0, Culture=neutral, PublicKeyToken=null" name="Step1ApplyNumbersTest" />
    </UnitTest>
  </TestDefinitions>
  <TestLists>
    <TestList name="Results Not in a List" id="8c84fa94-04c1-424b-9868-57a2d4851a1d" />
    <TestList name="All Loaded Results" id="19431567-8539-422a-85d7-44ee4e166bda" />
  </TestLists>
  <TestEntries>
    <TestEntry testId="486f69e0-56fc-2037-29f3-157fb3ae50a3" executionId="de9fd7f0-9100-4638-be5d-48218c707523" testListId="8c84fa94-04c1-424b-9868-57a2d4851a1d" />
    <TestEntry testId="67db4d28-f094-a340-ae25-66f3a5741beb" executionId="359a3df3-5e98-4ced-a440-68c71f610f3a" testListId="8c84fa94-04c1-424b-9868-57a2d4851a1d" />
    <TestEntry testId="fa9b5a98-11df-cc49-fac3-46a2c0f64ad4" executionId="8b4a3a0f-542a-4381-953e-99269517518f" testListId="8c84fa94-04c1-424b-9868-57a2d4851a1d" />
    <TestEntry testId="7b1184f2-6210-8f2c-db67-fcb554f7c797" executionId="8bafe0c4-dd38-4a95-b8b3-826d5238a872" testListId="8c84fa94-04c1-424b-9868-57a2d4851a1d" />
    <TestEntry testId="c786f71b-7d10-1c2a-4b32-86a35b6a4f84" executionId="8fb0ef74-38b5-4b90-8ff5-2f03d13bfba3" testListId="8c84fa94-04c1-424b-9868-57a2d4851a1d" />
    <TestEntry testId="dd354d43-207a-04dc-f6e6-9f0e1d3caca6" executionId="79f107f2-22b3-43e2-bbb4-33171405a7ea" testListId="8c84fa94-04c1-424b-9868-57a2d4851a1d" />
    <TestEntry testId="85399043-6158-4f9f-db25-a515117aca42" executionId="a6c7f0a3-50ae-4e31-8547-a7195fb35294" testListId="8c84fa94-04c1-424b-9868-57a2d4851a1d" />
    <TestEntry testId="aabce983-0847-8133-b6b4-ae8b0475dffb" executionId="1725ffe7-dfe9-44d3-a132-970f9607bc5f" testListId="8c84fa94-04c1-424b-9868-57a2d4851a1d" />
    <TestEntry testId="04491180-eae4-f06f-187d-ebc0638faa7d" executionId="8afcdcf9-a57d-44c0-865b-371f6ba2fdcc" testListId="8c84fa94-04c1-424b-9868-57a2d4851a1d" />
    <TestEntry testId="716751e5-4a8b-99ba-38de-904dcf99d413" executionId="c11e0cd5-33ca-4ac6-a939-0bdd6592804e" testListId="8c84fa94-04c1-424b-9868-57a2d4851a1d" />
    <TestEntry testId="6b9b857f-bbd3-0295-780c-7d7ce180e683" executionId="fae82471-47fe-4a20-9013-8176ca4d5c52" testListId="8c84fa94-04c1-424b-9868-57a2d4851a1d" />
    <TestEntry testId="ebf6dfdb-90cf-f38c-6018-faa540ba0d72" executionId="9ee853db-65df-414c-85ec-8568ced46b60" testListId="8c84fa94-04c1-424b-9868-57a2d4851a1d" />
    <TestEntry testId="1a1703db-8eff-c9cf-7c21-727ed5f67909" executionId="772856d4-6fe4-4582-a03b-f0588e37d7c9" testListId="8c84fa94-04c1-424b-9868-57a2d4851a1d" />
    <TestEntry testId="f22be3fe-e6de-c94d-69d0-1f8a2b594bcc" executionId="2ae632e5-2b32-4dcb-9a25-81f9a43c0981" testListId="8c84fa94-04c1-424b-9868-57a2d4851a1d" />
    <TestEntry testId="fb8d0f66-1952-3fa5-f41f-3e992361d3ef" executionId="85a5c7a8-116c-48fa-ba75-7d88630c31d3" testListId="8c84fa94-04c1-424b-9868-57a2d4851a1d" />
    <TestEntry testId="6088445e-ad5f-0116-dac2-af0a24e5b1e7" executionId="82949d27-2daa-4a57-95a6-2837b5ec08e5" testListId="8c84fa94-04c1-424b-9868-57a2d4851a1d" />
    <TestEntry testId="50d73d16-c467-1990-6c2f-20f749cde691" executionId="e484c138-5e64-4fb1-89a9-50fd38e6dc01" testListId="8c84fa94-04c1-424b-9868-57a2d4851a1d" />
    <TestEntry testId="4a57bcbc-c2e0-21d9-7139-dd191b24dab5" executionId="da380562-2367-4b34-807f-0a0b6cf87d2f" testListId="8c84fa94-04c1-424b-9868-57a2d4851a1d" />
    <TestEntry testId="91db702d-a069-121c-623e-6db4435b1aba" executionId="c17be274-003d-4a79-8320-deda3a5e24eb" testListId="8c84fa94-04c1-424b-9868-57a2d4851a1d" />
    <TestEntry testId="32c2c6f6-2474-8918-6297-2116ff97cfeb" executionId="7a1dbd8a-dbda-45a6-a719-a8d7898079ce" testListId="8c84fa94-04c1-424b-9868-57a2d4851a1d" />
    <TestEntry testId="c37c5030-5bf8-5a4d-859d-184581b22311" executionId="587390ef-f600-48eb-834f-5c5041efd967" testListId="8c84fa94-04c1-424b-9868-57a2d4851a1d" />
    <TestEntry testId="a5bbbdc5-93ee-df0d-3653-ee172d550aca" executionId="b842c2e1-9aca-4bf5-ae75-65d20c58c81a" testListId="8c84fa94-04c1-424b-9868-57a2d4851a1d" />
    <TestEntry testId="1ad507a0-5b9a-581b-e458-ab84bc32d160" executionId="e6b5f8e5-2380-46f7-affa-261cf1a11ae6" testListId="8c84fa94-04c1-424b-9868-57a2d4851a1d" />
    <TestEntry testId="bc6cc949-a9b9-986d-2e2e-93bd454a56b0" executionId="da47e06e-98a5-4cf6-a670-c8d872dee63c" testListId="8c84fa94-04c1-424b-9868-57a2d4851a1d" />
    <TestEntry testId="88f57e9b-c6f8-a8c9-6bd0-511ff05cfb16" executionId="d50b2941-1f7d-4fb6-a8c6-199267ff9048" testListId="8c84fa94-04c1-424b-9868-57a2d4851a1d" />
    <TestEntry testId="8828e05c-a42f-e363-e341-6794a476517b" executionId="4c0d83ec-1778-48ad-b06f-4c4dc9904f7c" testListId="8c84fa94-04c1-424b-9868-57a2d4851a1d" />
    <TestEntry testId="cbaf69e5-bb1d-8df0-d456-f15e409b1c45" executionId="88cd3451-a79c-423a-a711-8171f2564389" testListId="8c84fa94-04c1-424b-9868-57a2d4851a1d" />
    <TestEntry testId="80155721-06d3-979c-8f6d-29dc41f17ef1" executionId="ec73301f-410d-4ed7-a0eb-3c1021b613b6" testListId="8c84fa94-04c1-424b-9868-57a2d4851a1d" />
    <TestEntry testId="464cd04b-06f9-910c-d478-a5fa37cd2247" executionId="4b45aa88-ac89-4c9b-8795-5ad169570c23" testListId="8c84fa94-04c1-424b-9868-57a2d4851a1d" />
    <TestEntry testId="2399e5e9-33b2-7f7a-c355-bc5e0c3626d2" executionId="abf04929-4fa7-47c5-b213-ee5a9651ef96" testListId="8c84fa94-04c1-424b-9868-57a2d4851a1d" />
    <TestEntry testId="c57d37a4-c06f-80ba-35d3-1145d1503361" executionId="27f63248-2fae-4aba-bef4-f0659e2d4cd4" testListId="8c84fa94-04c1-424b-9868-57a2d4851a1d" />
    <TestEntry testId="b101bcbb-27a3-55ce-2dd9-0f0f3a5bb264" executionId="8c42db59-07d7-4fe3-8bcd-fa29006bf82e" testListId="8c84fa94-04c1-424b-9868-57a2d4851a1d" />
    <TestEntry testId="772b16a3-1ab2-0bee-538a-2e94c347e7a1" executionId="36b98ed3-1f87-4860-8a32-4eb0ede92f07" testListId="8c84fa94-04c1-424b-9868-57a2d4851a1d" />
    <TestEntry testId="df32b477-d68b-2a2b-b301-d704a740e06b" executionId="973da82c-cc85-4175-be90-69186538ccc4" testListId="8c84fa94-04c1-424b-9868-57a2d4851a1d" />
    <TestEntry testId="8a2dec74-abc6-a0c9-7c0e-21c6df6bc9b0" executionId="f3be269f-a568-4abb-8a9f-73087b0e7815" testListId="8c84fa94-04c1-424b-9868-57a2d4851a1d" />
    <TestEntry testId="eb717bdb-b632-ea94-6daf-0927684c8ade" executionId="07fa5064-15db-46f7-bae3-38b606feda70" testListId="8c84fa94-04c1-424b-9868-57a2d4851a1d" />
    <TestEntry testId="8759e944-8653-b38d-1a0f-ebb1d8b476a9" executionId="0d526657-d5e1-4890-97e3-701d997afc5c" testListId="8c84fa94-04c1-424b-9868-57a2d4851a1d" />
    <TestEntry testId="933e71ec-78d1-7194-9f14-c69be4833ba2" executionId="7d1fe976-39ea-4c6a-86d7-4347c1c40da3" testListId="8c84fa94-04c1-424b-9868-57a2d4851a1d" />
    <TestEntry testId="c2bb07ee-ec47-2144-fb15-eb859f70a4fb" executionId="aab34cf8-d743-410f-8d78-04f8122d96bd" testListId="8c84fa94-04c1-424b-9868-57a2d4851a1d" />
    <TestEntry testId="80906e2f-5edd-4386-f241-db74d6472a2a" executionId="7ec33c21-c926-4b95-8b66-0609ac358d53" testListId="8c84fa94-04c1-424b-9868-57a2d4851a1d" />
  </TestEntries>
  <Results>
    <UnitTestResult executionId="de9fd7f0-9100-4638-be5d-48218c707523" testId="486f69e0-56fc-2037-29f3-157fb3ae50a3" testName="FullSolverTest" computerName="USSLCL00134" duration="00:00:00.0875161" startTime="2012-02-28T00:14:16.1080442-07:00" endTime="2012-02-28T00:14:16.7632453-07:00" testType="13cdc9d9-ddb5-4fa4-a97d-d965ccfc6d4b" outcome="Passed" testListId="8c84fa94-04c1-424b-9868-57a2d4851a1d" relativeResultsDirectory="de9fd7f0-9100-4638-be5d-48218c707523">
    </UnitTestResult>
    <UnitTestResult executionId="359a3df3-5e98-4ced-a440-68c71f610f3a" testId="67db4d28-f094-a340-ae25-66f3a5741beb" testName="SudokuSolverConstructorTest" computerName="USSLCL00134" duration="00:00:00.1615647" startTime="2012-02-28T00:14:16.7788453-07:00" endTime="2012-02-28T00:14:16.9504456-07:00" testType="13cdc9d9-ddb5-4fa4-a97d-d965ccfc6d4b" outcome="Passed" testListId="8c84fa94-04c1-424b-9868-57a2d4851a1d" relativeResultsDirectory="359a3df3-5e98-4ced-a440-68c71f610f3a">
    </UnitTestResult>
    <UnitTestResult executionId="8b4a3a0f-542a-4381-953e-99269517518f" testId="fa9b5a98-11df-cc49-fac3-46a2c0f64ad4" testName="CheckForSolutionTest" computerName="USSLCL00134" duration="00:00:00.0014843" startTime="2012-02-28T00:14:16.9504456-07:00" endTime="2012-02-28T00:14:16.9660457-07:00" testType="13cdc9d9-ddb5-4fa4-a97d-d965ccfc6d4b" outcome="Passed" testListId="8c84fa94-04c1-424b-9868-57a2d4851a1d" relativeResultsDirectory="8b4a3a0f-542a-4381-953e-99269517518f">
    </UnitTestResult>
    <UnitTestResult executionId="8bafe0c4-dd38-4a95-b8b3-826d5238a872" testId="7b1184f2-6210-8f2c-db67-fcb554f7c797" testName="DifficultyLevelTest" computerName="USSLCL00134" duration="00:00:00.4436593" startTime="2012-02-28T00:14:16.9660457-07:00" endTime="2012-02-28T00:14:17.4340465-07:00" testType="13cdc9d9-ddb5-4fa4-a97d-d965ccfc6d4b" outcome="Passed" testListId="8c84fa94-04c1-424b-9868-57a2d4851a1d" relativeResultsDirectory="8bafe0c4-dd38-4a95-b8b3-826d5238a872">
    </UnitTestResult>
    <UnitTestResult executionId="8fb0ef74-38b5-4b90-8ff5-2f03d13bfba3" testId="c786f71b-7d10-1c2a-4b32-86a35b6a4f84" testName="FindSolutionTest" computerName="USSLCL00134" duration="00:00:00.1543087" startTime="2012-02-28T00:14:17.4340465-07:00" endTime="2012-02-28T00:14:17.6056468-07:00" testType="13cdc9d9-ddb5-4fa4-a97d-d965ccfc6d4b" outcome="Passed" testListId="8c84fa94-04c1-424b-9868-57a2d4851a1d" relativeResultsDirectory="8fb0ef74-38b5-4b90-8ff5-2f03d13bfba3">
    </UnitTestResult>
    <UnitTestResult executionId="79f107f2-22b3-43e2-bbb4-33171405a7ea" testId="dd354d43-207a-04dc-f6e6-9f0e1d3caca6" testName="GetSolutionTest" computerName="USSLCL00134" duration="00:00:00.0014501" startTime="2012-02-28T00:14:17.6212468-07:00" endTime="2012-02-28T00:14:17.6368469-07:00" testType="13cdc9d9-ddb5-4fa4-a97d-d965ccfc6d4b" outcome="Passed" testListId="8c84fa94-04c1-424b-9868-57a2d4851a1d" relativeResultsDirectory="79f107f2-22b3-43e2-bbb4-33171405a7ea">
    </UnitTestResult>
    <UnitTestResult executionId="a6c7f0a3-50ae-4e31-8547-a7195fb35294" testId="85399043-6158-4f9f-db25-a515117aca42" testName="Step1ApplyNumbersTest" computerName="USSLCL00134" duration="00:00:00.0048854" startTime="2012-02-28T00:14:17.6368469-07:00" endTime="2012-02-28T00:14:17.6524469-07:00" testType="13cdc9d9-ddb5-4fa4-a97d-d965ccfc6d4b" outcome="Passed" testListId="8c84fa94-04c1-424b-9868-57a2d4851a1d" relativeResultsDirectory="a6c7f0a3-50ae-4e31-8547-a7195fb35294">
    </UnitTestResult>
    <UnitTestResult executionId="1725ffe7-dfe9-44d3-a132-970f9607bc5f" testId="aabce983-0847-8133-b6b4-ae8b0475dffb" testName="Step2UseSingletonsTest" computerName="USSLCL00134" duration="00:00:00.0026296" startTime="2012-02-28T00:14:17.6524469-07:00" endTime="2012-02-28T00:14:17.6680469-07:00" testType="13cdc9d9-ddb5-4fa4-a97d-d965ccfc6d4b" outcome="Passed" testListId="8c84fa94-04c1-424b-9868-57a2d4851a1d" relativeResultsDirectory="1725ffe7-dfe9-44d3-a132-970f9607bc5f">
    </UnitTestResult>
    <UnitTestResult executionId="8afcdcf9-a57d-44c0-865b-371f6ba2fdcc" testId="04491180-eae4-f06f-187d-ebc0638faa7d" testName="Step3UsePairsTest" computerName="USSLCL00134" duration="00:00:00.0079308" startTime="2012-02-28T00:14:17.6836469-07:00" endTime="2012-02-28T00:14:17.6992470-07:00" testType="13cdc9d9-ddb5-4fa4-a97d-d965ccfc6d4b" outcome="Passed" testListId="8c84fa94-04c1-424b-9868-57a2d4851a1d" relativeResultsDirectory="8afcdcf9-a57d-44c0-865b-371f6ba2fdcc">
    </UnitTestResult>
    <UnitTestResult executionId="c11e0cd5-33ca-4ac6-a939-0bdd6592804e" testId="716751e5-4a8b-99ba-38de-904dcf99d413" testName="PuzzleTest" computerName="USSLCL00134" duration="00:00:00.1361285" startTime="2012-02-28T00:14:17.6992470-07:00" endTime="2012-02-28T00:14:17.8552472-07:00" testType="13cdc9d9-ddb5-4fa4-a97d-d965ccfc6d4b" outcome="Passed" testListId="8c84fa94-04c1-424b-9868-57a2d4851a1d" relativeResultsDirectory="c11e0cd5-33ca-4ac6-a939-0bdd6592804e">
    </UnitTestResult>
    <UnitTestResult executionId="fae82471-47fe-4a20-9013-8176ca4d5c52" testId="6b9b857f-bbd3-0295-780c-7d7ce180e683" testName="SingletonsByRowTest" computerName="USSLCL00134" duration="00:00:00.0012033" startTime="2012-02-28T00:14:17.8552472-07:00" endTime="2012-02-28T00:14:17.8708473-07:00" testType="13cdc9d9-ddb5-4fa4-a97d-d965ccfc6d4b" outcome="Passed" testListId="8c84fa94-04c1-424b-9868-57a2d4851a1d" relativeResultsDirectory="fae82471-47fe-4a20-9013-8176ca4d5c52">
    </UnitTestResult>
    <UnitTestResult executionId="9ee853db-65df-414c-85ec-8568ced46b60" testId="ebf6dfdb-90cf-f38c-6018-faa540ba0d72" testName="SingletonsByColumnTest" computerName="USSLCL00134" duration="00:00:00.0011952" startTime="2012-02-28T00:14:17.8864473-07:00" endTime="2012-02-28T00:14:17.8864473-07:00" testType="13cdc9d9-ddb5-4fa4-a97d-d965ccfc6d4b" outcome="Passed" testListId="8c84fa94-04c1-424b-9868-57a2d4851a1d" relativeResultsDirectory="9ee853db-65df-414c-85ec-8568ced46b60">
    </UnitTestResult>
    <UnitTestResult executionId="772856d4-6fe4-4582-a03b-f0588e37d7c9" testId="1a1703db-8eff-c9cf-7c21-727ed5f67909" testName="SingletonsBySubsquareTest" computerName="USSLCL00134" duration="00:00:00.0013819" startTime="2012-02-28T00:14:17.9020473-07:00" endTime="2012-02-28T00:14:17.9020473-07:00" testType="13cdc9d9-ddb5-4fa4-a97d-d965ccfc6d4b" outcome="Passed" testListId="8c84fa94-04c1-424b-9868-57a2d4851a1d" relativeResultsDirectory="772856d4-6fe4-4582-a03b-f0588e37d7c9">
    </UnitTestResult>
    <UnitTestResult executionId="2ae632e5-2b32-4dcb-9a25-81f9a43c0981" testId="f22be3fe-e6de-c94d-69d0-1f8a2b594bcc" testName="ClearGuessesTest" computerName="USSLCL00134" duration="00:00:00.0024255" startTime="2012-02-28T00:14:17.9176473-07:00" endTime="2012-02-28T00:14:17.9176473-07:00" testType="13cdc9d9-ddb5-4fa4-a97d-d965ccfc6d4b" outcome="Passed" testListId="8c84fa94-04c1-424b-9868-57a2d4851a1d" relativeResultsDirectory="2ae632e5-2b32-4dcb-9a25-81f9a43c0981">
    </UnitTestResult>
    <UnitTestResult executionId="85a5c7a8-116c-48fa-ba75-7d88630c31d3" testId="fb8d0f66-1952-3fa5-f41f-3e992361d3ef" testName="PairsByRowAndColumnTest" computerName="USSLCL00134" duration="00:00:00.0056357" startTime="2012-02-28T00:14:17.9332474-07:00" endTime="2012-02-28T00:14:17.9488474-07:00" testType="13cdc9d9-ddb5-4fa4-a97d-d965ccfc6d4b" outcome="Passed" testListId="8c84fa94-04c1-424b-9868-57a2d4851a1d" relativeResultsDirectory="85a5c7a8-116c-48fa-ba75-7d88630c31d3">
    </UnitTestResult>
    <UnitTestResult executionId="82949d27-2daa-4a57-95a6-2837b5ec08e5" testId="6088445e-ad5f-0116-dac2-af0a24e5b1e7" testName="PairsBySubSquareTest" computerName="USSLCL00134" duration="00:00:00.0031623" startTime="2012-02-28T00:14:17.9488474-07:00" endTime="2012-02-28T00:14:17.9644474-07:00" testType="13cdc9d9-ddb5-4fa4-a97d-d965ccfc6d4b" outcome="Passed" testListId="8c84fa94-04c1-424b-9868-57a2d4851a1d" relativeResultsDirectory="82949d27-2daa-4a57-95a6-2837b5ec08e5">
    </UnitTestResult>
    <UnitTestResult executionId="e484c138-5e64-4fb1-89a9-50fd38e6dc01" testId="50d73d16-c467-1990-6c2f-20f749cde691" testName="TestProblemsWithStep3FindPairs" computerName="USSLCL00134" duration="00:00:00.0131334" startTime="2012-02-28T00:14:17.9644474-07:00" endTime="2012-02-28T00:14:17.9956475-07:00" testType="13cdc9d9-ddb5-4fa4-a97d-d965ccfc6d4b" outcome="Passed" testListId="8c84fa94-04c1-424b-9868-57a2d4851a1d" relativeResultsDirectory="e484c138-5e64-4fb1-89a9-50fd38e6dc01">
      <Output>
        <DebugTrace>Current Grid:
004083120
030002578
008710034
000300000
853100247
069007300
300000010
940071863
000030090

</DebugTrace>
      </Output>
    </UnitTestResult>
    <UnitTestResult executionId="da380562-2367-4b34-807f-0a0b6cf87d2f" testId="4a57bcbc-c2e0-21d9-7139-dd191b24dab5" testName="SudokuGridConstructorTest" computerName="USSLCL00134" duration="00:00:00.0003691" startTime="2012-02-28T00:14:17.9956475-07:00" endTime="2012-02-28T00:14:18.0112475-07:00" testType="13cdc9d9-ddb5-4fa4-a97d-d965ccfc6d4b" outcome="Passed" testListId="8c84fa94-04c1-424b-9868-57a2d4851a1d" relativeResultsDirectory="da380562-2367-4b34-807f-0a0b6cf87d2f">
    </UnitTestResult>
    <UnitTestResult executionId="c17be274-003d-4a79-8320-deda3a5e24eb" testId="91db702d-a069-121c-623e-6db4435b1aba" testName="AttemptSetSudokuArrayTest" computerName="USSLCL00134" duration="00:00:00.0018004" startTime="2012-02-28T00:14:18.0424476-07:00" endTime="2012-02-28T00:14:18.0424476-07:00" testType="13cdc9d9-ddb5-4fa4-a97d-d965ccfc6d4b" outcome="Passed" testListId="8c84fa94-04c1-424b-9868-57a2d4851a1d" relativeResultsDirectory="c17be274-003d-4a79-8320-deda3a5e24eb">
    </UnitTestResult>
    <UnitTestResult executionId="7a1dbd8a-dbda-45a6-a719-a8d7898079ce" testId="32c2c6f6-2474-8918-6297-2116ff97cfeb" testName="BackSquareTest" computerName="USSLCL00134" duration="00:00:00.0012576" startTime="2012-02-28T00:14:18.0580476-07:00" endTime="2012-02-28T00:14:18.0736476-07:00" testType="13cdc9d9-ddb5-4fa4-a97d-d965ccfc6d4b" outcome="Passed" testListId="8c84fa94-04c1-424b-9868-57a2d4851a1d" relativeResultsDirectory="7a1dbd8a-dbda-45a6-a719-a8d7898079ce">
    </UnitTestResult>
    <UnitTestResult executionId="587390ef-f600-48eb-834f-5c5041efd967" testId="c37c5030-5bf8-5a4d-859d-184581b22311" testName="FindValidNumberForTest" computerName="USSLCL00134" duration="00:00:00.0022311" startTime="2012-02-28T00:14:18.0736476-07:00" endTime="2012-02-28T00:14:18.0892476-07:00" testType="13cdc9d9-ddb5-4fa4-a97d-d965ccfc6d4b" outcome="Passed" testListId="8c84fa94-04c1-424b-9868-57a2d4851a1d" relativeResultsDirectory="587390ef-f600-48eb-834f-5c5041efd967">
    </UnitTestResult>
    <UnitTestResult executionId="b842c2e1-9aca-4bf5-ae75-65d20c58c81a" testId="a5bbbdc5-93ee-df0d-3653-ee172d550aca" testName="IsValidTest" computerName="USSLCL00134" duration="00:00:00.0009007" startTime="2012-02-28T00:14:18.0892476-07:00" endTime="2012-02-28T00:14:18.1048477-07:00" testType="13cdc9d9-ddb5-4fa4-a97d-d965ccfc6d4b" outcome="Passed" testListId="8c84fa94-04c1-424b-9868-57a2d4851a1d" relativeResultsDirectory="b842c2e1-9aca-4bf5-ae75-65d20c58c81a">
    </UnitTestResult>
    <UnitTestResult executionId="e6b5f8e5-2380-46f7-affa-261cf1a11ae6" testId="1ad507a0-5b9a-581b-e458-ab84bc32d160" testName="IsValidArrayTest" computerName="USSLCL00134" duration="00:00:00.0008584" startTime="2012-02-28T00:14:18.1204477-07:00" endTime="2012-02-28T00:14:18.1204477-07:00" testType="13cdc9d9-ddb5-4fa4-a97d-d965ccfc6d4b" outcome="Passed" testListId="8c84fa94-04c1-424b-9868-57a2d4851a1d" relativeResultsDirectory="e6b5f8e5-2380-46f7-affa-261cf1a11ae6">
    </UnitTestResult>
    <UnitTestResult executionId="da47e06e-98a5-4cf6-a670-c8d872dee63c" testId="bc6cc949-a9b9-986d-2e2e-93bd454a56b0" testName="MakeCopyTest" computerName="USSLCL00134" duration="00:00:00.0033660" startTime="2012-02-28T00:14:18.1360477-07:00" endTime="2012-02-28T00:14:18.1360477-07:00" testType="13cdc9d9-ddb5-4fa4-a97d-d965ccfc6d4b" outcome="Passed" testListId="8c84fa94-04c1-424b-9868-57a2d4851a1d" relativeResultsDirectory="da47e06e-98a5-4cf6-a670-c8d872dee63c">
    </UnitTestResult>
    <UnitTestResult executionId="d50b2941-1f7d-4fb6-a8c6-199267ff9048" testId="88f57e9b-c6f8-a8c9-6bd0-511ff05cfb16" testName="NextSquareTest" computerName="USSLCL00134" duration="00:00:00.0007525" startTime="2012-02-28T00:14:18.1516478-07:00" endTime="2012-02-28T00:14:18.1516478-07:00" testType="13cdc9d9-ddb5-4fa4-a97d-d965ccfc6d4b" outcome="Passed" testListId="8c84fa94-04c1-424b-9868-57a2d4851a1d" relativeResultsDirectory="d50b2941-1f7d-4fb6-a8c6-199267ff9048">
    </UnitTestResult>
    <UnitTestResult executionId="4c0d83ec-1778-48ad-b06f-4c4dc9904f7c" testId="8828e05c-a42f-e363-e341-6794a476517b" testName="SetSudokuArrayTest" computerName="USSLCL00134" duration="00:00:00.0004511" startTime="2012-02-28T00:14:18.1672478-07:00" endTime="2012-02-28T00:14:18.1672478-07:00" testType="13cdc9d9-ddb5-4fa4-a97d-d965ccfc6d4b" outcome="Passed" testListId="8c84fa94-04c1-424b-9868-57a2d4851a1d" relativeResultsDirectory="4c0d83ec-1778-48ad-b06f-4c4dc9904f7c">
    </UnitTestResult>
    <UnitTestResult executionId="88cd3451-a79c-423a-a711-8171f2564389" testId="cbaf69e5-bb1d-8df0-d456-f15e409b1c45" testName="SudokuPuzzleConstructorTest" computerName="USSLCL00134" duration="00:00:00.2785722" startTime="2012-02-28T00:14:18.1828478-07:00" endTime="2012-02-28T00:14:18.4636483-07:00" testType="13cdc9d9-ddb5-4fa4-a97d-d965ccfc6d4b" outcome="Passed" testListId="8c84fa94-04c1-424b-9868-57a2d4851a1d" relativeResultsDirectory="88cd3451-a79c-423a-a711-8171f2564389">
    </UnitTestResult>
    <UnitTestResult executionId="ec73301f-410d-4ed7-a0eb-3c1021b613b6" testId="80155721-06d3-979c-8f6d-29dc41f17ef1" testName="AssessDifficultyTest" computerName="USSLCL00134" duration="00:00:00.0239472" startTime="2012-02-28T00:14:18.4948484-07:00" endTime="2012-02-28T00:14:18.5416484-07:00" testType="13cdc9d9-ddb5-4fa4-a97d-d965ccfc6d4b" outcome="Passed" testListId="8c84fa94-04c1-424b-9868-57a2d4851a1d" relativeResultsDirectory="ec73301f-410d-4ed7-a0eb-3c1021b613b6">
    </UnitTestResult>
    <UnitTestResult executionId="4b45aa88-ac89-4c9b-8795-5ad169570c23" testId="464cd04b-06f9-910c-d478-a5fa37cd2247" testName="InitializePuzzleTest" computerName="USSLCL00134" duration="00:00:00.0016248" startTime="2012-02-28T00:14:18.5572485-07:00" endTime="2012-02-28T00:14:18.5572485-07:00" testType="13cdc9d9-ddb5-4fa4-a97d-d965ccfc6d4b" outcome="Passed" testListId="8c84fa94-04c1-424b-9868-57a2d4851a1d" relativeResultsDirectory="4b45aa88-ac89-4c9b-8795-5ad169570c23">
    </UnitTestResult>
    <UnitTestResult executionId="abf04929-4fa7-47c5-b213-ee5a9651ef96" testId="2399e5e9-33b2-7f7a-c355-bc5e0c3626d2" testName="TotalUncoversTest" computerName="USSLCL00134" duration="00:00:00.0171235" startTime="2012-02-28T00:14:18.5728485-07:00" endTime="2012-02-28T00:14:18.6040486-07:00" testType="13cdc9d9-ddb5-4fa4-a97d-d965ccfc6d4b" outcome="Passed" testListId="8c84fa94-04c1-424b-9868-57a2d4851a1d" relativeResultsDirectory="abf04929-4fa7-47c5-b213-ee5a9651ef96">
    </UnitTestResult>
    <UnitTestResult executionId="27f63248-2fae-4aba-bef4-f0659e2d4cd4" testId="c57d37a4-c06f-80ba-35d3-1145d1503361" testName="UncoverInSubSquareTest" computerName="USSLCL00134" duration="00:00:00.0011544" startTime="2012-02-28T00:14:18.6040486-07:00" endTime="2012-02-28T00:14:18.6196486-07:00" testType="13cdc9d9-ddb5-4fa4-a97d-d965ccfc6d4b" outcome="Passed" testListId="8c84fa94-04c1-424b-9868-57a2d4851a1d" relativeResultsDirectory="27f63248-2fae-4aba-bef4-f0659e2d4cd4">
    </UnitTestResult>
    <UnitTestResult executionId="8c42db59-07d7-4fe3-8bcd-fa29006bf82e" testId="b101bcbb-27a3-55ce-2dd9-0f0f3a5bb264" testName="UncoverPuzzleTest" computerName="USSLCL00134" duration="00:00:00.1459140" startTime="2012-02-28T00:14:18.6196486-07:00" endTime="2012-02-28T00:14:18.7756489-07:00" testType="13cdc9d9-ddb5-4fa4-a97d-d965ccfc6d4b" outcome="Passed" testListId="8c84fa94-04c1-424b-9868-57a2d4851a1d" relativeResultsDirectory="8c42db59-07d7-4fe3-8bcd-fa29006bf82e">
    </UnitTestResult>
    <UnitTestResult executionId="36b98ed3-1f87-4860-8a32-4eb0ede92f07" testId="772b16a3-1ab2-0bee-538a-2e94c347e7a1" testName="UncoverSquareTest" computerName="USSLCL00134" duration="00:00:00.0018192" startTime="2012-02-28T00:14:18.7756489-07:00" endTime="2012-02-28T00:14:18.7912489-07:00" testType="13cdc9d9-ddb5-4fa4-a97d-d965ccfc6d4b" outcome="Passed" testListId="8c84fa94-04c1-424b-9868-57a2d4851a1d" relativeResultsDirectory="36b98ed3-1f87-4860-8a32-4eb0ede92f07">
    </UnitTestResult>
    <UnitTestResult executionId="973da82c-cc85-4175-be90-69186538ccc4" testId="df32b477-d68b-2a2b-b301-d704a740e06b" testName="UncoverCountBySubSquareTest" computerName="USSLCL00134" duration="00:00:00.0010405" startTime="2012-02-28T00:14:18.7912489-07:00" endTime="2012-02-28T00:14:18.8068489-07:00" testType="13cdc9d9-ddb5-4fa4-a97d-d965ccfc6d4b" outcome="Passed" testListId="8c84fa94-04c1-424b-9868-57a2d4851a1d" relativeResultsDirectory="973da82c-cc85-4175-be90-69186538ccc4">
    </UnitTestResult>
    <UnitTestResult executionId="f3be269f-a568-4abb-8a9f-73087b0e7815" testId="8a2dec74-abc6-a0c9-7c0e-21c6df6bc9b0" testName="FindSolveablePuzzleTest" computerName="USSLCL00134" duration="00:00:00.0930714" startTime="2012-02-28T00:14:18.8224489-07:00" endTime="2012-02-28T00:14:18.9160491-07:00" testType="13cdc9d9-ddb5-4fa4-a97d-d965ccfc6d4b" outcome="Passed" testListId="8c84fa94-04c1-424b-9868-57a2d4851a1d" relativeResultsDirectory="f3be269f-a568-4abb-8a9f-73087b0e7815">
    </UnitTestResult>
    <UnitTestResult executionId="07fa5064-15db-46f7-bae3-38b606feda70" testId="eb717bdb-b632-ea94-6daf-0927684c8ade" testName="TestUnsolveableToTrivalTransition" computerName="USSLCL00134" duration="00:00:00.0114077" startTime="2012-02-28T00:14:18.9316491-07:00" endTime="2012-02-28T00:14:18.9472492-07:00" testType="13cdc9d9-ddb5-4fa4-a97d-d965ccfc6d4b" outcome="Passed" testListId="8c84fa94-04c1-424b-9868-57a2d4851a1d" relativeResultsDirectory="07fa5064-15db-46f7-bae3-38b606feda70">
    </UnitTestResult>
    <UnitTestResult executionId="0d526657-d5e1-4890-97e3-701d997afc5c" testId="8759e944-8653-b38d-1a0f-ebb1d8b476a9" testName="TestSingletonsToFillInPuzzle" computerName="USSLCL00134" duration="00:00:00.0066181" startTime="2012-02-28T00:14:18.9472492-07:00" endTime="2012-02-28T00:14:18.9628492-07:00" testType="13cdc9d9-ddb5-4fa4-a97d-d965ccfc6d4b" outcome="Passed" testListId="8c84fa94-04c1-424b-9868-57a2d4851a1d" relativeResultsDirectory="0d526657-d5e1-4890-97e3-701d997afc5c">
    </UnitTestResult>
    <UnitTestResult executionId="7d1fe976-39ea-4c6a-86d7-4347c1c40da3" testId="933e71ec-78d1-7194-9f14-c69be4833ba2" testName="WriteOutSudokuGridTest" computerName="USSLCL00134" duration="00:00:00.0004788" startTime="2012-02-28T00:14:18.9784492-07:00" endTime="2012-02-28T00:14:18.9940492-07:00" testType="13cdc9d9-ddb5-4fa4-a97d-d965ccfc6d4b" outcome="Passed" testListId="8c84fa94-04c1-424b-9868-57a2d4851a1d" relativeResultsDirectory="7d1fe976-39ea-4c6a-86d7-4347c1c40da3">
    </UnitTestResult>
    <UnitTestResult executionId="aab34cf8-d743-410f-8d78-04f8122d96bd" testId="c2bb07ee-ec47-2144-fb15-eb859f70a4fb" testName="TestSudokuSolutionCreation" computerName="USSLCL00134" duration="00:00:00.0901411" startTime="2012-02-28T00:14:19.0096493-07:00" endTime="2012-02-28T00:14:19.1032494-07:00" testType="13cdc9d9-ddb5-4fa4-a97d-d965ccfc6d4b" outcome="Passed" testListId="8c84fa94-04c1-424b-9868-57a2d4851a1d" relativeResultsDirectory="aab34cf8-d743-410f-8d78-04f8122d96bd">
    </UnitTestResult>
    <UnitTestResult executionId="7ec33c21-c926-4b95-8b66-0609ac358d53" testId="80906e2f-5edd-4386-f241-db74d6472a2a" testName="TestSudokuPuzzleSolver" computerName="USSLCL00134" duration="00:00:03.2217453" startTime="2012-02-28T00:14:19.1188495-07:00" endTime="2012-02-28T00:14:22.3480551-07:00" testType="13cdc9d9-ddb5-4fa4-a97d-d965ccfc6d4b" outcome="Passed" testListId="8c84fa94-04c1-424b-9868-57a2d4851a1d" relativeResultsDirectory="7ec33c21-c926-4b95-8b66-0609ac358d53">
      <Output>
        <DebugTrace>*****
Average Uncovers: 41
% Trival: 96
% Easy: 4
% Medium: 0
% Hard: 0
*****
</DebugTrace>
      </Output>
    </UnitTestResult>
  </Results>
</TestRun>