<?xml version="1.0" encoding="UTF-8"?>
<TestRun id="94af5192-ad9a-4029-a4dd-4b769c65fbf0" name="nielsobr@USSLCL00134 2012-08-04 14:27:01" runUser="CORP\nielsobr" xmlns="http://microsoft.com/schemas/VisualStudio/TeamTest/2010">
  <TestSettings name="Local" id="eea220ab-40d6-40e9-934b-77bf5a1f08ee">
    <Description>These are default test settings for a local test run.</Description>
    <Deployment enabled="false" runDeploymentRoot="nielsobr_USSLCL00134 2012-08-04 14_27_01">
      <DeploymentItem filename="C:\Bruce N\Programming\Sudoku\Sudoku\bin\Debug\Sudoku.dll" />
    </Deployment>
    <Execution>
      <TestTypeSpecific />
      <AgentRule name="Execution Agents">
      </AgentRule>
    </Execution>
  </TestSettings>
  <Times creation="2012-08-04T14:27:01.8810038-06:00" queuing="2012-08-04T14:27:04.1521337-06:00" start="2012-08-04T14:27:04.2931417-06:00" finish="2012-08-04T14:27:28.6015321-06:00" />
  <ResultSummary outcome="Error">
    <Counters total="65" executed="47" passed="46" error="0" failed="0" timeout="0" aborted="1" inconclusive="0" passedButRunAborted="0" notRunnable="0" notExecuted="18" disconnected="0" warning="0" completed="0" inProgress="0" pending="0" />
    <RunInfos>
      <RunInfo computerName="USSLCL00134" outcome="Error" timestamp="2012-08-04T14:27:28.5965318-06:00">
        <Text>Test host process exited unexpectedly.</Text>
      </RunInfo>
    </RunInfos>
  </ResultSummary>
  <TestDefinitions>
    <UnitTest name="IsValidArrayTest" storage="c:\bruce n\programming\sudoku\testsudoku\bin\debug\testsudoku.dll" id="1ad507a0-5b9a-581b-e458-ab84bc32d160">
      <Execution id="43578dbc-8053-4d43-8672-2938f6570903" />
      <TestMethod codeBase="C:/Bruce N/Programming/Sudoku/TestSudoku/bin/Debug/TestSudoku.DLL" adapterTypeName="Microsoft.VisualStudio.TestTools.TestTypes.Unit.UnitTestAdapter, Microsoft.VisualStudio.QualityTools.Tips.UnitTest.Adapter, Version=10.0.0.0, Culture=neutral, PublicKeyToken=b03f5f7f11d50a3a" className="TestSudoku.SudokuSolutionTest, TestSudoku, Version=1.0.0.0, Culture=neutral, PublicKeyToken=null" name="IsValidArrayTest" />
    </UnitTest>
    <UnitTest name="FindValidNumberForTest" storage="c:\bruce n\programming\sudoku\testsudoku\bin\debug\testsudoku.dll" id="c37c5030-5bf8-5a4d-859d-184581b22311">
      <DeploymentItems>
        <DeploymentItem filename="Sudoku.dll" />
      </DeploymentItems>
      <Execution id="cc089531-bd4b-4611-b571-b45c4c87aa04" />
      <TestMethod codeBase="C:/Bruce N/Programming/Sudoku/TestSudoku/bin/Debug/TestSudoku.DLL" adapterTypeName="Microsoft.VisualStudio.TestTools.TestTypes.Unit.UnitTestAdapter, Microsoft.VisualStudio.QualityTools.Tips.UnitTest.Adapter, Version=10.0.0.0, Culture=neutral, PublicKeyToken=b03f5f7f11d50a3a" className="TestSudoku.SudokuSolutionTest, TestSudoku, Version=1.0.0.0, Culture=neutral, PublicKeyToken=null" name="FindValidNumberForTest" />
    </UnitTest>
    <UnitTest name="ClearGuessesTest" storage="c:\bruce n\programming\sudoku\testsudoku\bin\debug\testsudoku.dll" id="d9abdf13-ae54-2612-e87c-d5a061e44053">
      <DeploymentItems>
        <DeploymentItem filename="Sudoku.dll" />
      </DeploymentItems>
      <Execution id="deb54f5a-aa9d-42f8-9689-3b39e3b2e7c3" />
      <TestMethod codeBase="C:/Bruce N/Programming/Sudoku/TestSudoku/bin/Debug/TestSudoku.DLL" adapterTypeName="Microsoft.VisualStudio.TestTools.TestTypes.Unit.UnitTestAdapter, Microsoft.VisualStudio.QualityTools.Tips.UnitTest.Adapter, Version=10.0.0.0, Culture=neutral, PublicKeyToken=b03f5f7f11d50a3a" className="TestSudoku.SudokuPuzzleNewTest, TestSudoku, Version=1.0.0.0, Culture=neutral, PublicKeyToken=null" name="ClearGuessesTest" />
    </UnitTest>
    <UnitTest name="MaxDifficultyTest" storage="c:\bruce n\programming\sudoku\testsudoku\bin\debug\testsudoku.dll" id="0b5c5a05-8808-1e13-2bf6-c395469abafa">
      <Execution id="73724eb9-8f39-4f92-9898-6e0c1cacfa89" />
      <TestMethod codeBase="C:/Bruce N/Programming/Sudoku/TestSudoku/bin/Debug/TestSudoku.DLL" adapterTypeName="Microsoft.VisualStudio.TestTools.TestTypes.Unit.UnitTestAdapter, Microsoft.VisualStudio.QualityTools.Tips.UnitTest.Adapter, Version=10.0.0.0, Culture=neutral, PublicKeyToken=b03f5f7f11d50a3a" className="TestSudoku.SudokuPuzzleNewTest, TestSudoku, Version=1.0.0.0, Culture=neutral, PublicKeyToken=null" name="MaxDifficultyTest" />
    </UnitTest>
    <UnitTest name="BackSquareTest" storage="c:\bruce n\programming\sudoku\testsudoku\bin\debug\testsudoku.dll" id="32c2c6f6-2474-8918-6297-2116ff97cfeb">
      <DeploymentItems>
        <DeploymentItem filename="Sudoku.dll" />
      </DeploymentItems>
      <Execution id="f7b11a7f-3526-4c88-8d41-181cdd17aa9f" />
      <TestMethod codeBase="C:/Bruce N/Programming/Sudoku/TestSudoku/bin/Debug/TestSudoku.DLL" adapterTypeName="Microsoft.VisualStudio.TestTools.TestTypes.Unit.UnitTestAdapter, Microsoft.VisualStudio.QualityTools.Tips.UnitTest.Adapter, Version=10.0.0.0, Culture=neutral, PublicKeyToken=b03f5f7f11d50a3a" className="TestSudoku.SudokuSolutionTest, TestSudoku, Version=1.0.0.0, Culture=neutral, PublicKeyToken=null" name="BackSquareTest" />
    </UnitTest>
    <UnitTest name="MakeCopyTest" storage="c:\bruce n\programming\sudoku\testsudoku\bin\debug\testsudoku.dll" id="bc6cc949-a9b9-986d-2e2e-93bd454a56b0">
      <DeploymentItems>
        <DeploymentItem filename="Sudoku.dll" />
      </DeploymentItems>
      <Execution id="0c2efb37-09bd-41d9-bf4c-9ef43c9e484b" />
      <TestMethod codeBase="C:/Bruce N/Programming/Sudoku/TestSudoku/bin/Debug/TestSudoku.DLL" adapterTypeName="Microsoft.VisualStudio.TestTools.TestTypes.Unit.UnitTestAdapter, Microsoft.VisualStudio.QualityTools.Tips.UnitTest.Adapter, Version=10.0.0.0, Culture=neutral, PublicKeyToken=b03f5f7f11d50a3a" className="TestSudoku.SudokuSolutionTest, TestSudoku, Version=1.0.0.0, Culture=neutral, PublicKeyToken=null" name="MakeCopyTest" />
    </UnitTest>
    <UnitTest name="Step2UseSingletonsTest" storage="c:\bruce n\programming\sudoku\testsudoku\bin\debug\testsudoku.dll" id="c05b9167-4d3e-9d9b-e8a1-385289ab6fb1">
      <DeploymentItems>
        <DeploymentItem filename="Sudoku.dll" />
      </DeploymentItems>
      <Execution id="7a0f6a8f-8a54-4da1-8574-5253342ad807" />
      <TestMethod codeBase="C:/Bruce N/Programming/Sudoku/TestSudoku/bin/Debug/TestSudoku.DLL" adapterTypeName="Microsoft.VisualStudio.TestTools.TestTypes.Unit.UnitTestAdapter, Microsoft.VisualStudio.QualityTools.Tips.UnitTest.Adapter, Version=10.0.0.0, Culture=neutral, PublicKeyToken=b03f5f7f11d50a3a" className="TestSudoku.SudokuPuzzleNewTest, TestSudoku, Version=1.0.0.0, Culture=neutral, PublicKeyToken=null" name="Step2UseSingletonsTest" />
    </UnitTest>
    <UnitTest name="PairsBySubSquareTest" storage="c:\bruce n\programming\sudoku\testsudoku\bin\debug\testsudoku.dll" id="6088445e-ad5f-0116-dac2-af0a24e5b1e7">
      <DeploymentItems>
        <DeploymentItem filename="Sudoku.dll" />
      </DeploymentItems>
      <Execution id="cfa74e54-c7ff-4397-88d8-e4b4de31881a" />
      <TestMethod codeBase="C:/Bruce N/Programming/Sudoku/TestSudoku/bin/Debug/TestSudoku.DLL" adapterTypeName="Microsoft.VisualStudio.TestTools.TestTypes.Unit.UnitTestAdapter, Microsoft.VisualStudio.QualityTools.Tips.UnitTest.Adapter, Version=10.0.0.0, Culture=neutral, PublicKeyToken=b03f5f7f11d50a3a" className="TestSudoku.SudokuSolverTest, TestSudoku, Version=1.0.0.0, Culture=neutral, PublicKeyToken=null" name="PairsBySubSquareTest" />
    </UnitTest>
    <UnitTest name="InitializePuzzleTest" storage="c:\bruce n\programming\sudoku\testsudoku\bin\debug\testsudoku.dll" id="cc1f28d6-a78b-5ee1-c776-ef3cb24e1adb">
      <DeploymentItems>
        <DeploymentItem filename="Sudoku.dll" />
      </DeploymentItems>
      <Execution id="ea914c20-f113-494f-8771-4ba0e0ade805" />
      <TestMethod codeBase="C:/Bruce N/Programming/Sudoku/TestSudoku/bin/Debug/TestSudoku.DLL" adapterTypeName="Microsoft.VisualStudio.TestTools.TestTypes.Unit.UnitTestAdapter, Microsoft.VisualStudio.QualityTools.Tips.UnitTest.Adapter, Version=10.0.0.0, Culture=neutral, PublicKeyToken=b03f5f7f11d50a3a" className="TestSudoku.SudokuPuzzleNewTest, TestSudoku, Version=1.0.0.0, Culture=neutral, PublicKeyToken=null" name="InitializePuzzleTest" />
    </UnitTest>
    <UnitTest name="TestUnsolveableToTrivalTransition" storage="c:\bruce n\programming\sudoku\testsudoku\bin\debug\testsudoku.dll" id="eb717bdb-b632-ea94-6daf-0927684c8ade">
      <DeploymentItems>
        <DeploymentItem filename="Sudoku.dll" />
      </DeploymentItems>
      <Execution id="98474de2-cbb9-49fa-877c-31364c4e7bb0" />
      <TestMethod codeBase="C:/Bruce N/Programming/Sudoku/TestSudoku/bin/Debug/TestSudoku.DLL" adapterTypeName="Microsoft.VisualStudio.TestTools.TestTypes.Unit.UnitTestAdapter, Microsoft.VisualStudio.QualityTools.Tips.UnitTest.Adapter, Version=10.0.0.0, Culture=neutral, PublicKeyToken=b03f5f7f11d50a3a" className="TestSudoku.SudokuPuzzleTest, TestSudoku, Version=1.0.0.0, Culture=neutral, PublicKeyToken=null" name="TestUnsolveableToTrivalTransition" />
    </UnitTest>
    <UnitTest name="SudokuPuzzleConstructorTest" storage="c:\bruce n\programming\sudoku\testsudoku\bin\debug\testsudoku.dll" id="b5abfd46-fe33-0abb-11cc-1fe9eba79c0f">
      <Execution id="642cbc38-79c1-47ee-9bf9-bdc74330fa70" />
      <TestMethod codeBase="C:/Bruce N/Programming/Sudoku/TestSudoku/bin/Debug/TestSudoku.DLL" adapterTypeName="Microsoft.VisualStudio.TestTools.TestTypes.Unit.UnitTestAdapter, Microsoft.VisualStudio.QualityTools.Tips.UnitTest.Adapter, Version=10.0.0.0, Culture=neutral, PublicKeyToken=b03f5f7f11d50a3a" className="TestSudoku.SudokuPuzzleNewTest, TestSudoku, Version=1.0.0.0, Culture=neutral, PublicKeyToken=null" name="SudokuPuzzleConstructorTest" />
    </UnitTest>
    <UnitTest name="FullSolverTest" storage="c:\bruce n\programming\sudoku\testsudoku\bin\debug\testsudoku.dll" id="486f69e0-56fc-2037-29f3-157fb3ae50a3">
      <Execution id="19066428-0d92-4056-b1df-623b8e294b67" />
      <TestMethod codeBase="C:/Bruce N/Programming/Sudoku/TestSudoku/bin/Debug/TestSudoku.DLL" adapterTypeName="Microsoft.VisualStudio.TestTools.TestTypes.Unit.UnitTestAdapter, Microsoft.VisualStudio.QualityTools.Tips.UnitTest.Adapter, Version=10.0.0.0, Culture=neutral, PublicKeyToken=b03f5f7f11d50a3a" className="TestSudoku.SudokuSolverTest, TestSudoku, Version=1.0.0.0, Culture=neutral, PublicKeyToken=null" name="FullSolverTest" />
    </UnitTest>
    <UnitTest name="FindSolveablePuzzleTest" storage="c:\bruce n\programming\sudoku\testsudoku\bin\debug\testsudoku.dll" id="aff20130-097e-3c60-01ae-85bf83573d5d">
      <DeploymentItems>
        <DeploymentItem filename="Sudoku.dll" />
      </DeploymentItems>
      <Execution id="7d29919a-b1a0-47b9-bc6e-4effc3aeb928" />
      <TestMethod codeBase="C:/Bruce N/Programming/Sudoku/TestSudoku/bin/Debug/TestSudoku.DLL" adapterTypeName="Microsoft.VisualStudio.TestTools.TestTypes.Unit.UnitTestAdapter, Microsoft.VisualStudio.QualityTools.Tips.UnitTest.Adapter, Version=10.0.0.0, Culture=neutral, PublicKeyToken=b03f5f7f11d50a3a" className="TestSudoku.SudokuPuzzleNewTest, TestSudoku, Version=1.0.0.0, Culture=neutral, PublicKeyToken=null" name="FindSolveablePuzzleTest" />
    </UnitTest>
    <UnitTest name="FindSolutionTest" storage="c:\bruce n\programming\sudoku\testsudoku\bin\debug\testsudoku.dll" id="c786f71b-7d10-1c2a-4b32-86a35b6a4f84">
      <DeploymentItems>
        <DeploymentItem filename="Sudoku.dll" />
      </DeploymentItems>
      <Execution id="7248341c-9e26-4be4-8a15-856379064c04" />
      <TestMethod codeBase="C:/Bruce N/Programming/Sudoku/TestSudoku/bin/Debug/TestSudoku.DLL" adapterTypeName="Microsoft.VisualStudio.TestTools.TestTypes.Unit.UnitTestAdapter, Microsoft.VisualStudio.QualityTools.Tips.UnitTest.Adapter, Version=10.0.0.0, Culture=neutral, PublicKeyToken=b03f5f7f11d50a3a" className="TestSudoku.SudokuSolverTest, TestSudoku, Version=1.0.0.0, Culture=neutral, PublicKeyToken=null" name="FindSolutionTest" />
    </UnitTest>
    <UnitTest name="IsValidTest" storage="c:\bruce n\programming\sudoku\testsudoku\bin\debug\testsudoku.dll" id="a5bbbdc5-93ee-df0d-3653-ee172d550aca">
      <DeploymentItems>
        <DeploymentItem filename="Sudoku.dll" />
      </DeploymentItems>
      <Execution id="c6c2654e-53f8-4146-800a-d95669b5085c" />
      <TestMethod codeBase="C:/Bruce N/Programming/Sudoku/TestSudoku/bin/Debug/TestSudoku.DLL" adapterTypeName="Microsoft.VisualStudio.TestTools.TestTypes.Unit.UnitTestAdapter, Microsoft.VisualStudio.QualityTools.Tips.UnitTest.Adapter, Version=10.0.0.0, Culture=neutral, PublicKeyToken=b03f5f7f11d50a3a" className="TestSudoku.SudokuSolutionTest, TestSudoku, Version=1.0.0.0, Culture=neutral, PublicKeyToken=null" name="IsValidTest" />
    </UnitTest>
    <UnitTest name="DifficultyLevelTest" storage="c:\bruce n\programming\sudoku\testsudoku\bin\debug\testsudoku.dll" id="5b9e93c3-948f-f5f6-9929-816385f9f2c0">
      <Execution id="731142e5-e856-4c01-80fc-1a1675aabd3b" />
      <TestMethod codeBase="C:/Bruce N/Programming/Sudoku/TestSudoku/bin/Debug/TestSudoku.DLL" adapterTypeName="Microsoft.VisualStudio.TestTools.TestTypes.Unit.UnitTestAdapter, Microsoft.VisualStudio.QualityTools.Tips.UnitTest.Adapter, Version=10.0.0.0, Culture=neutral, PublicKeyToken=b03f5f7f11d50a3a" className="TestSudoku.SudokuPuzzleNewTest, TestSudoku, Version=1.0.0.0, Culture=neutral, PublicKeyToken=null" name="DifficultyLevelTest" />
    </UnitTest>
    <UnitTest name="UncoverPuzzleTest" storage="c:\bruce n\programming\sudoku\testsudoku\bin\debug\testsudoku.dll" id="b101bcbb-27a3-55ce-2dd9-0f0f3a5bb264">
      <DeploymentItems>
        <DeploymentItem filename="Sudoku.dll" />
      </DeploymentItems>
      <Execution id="39c33e61-33ec-4ed2-b785-d5be23308aca" />
      <TestMethod codeBase="C:/Bruce N/Programming/Sudoku/TestSudoku/bin/Debug/TestSudoku.DLL" adapterTypeName="Microsoft.VisualStudio.TestTools.TestTypes.Unit.UnitTestAdapter, Microsoft.VisualStudio.QualityTools.Tips.UnitTest.Adapter, Version=10.0.0.0, Culture=neutral, PublicKeyToken=b03f5f7f11d50a3a" className="TestSudoku.SudokuPuzzleTest, TestSudoku, Version=1.0.0.0, Culture=neutral, PublicKeyToken=null" name="UncoverPuzzleTest" />
    </UnitTest>
    <UnitTest name="TotalUncoversTest" storage="c:\bruce n\programming\sudoku\testsudoku\bin\debug\testsudoku.dll" id="2399e5e9-33b2-7f7a-c355-bc5e0c3626d2">
      <DeploymentItems>
        <DeploymentItem filename="Sudoku.dll" />
      </DeploymentItems>
      <Execution id="d8ce88b1-937e-4d63-ae16-6588715098e6" />
      <TestMethod codeBase="C:/Bruce N/Programming/Sudoku/TestSudoku/bin/Debug/TestSudoku.DLL" adapterTypeName="Microsoft.VisualStudio.TestTools.TestTypes.Unit.UnitTestAdapter, Microsoft.VisualStudio.QualityTools.Tips.UnitTest.Adapter, Version=10.0.0.0, Culture=neutral, PublicKeyToken=b03f5f7f11d50a3a" className="TestSudoku.SudokuPuzzleTest, TestSudoku, Version=1.0.0.0, Culture=neutral, PublicKeyToken=null" name="TotalUncoversTest" />
    </UnitTest>
    <UnitTest name="Step3UsePairsTest" storage="c:\bruce n\programming\sudoku\testsudoku\bin\debug\testsudoku.dll" id="04491180-eae4-f06f-187d-ebc0638faa7d">
      <DeploymentItems>
        <DeploymentItem filename="Sudoku.dll" />
      </DeploymentItems>
      <Execution id="0f76d5c0-64c2-4ff2-b865-252139145363" />
      <TestMethod codeBase="C:/Bruce N/Programming/Sudoku/TestSudoku/bin/Debug/TestSudoku.DLL" adapterTypeName="Microsoft.VisualStudio.TestTools.TestTypes.Unit.UnitTestAdapter, Microsoft.VisualStudio.QualityTools.Tips.UnitTest.Adapter, Version=10.0.0.0, Culture=neutral, PublicKeyToken=b03f5f7f11d50a3a" className="TestSudoku.SudokuSolverTest, TestSudoku, Version=1.0.0.0, Culture=neutral, PublicKeyToken=null" name="Step3UsePairsTest" />
    </UnitTest>
    <UnitTest name="NextSquareTest" storage="c:\bruce n\programming\sudoku\testsudoku\bin\debug\testsudoku.dll" id="88f57e9b-c6f8-a8c9-6bd0-511ff05cfb16">
      <DeploymentItems>
        <DeploymentItem filename="Sudoku.dll" />
      </DeploymentItems>
      <Execution id="b1110705-ab66-412d-bc9f-e85085bbf40a" />
      <TestMethod codeBase="C:/Bruce N/Programming/Sudoku/TestSudoku/bin/Debug/TestSudoku.DLL" adapterTypeName="Microsoft.VisualStudio.TestTools.TestTypes.Unit.UnitTestAdapter, Microsoft.VisualStudio.QualityTools.Tips.UnitTest.Adapter, Version=10.0.0.0, Culture=neutral, PublicKeyToken=b03f5f7f11d50a3a" className="TestSudoku.SudokuSolutionTest, TestSudoku, Version=1.0.0.0, Culture=neutral, PublicKeyToken=null" name="NextSquareTest" />
    </UnitTest>
    <UnitTest name="UncoverCountBySubSquareTest" storage="c:\bruce n\programming\sudoku\testsudoku\bin\debug\testsudoku.dll" id="df32b477-d68b-2a2b-b301-d704a740e06b">
      <DeploymentItems>
        <DeploymentItem filename="Sudoku.dll" />
      </DeploymentItems>
      <Execution id="3be17322-a648-4f08-9aa4-f2b3f04399a4" />
      <TestMethod codeBase="C:/Bruce N/Programming/Sudoku/TestSudoku/bin/Debug/TestSudoku.DLL" adapterTypeName="Microsoft.VisualStudio.TestTools.TestTypes.Unit.UnitTestAdapter, Microsoft.VisualStudio.QualityTools.Tips.UnitTest.Adapter, Version=10.0.0.0, Culture=neutral, PublicKeyToken=b03f5f7f11d50a3a" className="TestSudoku.SudokuPuzzleTest, TestSudoku, Version=1.0.0.0, Culture=neutral, PublicKeyToken=null" name="UncoverCountBySubSquareTest" />
    </UnitTest>
    <UnitTest name="TestSingletonsToFillInPuzzle" storage="c:\bruce n\programming\sudoku\testsudoku\bin\debug\testsudoku.dll" id="8759e944-8653-b38d-1a0f-ebb1d8b476a9">
      <DeploymentItems>
        <DeploymentItem filename="Sudoku.dll" />
      </DeploymentItems>
      <Execution id="3a4a4869-03e7-41cd-9792-de838c9ba48c" />
      <TestMethod codeBase="C:/Bruce N/Programming/Sudoku/TestSudoku/bin/Debug/TestSudoku.DLL" adapterTypeName="Microsoft.VisualStudio.TestTools.TestTypes.Unit.UnitTestAdapter, Microsoft.VisualStudio.QualityTools.Tips.UnitTest.Adapter, Version=10.0.0.0, Culture=neutral, PublicKeyToken=b03f5f7f11d50a3a" className="TestSudoku.SudokuPuzzleTest, TestSudoku, Version=1.0.0.0, Culture=neutral, PublicKeyToken=null" name="TestSingletonsToFillInPuzzle" />
    </UnitTest>
    <UnitTest name="AssessDifficultyTest" storage="c:\bruce n\programming\sudoku\testsudoku\bin\debug\testsudoku.dll" id="80155721-06d3-979c-8f6d-29dc41f17ef1">
      <Execution id="741641ab-e1cb-46d0-b33c-bf4cfdd00133" />
      <TestMethod codeBase="C:/Bruce N/Programming/Sudoku/TestSudoku/bin/Debug/TestSudoku.DLL" adapterTypeName="Microsoft.VisualStudio.TestTools.TestTypes.Unit.UnitTestAdapter, Microsoft.VisualStudio.QualityTools.Tips.UnitTest.Adapter, Version=10.0.0.0, Culture=neutral, PublicKeyToken=b03f5f7f11d50a3a" className="TestSudoku.SudokuPuzzleTest, TestSudoku, Version=1.0.0.0, Culture=neutral, PublicKeyToken=null" name="AssessDifficultyTest" />
    </UnitTest>
    <UnitTest name="SetSudokuArrayTest" storage="c:\bruce n\programming\sudoku\testsudoku\bin\debug\testsudoku.dll" id="8828e05c-a42f-e363-e341-6794a476517b">
      <DeploymentItems>
        <DeploymentItem filename="Sudoku.dll" />
      </DeploymentItems>
      <Execution id="b79e2da2-2aa3-4731-988a-c8487eaedb37" />
      <TestMethod codeBase="C:/Bruce N/Programming/Sudoku/TestSudoku/bin/Debug/TestSudoku.DLL" adapterTypeName="Microsoft.VisualStudio.TestTools.TestTypes.Unit.UnitTestAdapter, Microsoft.VisualStudio.QualityTools.Tips.UnitTest.Adapter, Version=10.0.0.0, Culture=neutral, PublicKeyToken=b03f5f7f11d50a3a" className="TestSudoku.SudokuSolutionTest, TestSudoku, Version=1.0.0.0, Culture=neutral, PublicKeyToken=null" name="SetSudokuArrayTest" />
    </UnitTest>
    <UnitTest name="SetSolutionTest" storage="c:\bruce n\programming\sudoku\testsudoku\bin\debug\testsudoku.dll" id="b38a9229-d380-9205-8996-ce540170d766">
      <Execution id="c396b45b-c4b0-4246-8771-4eecf0ca8fc8" />
      <TestMethod codeBase="C:/Bruce N/Programming/Sudoku/TestSudoku/bin/Debug/TestSudoku.DLL" adapterTypeName="Microsoft.VisualStudio.TestTools.TestTypes.Unit.UnitTestAdapter, Microsoft.VisualStudio.QualityTools.Tips.UnitTest.Adapter, Version=10.0.0.0, Culture=neutral, PublicKeyToken=b03f5f7f11d50a3a" className="TestSudoku.SudokuPuzzleNewTest, TestSudoku, Version=1.0.0.0, Culture=neutral, PublicKeyToken=null" name="SetSolutionTest" />
    </UnitTest>
    <UnitTest name="UncoverSquareTest" storage="c:\bruce n\programming\sudoku\testsudoku\bin\debug\testsudoku.dll" id="4f503fe4-6f61-d5e2-44b3-da29f635ba86">
      <DeploymentItems>
        <DeploymentItem filename="Sudoku.dll" />
      </DeploymentItems>
      <Execution id="ca05c002-a94b-441e-b77d-d213ca39605e" />
      <TestMethod codeBase="C:/Bruce N/Programming/Sudoku/TestSudoku/bin/Debug/TestSudoku.DLL" adapterTypeName="Microsoft.VisualStudio.TestTools.TestTypes.Unit.UnitTestAdapter, Microsoft.VisualStudio.QualityTools.Tips.UnitTest.Adapter, Version=10.0.0.0, Culture=neutral, PublicKeyToken=b03f5f7f11d50a3a" className="TestSudoku.SudokuPuzzleNewTest, TestSudoku, Version=1.0.0.0, Culture=neutral, PublicKeyToken=null" name="UncoverSquareTest" />
    </UnitTest>
    <UnitTest name="InitializePuzzleTest" storage="c:\bruce n\programming\sudoku\testsudoku\bin\debug\testsudoku.dll" id="464cd04b-06f9-910c-d478-a5fa37cd2247">
      <DeploymentItems>
        <DeploymentItem filename="Sudoku.dll" />
      </DeploymentItems>
      <Execution id="8ac8f177-9e17-43ad-939e-1b3579d2b821" />
      <TestMethod codeBase="C:/Bruce N/Programming/Sudoku/TestSudoku/bin/Debug/TestSudoku.DLL" adapterTypeName="Microsoft.VisualStudio.TestTools.TestTypes.Unit.UnitTestAdapter, Microsoft.VisualStudio.QualityTools.Tips.UnitTest.Adapter, Version=10.0.0.0, Culture=neutral, PublicKeyToken=b03f5f7f11d50a3a" className="TestSudoku.SudokuPuzzleTest, TestSudoku, Version=1.0.0.0, Culture=neutral, PublicKeyToken=null" name="InitializePuzzleTest" />
    </UnitTest>
    <UnitTest name="Step1FindSingleGuessesTest" storage="c:\bruce n\programming\sudoku\testsudoku\bin\debug\testsudoku.dll" id="32a80b6d-7368-1157-bb75-936c90483568">
      <DeploymentItems>
        <DeploymentItem filename="Sudoku.dll" />
      </DeploymentItems>
      <Execution id="008f71f1-5fb9-48dc-b33a-f281b37a6cbd" />
      <TestMethod codeBase="C:/Bruce N/Programming/Sudoku/TestSudoku/bin/Debug/TestSudoku.DLL" adapterTypeName="Microsoft.VisualStudio.TestTools.TestTypes.Unit.UnitTestAdapter, Microsoft.VisualStudio.QualityTools.Tips.UnitTest.Adapter, Version=10.0.0.0, Culture=neutral, PublicKeyToken=b03f5f7f11d50a3a" className="TestSudoku.SudokuPuzzleNewTest, TestSudoku, Version=1.0.0.0, Culture=neutral, PublicKeyToken=null" name="Step1FindSingleGuessesTest" />
    </UnitTest>
    <UnitTest name="ProcessSingletonByRowTest" storage="c:\bruce n\programming\sudoku\testsudoku\bin\debug\testsudoku.dll" id="db389166-8d20-0e20-66f8-9fc1731120ff">
      <DeploymentItems>
        <DeploymentItem filename="Sudoku.dll" />
      </DeploymentItems>
      <Execution id="6b4d35c0-70bd-41c5-9511-c38a7ea44266" />
      <TestMethod codeBase="C:/Bruce N/Programming/Sudoku/TestSudoku/bin/Debug/TestSudoku.DLL" adapterTypeName="Microsoft.VisualStudio.TestTools.TestTypes.Unit.UnitTestAdapter, Microsoft.VisualStudio.QualityTools.Tips.UnitTest.Adapter, Version=10.0.0.0, Culture=neutral, PublicKeyToken=b03f5f7f11d50a3a" className="TestSudoku.SudokuPuzzleNewTest, TestSudoku, Version=1.0.0.0, Culture=neutral, PublicKeyToken=null" name="ProcessSingletonByRowTest" />
    </UnitTest>
    <UnitTest name="TestProblemsWithStep3FindPairs" storage="c:\bruce n\programming\sudoku\testsudoku\bin\debug\testsudoku.dll" id="50d73d16-c467-1990-6c2f-20f749cde691">
      <DeploymentItems>
        <DeploymentItem filename="Sudoku.dll" />
      </DeploymentItems>
      <Execution id="781cc701-04f6-41b4-937c-d38b2a91b1c6" />
      <TestMethod codeBase="C:/Bruce N/Programming/Sudoku/TestSudoku/bin/Debug/TestSudoku.DLL" adapterTypeName="Microsoft.VisualStudio.TestTools.TestTypes.Unit.UnitTestAdapter, Microsoft.VisualStudio.QualityTools.Tips.UnitTest.Adapter, Version=10.0.0.0, Culture=neutral, PublicKeyToken=b03f5f7f11d50a3a" className="TestSudoku.SudokuSolverTest, TestSudoku, Version=1.0.0.0, Culture=neutral, PublicKeyToken=null" name="TestProblemsWithStep3FindPairs" />
    </UnitTest>
    <UnitTest name="UncoverCountBySubSquareTest" storage="c:\bruce n\programming\sudoku\testsudoku\bin\debug\testsudoku.dll" id="8cdd2eb7-02e3-0d17-cc73-75aa4caa7216">
      <DeploymentItems>
        <DeploymentItem filename="Sudoku.dll" />
      </DeploymentItems>
      <Execution id="21a71cc9-6732-46ec-b6e1-49b73fa94813" />
      <TestMethod codeBase="C:/Bruce N/Programming/Sudoku/TestSudoku/bin/Debug/TestSudoku.DLL" adapterTypeName="Microsoft.VisualStudio.TestTools.TestTypes.Unit.UnitTestAdapter, Microsoft.VisualStudio.QualityTools.Tips.UnitTest.Adapter, Version=10.0.0.0, Culture=neutral, PublicKeyToken=b03f5f7f11d50a3a" className="TestSudoku.SudokuPuzzleNewTest, TestSudoku, Version=1.0.0.0, Culture=neutral, PublicKeyToken=null" name="UncoverCountBySubSquareTest" />
    </UnitTest>
    <UnitTest name="CheckForSolutionTest" storage="c:\bruce n\programming\sudoku\testsudoku\bin\debug\testsudoku.dll" id="fa9b5a98-11df-cc49-fac3-46a2c0f64ad4">
      <DeploymentItems>
        <DeploymentItem filename="Sudoku.dll" />
      </DeploymentItems>
      <Execution id="3293ee28-fd65-4a0d-92be-14fb89c1fb50" />
      <TestMethod codeBase="C:/Bruce N/Programming/Sudoku/TestSudoku/bin/Debug/TestSudoku.DLL" adapterTypeName="Microsoft.VisualStudio.TestTools.TestTypes.Unit.UnitTestAdapter, Microsoft.VisualStudio.QualityTools.Tips.UnitTest.Adapter, Version=10.0.0.0, Culture=neutral, PublicKeyToken=b03f5f7f11d50a3a" className="TestSudoku.SudokuSolverTest, TestSudoku, Version=1.0.0.0, Culture=neutral, PublicKeyToken=null" name="CheckForSolutionTest" />
    </UnitTest>
    <UnitTest name="SudokuPuzzleConstructorTest" storage="c:\bruce n\programming\sudoku\testsudoku\bin\debug\testsudoku.dll" id="cbaf69e5-bb1d-8df0-d456-f15e409b1c45">
      <Execution id="4ae6dcd7-c4d5-4acc-b643-7610a56ce2ba" />
      <TestMethod codeBase="C:/Bruce N/Programming/Sudoku/TestSudoku/bin/Debug/TestSudoku.DLL" adapterTypeName="Microsoft.VisualStudio.TestTools.TestTypes.Unit.UnitTestAdapter, Microsoft.VisualStudio.QualityTools.Tips.UnitTest.Adapter, Version=10.0.0.0, Culture=neutral, PublicKeyToken=b03f5f7f11d50a3a" className="TestSudoku.SudokuPuzzleTest, TestSudoku, Version=1.0.0.0, Culture=neutral, PublicKeyToken=null" name="SudokuPuzzleConstructorTest" />
    </UnitTest>
    <UnitTest name="CloneTest" storage="c:\bruce n\programming\sudoku\testsudoku\bin\debug\testsudoku.dll" id="061173eb-fd91-e638-1846-2d2c6c59d224">
      <Execution id="3fc79fcc-8495-4733-88ad-58e7419950d4" />
      <TestMethod codeBase="C:/Bruce N/Programming/Sudoku/TestSudoku/bin/Debug/TestSudoku.DLL" adapterTypeName="Microsoft.VisualStudio.TestTools.TestTypes.Unit.UnitTestAdapter, Microsoft.VisualStudio.QualityTools.Tips.UnitTest.Adapter, Version=10.0.0.0, Culture=neutral, PublicKeyToken=b03f5f7f11d50a3a" className="TestSudoku.SudokuPuzzleNewTest, TestSudoku, Version=1.0.0.0, Culture=neutral, PublicKeyToken=null" name="CloneTest" />
    </UnitTest>
    <UnitTest name="ConstructPuzzleTest" storage="c:\bruce n\programming\sudoku\testsudoku\bin\debug\testsudoku.dll" id="13e82d77-fd51-3c12-aa24-865ef08dfba6">
      <DeploymentItems>
        <DeploymentItem filename="Sudoku.dll" />
      </DeploymentItems>
      <Execution id="9ccd0f61-5913-4fe8-a1a7-7deb3b0b5069" />
      <TestMethod codeBase="C:/Bruce N/Programming/Sudoku/TestSudoku/bin/Debug/TestSudoku.DLL" adapterTypeName="Microsoft.VisualStudio.TestTools.TestTypes.Unit.UnitTestAdapter, Microsoft.VisualStudio.QualityTools.Tips.UnitTest.Adapter, Version=10.0.0.0, Culture=neutral, PublicKeyToken=b03f5f7f11d50a3a" className="TestSudoku.SudokuPuzzleNewTest, TestSudoku, Version=1.0.0.0, Culture=neutral, PublicKeyToken=null" name="ConstructPuzzleTest" />
    </UnitTest>
    <UnitTest name="SingletonsBySubsquareTest" storage="c:\bruce n\programming\sudoku\testsudoku\bin\debug\testsudoku.dll" id="1a1703db-8eff-c9cf-7c21-727ed5f67909">
      <DeploymentItems>
        <DeploymentItem filename="Sudoku.dll" />
      </DeploymentItems>
      <Execution id="335f1879-2a90-4488-88d4-dbcea7368e74" />
      <TestMethod codeBase="C:/Bruce N/Programming/Sudoku/TestSudoku/bin/Debug/TestSudoku.DLL" adapterTypeName="Microsoft.VisualStudio.TestTools.TestTypes.Unit.UnitTestAdapter, Microsoft.VisualStudio.QualityTools.Tips.UnitTest.Adapter, Version=10.0.0.0, Culture=neutral, PublicKeyToken=b03f5f7f11d50a3a" className="TestSudoku.SudokuSolverTest, TestSudoku, Version=1.0.0.0, Culture=neutral, PublicKeyToken=null" name="SingletonsBySubsquareTest" />
    </UnitTest>
    <UnitTest name="ProcessSingletonByColumnTest" storage="c:\bruce n\programming\sudoku\testsudoku\bin\debug\testsudoku.dll" id="f0d8d23e-83ba-003c-4577-8c8139e80124">
      <DeploymentItems>
        <DeploymentItem filename="Sudoku.dll" />
      </DeploymentItems>
      <Execution id="8c7fcbd8-5b8e-445a-bc82-255e28e67b14" />
      <TestMethod codeBase="C:/Bruce N/Programming/Sudoku/TestSudoku/bin/Debug/TestSudoku.DLL" adapterTypeName="Microsoft.VisualStudio.TestTools.TestTypes.Unit.UnitTestAdapter, Microsoft.VisualStudio.QualityTools.Tips.UnitTest.Adapter, Version=10.0.0.0, Culture=neutral, PublicKeyToken=b03f5f7f11d50a3a" className="TestSudoku.SudokuPuzzleNewTest, TestSudoku, Version=1.0.0.0, Culture=neutral, PublicKeyToken=null" name="ProcessSingletonByColumnTest" />
    </UnitTest>
    <UnitTest name="ProcessSingletonBySubSquareTest" storage="c:\bruce n\programming\sudoku\testsudoku\bin\debug\testsudoku.dll" id="a31b5d1d-5145-f3c8-eab2-ef40f677b278">
      <DeploymentItems>
        <DeploymentItem filename="Sudoku.dll" />
      </DeploymentItems>
      <Execution id="7447a597-cd76-4b7a-b1c2-e2bf6e3d2706" />
      <TestMethod codeBase="C:/Bruce N/Programming/Sudoku/TestSudoku/bin/Debug/TestSudoku.DLL" adapterTypeName="Microsoft.VisualStudio.TestTools.TestTypes.Unit.UnitTestAdapter, Microsoft.VisualStudio.QualityTools.Tips.UnitTest.Adapter, Version=10.0.0.0, Culture=neutral, PublicKeyToken=b03f5f7f11d50a3a" className="TestSudoku.SudokuPuzzleNewTest, TestSudoku, Version=1.0.0.0, Culture=neutral, PublicKeyToken=null" name="ProcessSingletonBySubSquareTest" />
    </UnitTest>
    <UnitTest name="TestSudokuSolutionCreation" storage="c:\bruce n\programming\sudoku\testsudoku\bin\debug\testsudoku.dll" id="c2bb07ee-ec47-2144-fb15-eb859f70a4fb">
      <Execution id="fc102af9-6e8f-43c1-8ec6-917e09ee9e41" />
      <TestMethod codeBase="C:/Bruce N/Programming/Sudoku/TestSudoku/bin/Debug/TestSudoku.DLL" adapterTypeName="Microsoft.VisualStudio.TestTools.TestTypes.Unit.UnitTestAdapter, Microsoft.VisualStudio.QualityTools.Tips.UnitTest.Adapter, Version=10.0.0.0, Culture=neutral, PublicKeyToken=b03f5f7f11d50a3a" className="TestSudoku.TestCreateSudoku, TestSudoku, Version=1.0.0.0, Culture=neutral, PublicKeyToken=null" name="TestSudokuSolutionCreation" />
    </UnitTest>
    <UnitTest name="TestSudokuPuzzleSolver" storage="c:\bruce n\programming\sudoku\testsudoku\bin\debug\testsudoku.dll" id="80906e2f-5edd-4386-f241-db74d6472a2a">
      <Execution id="4800839d-a648-42c4-ab0a-de6ff7f429c0" />
      <TestMethod codeBase="C:/Bruce N/Programming/Sudoku/TestSudoku/bin/Debug/TestSudoku.DLL" adapterTypeName="Microsoft.VisualStudio.TestTools.TestTypes.Unit.UnitTestAdapter, Microsoft.VisualStudio.QualityTools.Tips.UnitTest.Adapter, Version=10.0.0.0, Culture=neutral, PublicKeyToken=b03f5f7f11d50a3a" className="TestSudoku.TestCreateSudoku, TestSudoku, Version=1.0.0.0, Culture=neutral, PublicKeyToken=null" name="TestSudokuPuzzleSolver" />
    </UnitTest>
    <UnitTest name="AttemptSetSudokuArrayTest" storage="c:\bruce n\programming\sudoku\testsudoku\bin\debug\testsudoku.dll" id="91db702d-a069-121c-623e-6db4435b1aba">
      <DeploymentItems>
        <DeploymentItem filename="Sudoku.dll" />
      </DeploymentItems>
      <Execution id="f98ca2da-d985-4e0b-917b-4ab93b86bacf" />
      <TestMethod codeBase="C:/Bruce N/Programming/Sudoku/TestSudoku/bin/Debug/TestSudoku.DLL" adapterTypeName="Microsoft.VisualStudio.TestTools.TestTypes.Unit.UnitTestAdapter, Microsoft.VisualStudio.QualityTools.Tips.UnitTest.Adapter, Version=10.0.0.0, Culture=neutral, PublicKeyToken=b03f5f7f11d50a3a" className="TestSudoku.SudokuSolutionTest, TestSudoku, Version=1.0.0.0, Culture=neutral, PublicKeyToken=null" name="AttemptSetSudokuArrayTest" />
    </UnitTest>
    <UnitTest name="SingletonsBySubSquareTest" storage="c:\bruce n\programming\sudoku\testsudoku\bin\debug\testsudoku.dll" id="aced5c0b-e025-ba3d-7667-29ac179ec14c">
      <DeploymentItems>
        <DeploymentItem filename="Sudoku.dll" />
      </DeploymentItems>
      <Execution id="16261d6e-48ab-48db-9fe9-76d6f2c0c249" />
      <TestMethod codeBase="C:/Bruce N/Programming/Sudoku/TestSudoku/bin/Debug/TestSudoku.DLL" adapterTypeName="Microsoft.VisualStudio.TestTools.TestTypes.Unit.UnitTestAdapter, Microsoft.VisualStudio.QualityTools.Tips.UnitTest.Adapter, Version=10.0.0.0, Culture=neutral, PublicKeyToken=b03f5f7f11d50a3a" className="TestSudoku.SudokuPuzzleNewTest, TestSudoku, Version=1.0.0.0, Culture=neutral, PublicKeyToken=null" name="SingletonsBySubSquareTest" />
    </UnitTest>
    <UnitTest name="PuzzleTest" storage="c:\bruce n\programming\sudoku\testsudoku\bin\debug\testsudoku.dll" id="716751e5-4a8b-99ba-38de-904dcf99d413">
      <DeploymentItems>
        <DeploymentItem filename="Sudoku.dll" />
      </DeploymentItems>
      <Execution id="af45f127-6199-4d9a-959f-31d84df74606" />
      <TestMethod codeBase="C:/Bruce N/Programming/Sudoku/TestSudoku/bin/Debug/TestSudoku.DLL" adapterTypeName="Microsoft.VisualStudio.TestTools.TestTypes.Unit.UnitTestAdapter, Microsoft.VisualStudio.QualityTools.Tips.UnitTest.Adapter, Version=10.0.0.0, Culture=neutral, PublicKeyToken=b03f5f7f11d50a3a" className="TestSudoku.SudokuSolverTest, TestSudoku, Version=1.0.0.0, Culture=neutral, PublicKeyToken=null" name="PuzzleTest" />
    </UnitTest>
    <UnitTest name="Step2UseSingletonsTest" storage="c:\bruce n\programming\sudoku\testsudoku\bin\debug\testsudoku.dll" id="aabce983-0847-8133-b6b4-ae8b0475dffb">
      <DeploymentItems>
        <DeploymentItem filename="Sudoku.dll" />
      </DeploymentItems>
      <Execution id="c7ba140d-60cd-4d78-b65d-1aaa40397e57" />
      <TestMethod codeBase="C:/Bruce N/Programming/Sudoku/TestSudoku/bin/Debug/TestSudoku.DLL" adapterTypeName="Microsoft.VisualStudio.TestTools.TestTypes.Unit.UnitTestAdapter, Microsoft.VisualStudio.QualityTools.Tips.UnitTest.Adapter, Version=10.0.0.0, Culture=neutral, PublicKeyToken=b03f5f7f11d50a3a" className="TestSudoku.SudokuSolverTest, TestSudoku, Version=1.0.0.0, Culture=neutral, PublicKeyToken=null" name="Step2UseSingletonsTest" />
    </UnitTest>
    <UnitTest name="GetSolutionTest" storage="c:\bruce n\programming\sudoku\testsudoku\bin\debug\testsudoku.dll" id="dd354d43-207a-04dc-f6e6-9f0e1d3caca6">
      <Execution id="d365fe6a-02f8-47a4-85cf-75c8715af103" />
      <TestMethod codeBase="C:/Bruce N/Programming/Sudoku/TestSudoku/bin/Debug/TestSudoku.DLL" adapterTypeName="Microsoft.VisualStudio.TestTools.TestTypes.Unit.UnitTestAdapter, Microsoft.VisualStudio.QualityTools.Tips.UnitTest.Adapter, Version=10.0.0.0, Culture=neutral, PublicKeyToken=b03f5f7f11d50a3a" className="TestSudoku.SudokuSolverTest, TestSudoku, Version=1.0.0.0, Culture=neutral, PublicKeyToken=null" name="GetSolutionTest" />
    </UnitTest>
    <UnitTest name="EliminateGuessesTest" storage="c:\bruce n\programming\sudoku\testsudoku\bin\debug\testsudoku.dll" id="486b0a80-0a49-67de-680c-77fefbf9cb23">
      <DeploymentItems>
        <DeploymentItem filename="Sudoku.dll" />
      </DeploymentItems>
      <Execution id="a49bfc75-0282-4f6a-a16c-ed634ab1fde8" />
      <TestMethod codeBase="C:/Bruce N/Programming/Sudoku/TestSudoku/bin/Debug/TestSudoku.DLL" adapterTypeName="Microsoft.VisualStudio.TestTools.TestTypes.Unit.UnitTestAdapter, Microsoft.VisualStudio.QualityTools.Tips.UnitTest.Adapter, Version=10.0.0.0, Culture=neutral, PublicKeyToken=b03f5f7f11d50a3a" className="TestSudoku.SudokuPuzzleNewTest, TestSudoku, Version=1.0.0.0, Culture=neutral, PublicKeyToken=null" name="EliminateGuessesTest" />
    </UnitTest>
    <UnitTest name="FindSolveablePuzzleTest" storage="c:\bruce n\programming\sudoku\testsudoku\bin\debug\testsudoku.dll" id="8a2dec74-abc6-a0c9-7c0e-21c6df6bc9b0">
      <DeploymentItems>
        <DeploymentItem filename="Sudoku.dll" />
      </DeploymentItems>
      <Execution id="25389e9b-e4f6-4581-a6dd-648ef183d3e4" />
      <TestMethod codeBase="C:/Bruce N/Programming/Sudoku/TestSudoku/bin/Debug/TestSudoku.DLL" adapterTypeName="Microsoft.VisualStudio.TestTools.TestTypes.Unit.UnitTestAdapter, Microsoft.VisualStudio.QualityTools.Tips.UnitTest.Adapter, Version=10.0.0.0, Culture=neutral, PublicKeyToken=b03f5f7f11d50a3a" className="TestSudoku.SudokuPuzzleTest, TestSudoku, Version=1.0.0.0, Culture=neutral, PublicKeyToken=null" name="FindSolveablePuzzleTest" />
    </UnitTest>
    <UnitTest name="TotalUncoversTest" storage="c:\bruce n\programming\sudoku\testsudoku\bin\debug\testsudoku.dll" id="d8b0082d-cfd9-4b49-6f2e-66044169ea1f">
      <DeploymentItems>
        <DeploymentItem filename="Sudoku.dll" />
      </DeploymentItems>
      <Execution id="b03aff25-f2c4-4b22-8b84-c85316630db6" />
      <TestMethod codeBase="C:/Bruce N/Programming/Sudoku/TestSudoku/bin/Debug/TestSudoku.DLL" adapterTypeName="Microsoft.VisualStudio.TestTools.TestTypes.Unit.UnitTestAdapter, Microsoft.VisualStudio.QualityTools.Tips.UnitTest.Adapter, Version=10.0.0.0, Culture=neutral, PublicKeyToken=b03f5f7f11d50a3a" className="TestSudoku.SudokuPuzzleNewTest, TestSudoku, Version=1.0.0.0, Culture=neutral, PublicKeyToken=null" name="TotalUncoversTest" />
    </UnitTest>
    <UnitTest name="ClearGuessesTest" storage="c:\bruce n\programming\sudoku\testsudoku\bin\debug\testsudoku.dll" id="f22be3fe-e6de-c94d-69d0-1f8a2b594bcc">
      <DeploymentItems>
        <DeploymentItem filename="Sudoku.dll" />
      </DeploymentItems>
      <Execution id="652ea1a0-4512-4806-9606-e6759b1f5135" />
      <TestMethod codeBase="C:/Bruce N/Programming/Sudoku/TestSudoku/bin/Debug/TestSudoku.DLL" adapterTypeName="Microsoft.VisualStudio.TestTools.TestTypes.Unit.UnitTestAdapter, Microsoft.VisualStudio.QualityTools.Tips.UnitTest.Adapter, Version=10.0.0.0, Culture=neutral, PublicKeyToken=b03f5f7f11d50a3a" className="TestSudoku.SudokuSolverTest, TestSudoku, Version=1.0.0.0, Culture=neutral, PublicKeyToken=null" name="ClearGuessesTest" />
    </UnitTest>
    <UnitTest name="WriteOutSudokuGridTest" storage="c:\bruce n\programming\sudoku\testsudoku\bin\debug\testsudoku.dll" id="933e71ec-78d1-7194-9f14-c69be4833ba2">
      <Execution id="391f267e-9324-4b71-be49-830c422a38df" />
      <TestMethod codeBase="C:/Bruce N/Programming/Sudoku/TestSudoku/bin/Debug/TestSudoku.DLL" adapterTypeName="Microsoft.VisualStudio.TestTools.TestTypes.Unit.UnitTestAdapter, Microsoft.VisualStudio.QualityTools.Tips.UnitTest.Adapter, Version=10.0.0.0, Culture=neutral, PublicKeyToken=b03f5f7f11d50a3a" className="TestSudoku.SudokuGridTest, TestSudoku, Version=1.0.0.0, Culture=neutral, PublicKeyToken=null" name="WriteOutSudokuGridTest" />
    </UnitTest>
    <UnitTest name="Step1ApplyNumbersTest" storage="c:\bruce n\programming\sudoku\testsudoku\bin\debug\testsudoku.dll" id="85399043-6158-4f9f-db25-a515117aca42">
      <DeploymentItems>
        <DeploymentItem filename="Sudoku.dll" />
      </DeploymentItems>
      <Execution id="e3a822c9-282a-4357-b5e3-196f379a5f1c" />
      <TestMethod codeBase="C:/Bruce N/Programming/Sudoku/TestSudoku/bin/Debug/TestSudoku.DLL" adapterTypeName="Microsoft.VisualStudio.TestTools.TestTypes.Unit.UnitTestAdapter, Microsoft.VisualStudio.QualityTools.Tips.UnitTest.Adapter, Version=10.0.0.0, Culture=neutral, PublicKeyToken=b03f5f7f11d50a3a" className="TestSudoku.SudokuSolverTest, TestSudoku, Version=1.0.0.0, Culture=neutral, PublicKeyToken=null" name="Step1ApplyNumbersTest" />
    </UnitTest>
    <UnitTest name="SudokuPuzzleNewConstructorTest" storage="c:\bruce n\programming\sudoku\testsudoku\bin\debug\testsudoku.dll" id="aa75c770-e555-1b8d-0ce3-f2cb0f774ab7">
      <Execution id="5abb7c05-b329-4e5c-ab66-ebb5d1b2586d" />
      <TestMethod codeBase="C:/Bruce N/Programming/Sudoku/TestSudoku/bin/Debug/TestSudoku.DLL" adapterTypeName="Microsoft.VisualStudio.TestTools.TestTypes.Unit.UnitTestAdapter, Microsoft.VisualStudio.QualityTools.Tips.UnitTest.Adapter, Version=10.0.0.0, Culture=neutral, PublicKeyToken=b03f5f7f11d50a3a" className="TestSudoku.SudokuPuzzleNewTest, TestSudoku, Version=1.0.0.0, Culture=neutral, PublicKeyToken=null" name="SudokuPuzzleNewConstructorTest" />
    </UnitTest>
    <UnitTest name="SingletonsByRowTest" storage="c:\bruce n\programming\sudoku\testsudoku\bin\debug\testsudoku.dll" id="6b9b857f-bbd3-0295-780c-7d7ce180e683">
      <DeploymentItems>
        <DeploymentItem filename="Sudoku.dll" />
      </DeploymentItems>
      <Execution id="5fd14498-b8d9-48d2-8734-6efced34e685" />
      <TestMethod codeBase="C:/Bruce N/Programming/Sudoku/TestSudoku/bin/Debug/TestSudoku.DLL" adapterTypeName="Microsoft.VisualStudio.TestTools.TestTypes.Unit.UnitTestAdapter, Microsoft.VisualStudio.QualityTools.Tips.UnitTest.Adapter, Version=10.0.0.0, Culture=neutral, PublicKeyToken=b03f5f7f11d50a3a" className="TestSudoku.SudokuSolverTest, TestSudoku, Version=1.0.0.0, Culture=neutral, PublicKeyToken=null" name="SingletonsByRowTest" />
    </UnitTest>
    <UnitTest name="SolutionTest" storage="c:\bruce n\programming\sudoku\testsudoku\bin\debug\testsudoku.dll" id="5d0fcccf-e658-4e6b-4430-bef52b2023b8">
      <DeploymentItems>
        <DeploymentItem filename="Sudoku.dll" />
      </DeploymentItems>
      <Execution id="bef074df-50f6-41c4-88aa-1b6cf5c9902c" />
      <TestMethod codeBase="C:/Bruce N/Programming/Sudoku/TestSudoku/bin/Debug/TestSudoku.DLL" adapterTypeName="Microsoft.VisualStudio.TestTools.TestTypes.Unit.UnitTestAdapter, Microsoft.VisualStudio.QualityTools.Tips.UnitTest.Adapter, Version=10.0.0.0, Culture=neutral, PublicKeyToken=b03f5f7f11d50a3a" className="TestSudoku.SudokuPuzzleNewTest, TestSudoku, Version=1.0.0.0, Culture=neutral, PublicKeyToken=null" name="SolutionTest" />
    </UnitTest>
    <UnitTest name="UncoverInSubSquareTest" storage="c:\bruce n\programming\sudoku\testsudoku\bin\debug\testsudoku.dll" id="c57d37a4-c06f-80ba-35d3-1145d1503361">
      <DeploymentItems>
        <DeploymentItem filename="Sudoku.dll" />
      </DeploymentItems>
      <Execution id="15cac377-8208-4f68-8e12-ec2b38071b73" />
      <TestMethod codeBase="C:/Bruce N/Programming/Sudoku/TestSudoku/bin/Debug/TestSudoku.DLL" adapterTypeName="Microsoft.VisualStudio.TestTools.TestTypes.Unit.UnitTestAdapter, Microsoft.VisualStudio.QualityTools.Tips.UnitTest.Adapter, Version=10.0.0.0, Culture=neutral, PublicKeyToken=b03f5f7f11d50a3a" className="TestSudoku.SudokuPuzzleTest, TestSudoku, Version=1.0.0.0, Culture=neutral, PublicKeyToken=null" name="UncoverInSubSquareTest" />
    </UnitTest>
    <UnitTest name="DifficultyLevelTest" storage="c:\bruce n\programming\sudoku\testsudoku\bin\debug\testsudoku.dll" id="7b1184f2-6210-8f2c-db67-fcb554f7c797">
      <Execution id="fd33c483-a035-4f37-85a3-f04fe8ed3f03" />
      <TestMethod codeBase="C:/Bruce N/Programming/Sudoku/TestSudoku/bin/Debug/TestSudoku.DLL" adapterTypeName="Microsoft.VisualStudio.TestTools.TestTypes.Unit.UnitTestAdapter, Microsoft.VisualStudio.QualityTools.Tips.UnitTest.Adapter, Version=10.0.0.0, Culture=neutral, PublicKeyToken=b03f5f7f11d50a3a" className="TestSudoku.SudokuSolverTest, TestSudoku, Version=1.0.0.0, Culture=neutral, PublicKeyToken=null" name="DifficultyLevelTest" />
    </UnitTest>
    <UnitTest name="UncoverPuzzleTest" storage="c:\bruce n\programming\sudoku\testsudoku\bin\debug\testsudoku.dll" id="f119344a-ebb5-6c1f-e7e3-badfde644137">
      <DeploymentItems>
        <DeploymentItem filename="Sudoku.dll" />
      </DeploymentItems>
      <Execution id="88b4d86b-72e9-4289-9d48-883c27061ebb" />
      <TestMethod codeBase="C:/Bruce N/Programming/Sudoku/TestSudoku/bin/Debug/TestSudoku.DLL" adapterTypeName="Microsoft.VisualStudio.TestTools.TestTypes.Unit.UnitTestAdapter, Microsoft.VisualStudio.QualityTools.Tips.UnitTest.Adapter, Version=10.0.0.0, Culture=neutral, PublicKeyToken=b03f5f7f11d50a3a" className="TestSudoku.SudokuPuzzleNewTest, TestSudoku, Version=1.0.0.0, Culture=neutral, PublicKeyToken=null" name="UncoverPuzzleTest" />
    </UnitTest>
    <UnitTest name="SudokuPuzzleNewConstructorTest1" storage="c:\bruce n\programming\sudoku\testsudoku\bin\debug\testsudoku.dll" id="f1ee73dc-fd2f-150e-0625-01c63e0289ec">
      <Execution id="f21b59b2-228c-4ad0-88bf-ac7fd9702578" />
      <TestMethod codeBase="C:/Bruce N/Programming/Sudoku/TestSudoku/bin/Debug/TestSudoku.DLL" adapterTypeName="Microsoft.VisualStudio.TestTools.TestTypes.Unit.UnitTestAdapter, Microsoft.VisualStudio.QualityTools.Tips.UnitTest.Adapter, Version=10.0.0.0, Culture=neutral, PublicKeyToken=b03f5f7f11d50a3a" className="TestSudoku.SudokuPuzzleNewTest, TestSudoku, Version=1.0.0.0, Culture=neutral, PublicKeyToken=null" name="SudokuPuzzleNewConstructorTest1" />
    </UnitTest>
    <UnitTest name="UncoverSquareTest" storage="c:\bruce n\programming\sudoku\testsudoku\bin\debug\testsudoku.dll" id="772b16a3-1ab2-0bee-538a-2e94c347e7a1">
      <DeploymentItems>
        <DeploymentItem filename="Sudoku.dll" />
      </DeploymentItems>
      <Execution id="358591d7-2eea-4151-bedd-db405d4a04d0" />
      <TestMethod codeBase="C:/Bruce N/Programming/Sudoku/TestSudoku/bin/Debug/TestSudoku.DLL" adapterTypeName="Microsoft.VisualStudio.TestTools.TestTypes.Unit.UnitTestAdapter, Microsoft.VisualStudio.QualityTools.Tips.UnitTest.Adapter, Version=10.0.0.0, Culture=neutral, PublicKeyToken=b03f5f7f11d50a3a" className="TestSudoku.SudokuPuzzleTest, TestSudoku, Version=1.0.0.0, Culture=neutral, PublicKeyToken=null" name="UncoverSquareTest" />
    </UnitTest>
    <UnitTest name="SudokuSolverConstructorTest" storage="c:\bruce n\programming\sudoku\testsudoku\bin\debug\testsudoku.dll" id="67db4d28-f094-a340-ae25-66f3a5741beb">
      <Execution id="7abed321-d17b-41cd-aa25-2cac00b28b9f" />
      <TestMethod codeBase="C:/Bruce N/Programming/Sudoku/TestSudoku/bin/Debug/TestSudoku.DLL" adapterTypeName="Microsoft.VisualStudio.TestTools.TestTypes.Unit.UnitTestAdapter, Microsoft.VisualStudio.QualityTools.Tips.UnitTest.Adapter, Version=10.0.0.0, Culture=neutral, PublicKeyToken=b03f5f7f11d50a3a" className="TestSudoku.SudokuSolverTest, TestSudoku, Version=1.0.0.0, Culture=neutral, PublicKeyToken=null" name="SudokuSolverConstructorTest" />
    </UnitTest>
    <UnitTest name="WriteOutSudokuSolutionTest" storage="c:\bruce n\programming\sudoku\testsudoku\bin\debug\testsudoku.dll" id="96dd551e-c1b7-a21a-a45c-a1d7dd41182c">
      <Execution id="84eff32b-4b9f-4bba-a609-0de6503523a8" />
      <TestMethod codeBase="C:/Bruce N/Programming/Sudoku/TestSudoku/bin/Debug/TestSudoku.DLL" adapterTypeName="Microsoft.VisualStudio.TestTools.TestTypes.Unit.UnitTestAdapter, Microsoft.VisualStudio.QualityTools.Tips.UnitTest.Adapter, Version=10.0.0.0, Culture=neutral, PublicKeyToken=b03f5f7f11d50a3a" className="TestSudoku.SudokuPuzzleNewTest, TestSudoku, Version=1.0.0.0, Culture=neutral, PublicKeyToken=null" name="WriteOutSudokuSolutionTest" />
    </UnitTest>
    <UnitTest name="SingletonsByColumnTest" storage="c:\bruce n\programming\sudoku\testsudoku\bin\debug\testsudoku.dll" id="ebf6dfdb-90cf-f38c-6018-faa540ba0d72">
      <DeploymentItems>
        <DeploymentItem filename="Sudoku.dll" />
      </DeploymentItems>
      <Execution id="702b6cdb-6b11-4f27-bf55-800bb9db21bd" />
      <TestMethod codeBase="C:/Bruce N/Programming/Sudoku/TestSudoku/bin/Debug/TestSudoku.DLL" adapterTypeName="Microsoft.VisualStudio.TestTools.TestTypes.Unit.UnitTestAdapter, Microsoft.VisualStudio.QualityTools.Tips.UnitTest.Adapter, Version=10.0.0.0, Culture=neutral, PublicKeyToken=b03f5f7f11d50a3a" className="TestSudoku.SudokuSolverTest, TestSudoku, Version=1.0.0.0, Culture=neutral, PublicKeyToken=null" name="SingletonsByColumnTest" />
    </UnitTest>
    <UnitTest name="PairsByRowAndColumnTest" storage="c:\bruce n\programming\sudoku\testsudoku\bin\debug\testsudoku.dll" id="fb8d0f66-1952-3fa5-f41f-3e992361d3ef">
      <DeploymentItems>
        <DeploymentItem filename="Sudoku.dll" />
      </DeploymentItems>
      <Execution id="847eafa4-79e6-43f9-89ef-ecff76f5dfb7" />
      <TestMethod codeBase="C:/Bruce N/Programming/Sudoku/TestSudoku/bin/Debug/TestSudoku.DLL" adapterTypeName="Microsoft.VisualStudio.TestTools.TestTypes.Unit.UnitTestAdapter, Microsoft.VisualStudio.QualityTools.Tips.UnitTest.Adapter, Version=10.0.0.0, Culture=neutral, PublicKeyToken=b03f5f7f11d50a3a" className="TestSudoku.SudokuSolverTest, TestSudoku, Version=1.0.0.0, Culture=neutral, PublicKeyToken=null" name="PairsByRowAndColumnTest" />
    </UnitTest>
    <UnitTest name="RandomlyUncoverSquaresTest" storage="c:\bruce n\programming\sudoku\testsudoku\bin\debug\testsudoku.dll" id="e2097ad3-0a1f-892e-c6aa-0058407be6ec">
      <DeploymentItems>
        <DeploymentItem filename="Sudoku.dll" />
      </DeploymentItems>
      <Execution id="aa8869ad-bd55-4718-9821-fc07c434ab46" />
      <TestMethod codeBase="C:/Bruce N/Programming/Sudoku/TestSudoku/bin/Debug/TestSudoku.DLL" adapterTypeName="Microsoft.VisualStudio.TestTools.TestTypes.Unit.UnitTestAdapter, Microsoft.VisualStudio.QualityTools.Tips.UnitTest.Adapter, Version=10.0.0.0, Culture=neutral, PublicKeyToken=b03f5f7f11d50a3a" className="TestSudoku.SudokuPuzzleNewTest, TestSudoku, Version=1.0.0.0, Culture=neutral, PublicKeyToken=null" name="RandomlyUncoverSquaresTest" />
    </UnitTest>
    <UnitTest name="SudokuGridConstructorTest" storage="c:\bruce n\programming\sudoku\testsudoku\bin\debug\testsudoku.dll" id="4a57bcbc-c2e0-21d9-7139-dd191b24dab5">
      <Execution id="83aaaed8-243f-43db-a08b-322d7e57aa6e" />
      <TestMethod codeBase="C:/Bruce N/Programming/Sudoku/TestSudoku/bin/Debug/TestSudoku.DLL" adapterTypeName="Microsoft.VisualStudio.TestTools.TestTypes.Unit.UnitTestAdapter, Microsoft.VisualStudio.QualityTools.Tips.UnitTest.Adapter, Version=10.0.0.0, Culture=neutral, PublicKeyToken=b03f5f7f11d50a3a" className="TestSudoku.SudokuSolutionTest, TestSudoku, Version=1.0.0.0, Culture=neutral, PublicKeyToken=null" name="SudokuGridConstructorTest" />
    </UnitTest>
  </TestDefinitions>
  <TestLists>
    <TestList name="Results Not in a List" id="8c84fa94-04c1-424b-9868-57a2d4851a1d" />
    <TestList name="All Loaded Results" id="19431567-8539-422a-85d7-44ee4e166bda" />
  </TestLists>
  <TestEntries>
    <TestEntry testId="486f69e0-56fc-2037-29f3-157fb3ae50a3" executionId="19066428-0d92-4056-b1df-623b8e294b67" testListId="8c84fa94-04c1-424b-9868-57a2d4851a1d" />
    <TestEntry testId="67db4d28-f094-a340-ae25-66f3a5741beb" executionId="7abed321-d17b-41cd-aa25-2cac00b28b9f" testListId="8c84fa94-04c1-424b-9868-57a2d4851a1d" />
    <TestEntry testId="fa9b5a98-11df-cc49-fac3-46a2c0f64ad4" executionId="3293ee28-fd65-4a0d-92be-14fb89c1fb50" testListId="8c84fa94-04c1-424b-9868-57a2d4851a1d" />
    <TestEntry testId="7b1184f2-6210-8f2c-db67-fcb554f7c797" executionId="fd33c483-a035-4f37-85a3-f04fe8ed3f03" testListId="8c84fa94-04c1-424b-9868-57a2d4851a1d" />
    <TestEntry testId="c786f71b-7d10-1c2a-4b32-86a35b6a4f84" executionId="7248341c-9e26-4be4-8a15-856379064c04" testListId="8c84fa94-04c1-424b-9868-57a2d4851a1d" />
    <TestEntry testId="dd354d43-207a-04dc-f6e6-9f0e1d3caca6" executionId="d365fe6a-02f8-47a4-85cf-75c8715af103" testListId="8c84fa94-04c1-424b-9868-57a2d4851a1d" />
    <TestEntry testId="85399043-6158-4f9f-db25-a515117aca42" executionId="e3a822c9-282a-4357-b5e3-196f379a5f1c" testListId="8c84fa94-04c1-424b-9868-57a2d4851a1d" />
    <TestEntry testId="aabce983-0847-8133-b6b4-ae8b0475dffb" executionId="c7ba140d-60cd-4d78-b65d-1aaa40397e57" testListId="8c84fa94-04c1-424b-9868-57a2d4851a1d" />
    <TestEntry testId="04491180-eae4-f06f-187d-ebc0638faa7d" executionId="0f76d5c0-64c2-4ff2-b865-252139145363" testListId="8c84fa94-04c1-424b-9868-57a2d4851a1d" />
    <TestEntry testId="716751e5-4a8b-99ba-38de-904dcf99d413" executionId="af45f127-6199-4d9a-959f-31d84df74606" testListId="8c84fa94-04c1-424b-9868-57a2d4851a1d" />
    <TestEntry testId="6b9b857f-bbd3-0295-780c-7d7ce180e683" executionId="5fd14498-b8d9-48d2-8734-6efced34e685" testListId="8c84fa94-04c1-424b-9868-57a2d4851a1d" />
    <TestEntry testId="ebf6dfdb-90cf-f38c-6018-faa540ba0d72" executionId="702b6cdb-6b11-4f27-bf55-800bb9db21bd" testListId="8c84fa94-04c1-424b-9868-57a2d4851a1d" />
    <TestEntry testId="1a1703db-8eff-c9cf-7c21-727ed5f67909" executionId="335f1879-2a90-4488-88d4-dbcea7368e74" testListId="8c84fa94-04c1-424b-9868-57a2d4851a1d" />
    <TestEntry testId="f22be3fe-e6de-c94d-69d0-1f8a2b594bcc" executionId="652ea1a0-4512-4806-9606-e6759b1f5135" testListId="8c84fa94-04c1-424b-9868-57a2d4851a1d" />
    <TestEntry testId="fb8d0f66-1952-3fa5-f41f-3e992361d3ef" executionId="847eafa4-79e6-43f9-89ef-ecff76f5dfb7" testListId="8c84fa94-04c1-424b-9868-57a2d4851a1d" />
    <TestEntry testId="6088445e-ad5f-0116-dac2-af0a24e5b1e7" executionId="cfa74e54-c7ff-4397-88d8-e4b4de31881a" testListId="8c84fa94-04c1-424b-9868-57a2d4851a1d" />
    <TestEntry testId="50d73d16-c467-1990-6c2f-20f749cde691" executionId="781cc701-04f6-41b4-937c-d38b2a91b1c6" testListId="8c84fa94-04c1-424b-9868-57a2d4851a1d" />
    <TestEntry testId="4a57bcbc-c2e0-21d9-7139-dd191b24dab5" executionId="83aaaed8-243f-43db-a08b-322d7e57aa6e" testListId="8c84fa94-04c1-424b-9868-57a2d4851a1d" />
    <TestEntry testId="91db702d-a069-121c-623e-6db4435b1aba" executionId="f98ca2da-d985-4e0b-917b-4ab93b86bacf" testListId="8c84fa94-04c1-424b-9868-57a2d4851a1d" />
    <TestEntry testId="32c2c6f6-2474-8918-6297-2116ff97cfeb" executionId="f7b11a7f-3526-4c88-8d41-181cdd17aa9f" testListId="8c84fa94-04c1-424b-9868-57a2d4851a1d" />
    <TestEntry testId="c37c5030-5bf8-5a4d-859d-184581b22311" executionId="cc089531-bd4b-4611-b571-b45c4c87aa04" testListId="8c84fa94-04c1-424b-9868-57a2d4851a1d" />
    <TestEntry testId="a5bbbdc5-93ee-df0d-3653-ee172d550aca" executionId="c6c2654e-53f8-4146-800a-d95669b5085c" testListId="8c84fa94-04c1-424b-9868-57a2d4851a1d" />
    <TestEntry testId="1ad507a0-5b9a-581b-e458-ab84bc32d160" executionId="43578dbc-8053-4d43-8672-2938f6570903" testListId="8c84fa94-04c1-424b-9868-57a2d4851a1d" />
    <TestEntry testId="bc6cc949-a9b9-986d-2e2e-93bd454a56b0" executionId="0c2efb37-09bd-41d9-bf4c-9ef43c9e484b" testListId="8c84fa94-04c1-424b-9868-57a2d4851a1d" />
    <TestEntry testId="88f57e9b-c6f8-a8c9-6bd0-511ff05cfb16" executionId="b1110705-ab66-412d-bc9f-e85085bbf40a" testListId="8c84fa94-04c1-424b-9868-57a2d4851a1d" />
    <TestEntry testId="8828e05c-a42f-e363-e341-6794a476517b" executionId="b79e2da2-2aa3-4731-988a-c8487eaedb37" testListId="8c84fa94-04c1-424b-9868-57a2d4851a1d" />
    <TestEntry testId="cbaf69e5-bb1d-8df0-d456-f15e409b1c45" executionId="4ae6dcd7-c4d5-4acc-b643-7610a56ce2ba" testListId="8c84fa94-04c1-424b-9868-57a2d4851a1d" />
    <TestEntry testId="80155721-06d3-979c-8f6d-29dc41f17ef1" executionId="741641ab-e1cb-46d0-b33c-bf4cfdd00133" testListId="8c84fa94-04c1-424b-9868-57a2d4851a1d" />
    <TestEntry testId="464cd04b-06f9-910c-d478-a5fa37cd2247" executionId="8ac8f177-9e17-43ad-939e-1b3579d2b821" testListId="8c84fa94-04c1-424b-9868-57a2d4851a1d" />
    <TestEntry testId="2399e5e9-33b2-7f7a-c355-bc5e0c3626d2" executionId="d8ce88b1-937e-4d63-ae16-6588715098e6" testListId="8c84fa94-04c1-424b-9868-57a2d4851a1d" />
    <TestEntry testId="c57d37a4-c06f-80ba-35d3-1145d1503361" executionId="15cac377-8208-4f68-8e12-ec2b38071b73" testListId="8c84fa94-04c1-424b-9868-57a2d4851a1d" />
    <TestEntry testId="b101bcbb-27a3-55ce-2dd9-0f0f3a5bb264" executionId="39c33e61-33ec-4ed2-b785-d5be23308aca" testListId="8c84fa94-04c1-424b-9868-57a2d4851a1d" />
    <TestEntry testId="772b16a3-1ab2-0bee-538a-2e94c347e7a1" executionId="358591d7-2eea-4151-bedd-db405d4a04d0" testListId="8c84fa94-04c1-424b-9868-57a2d4851a1d" />
    <TestEntry testId="df32b477-d68b-2a2b-b301-d704a740e06b" executionId="3be17322-a648-4f08-9aa4-f2b3f04399a4" testListId="8c84fa94-04c1-424b-9868-57a2d4851a1d" />
    <TestEntry testId="8a2dec74-abc6-a0c9-7c0e-21c6df6bc9b0" executionId="25389e9b-e4f6-4581-a6dd-648ef183d3e4" testListId="8c84fa94-04c1-424b-9868-57a2d4851a1d" />
    <TestEntry testId="eb717bdb-b632-ea94-6daf-0927684c8ade" executionId="98474de2-cbb9-49fa-877c-31364c4e7bb0" testListId="8c84fa94-04c1-424b-9868-57a2d4851a1d" />
    <TestEntry testId="8759e944-8653-b38d-1a0f-ebb1d8b476a9" executionId="3a4a4869-03e7-41cd-9792-de838c9ba48c" testListId="8c84fa94-04c1-424b-9868-57a2d4851a1d" />
    <TestEntry testId="933e71ec-78d1-7194-9f14-c69be4833ba2" executionId="391f267e-9324-4b71-be49-830c422a38df" testListId="8c84fa94-04c1-424b-9868-57a2d4851a1d" />
    <TestEntry testId="c2bb07ee-ec47-2144-fb15-eb859f70a4fb" executionId="fc102af9-6e8f-43c1-8ec6-917e09ee9e41" testListId="8c84fa94-04c1-424b-9868-57a2d4851a1d" />
    <TestEntry testId="80906e2f-5edd-4386-f241-db74d6472a2a" executionId="4800839d-a648-42c4-ab0a-de6ff7f429c0" testListId="8c84fa94-04c1-424b-9868-57a2d4851a1d" />
    <TestEntry testId="b5abfd46-fe33-0abb-11cc-1fe9eba79c0f" executionId="642cbc38-79c1-47ee-9bf9-bdc74330fa70" testListId="8c84fa94-04c1-424b-9868-57a2d4851a1d" />
    <TestEntry testId="cc1f28d6-a78b-5ee1-c776-ef3cb24e1adb" executionId="ea914c20-f113-494f-8771-4ba0e0ade805" testListId="8c84fa94-04c1-424b-9868-57a2d4851a1d" />
    <TestEntry testId="d8b0082d-cfd9-4b49-6f2e-66044169ea1f" executionId="b03aff25-f2c4-4b22-8b84-c85316630db6" testListId="8c84fa94-04c1-424b-9868-57a2d4851a1d" />
    <TestEntry testId="f119344a-ebb5-6c1f-e7e3-badfde644137" executionId="88b4d86b-72e9-4289-9d48-883c27061ebb" testListId="8c84fa94-04c1-424b-9868-57a2d4851a1d" />
    <TestEntry testId="4f503fe4-6f61-d5e2-44b3-da29f635ba86" executionId="ca05c002-a94b-441e-b77d-d213ca39605e" testListId="8c84fa94-04c1-424b-9868-57a2d4851a1d" />
    <TestEntry testId="8cdd2eb7-02e3-0d17-cc73-75aa4caa7216" executionId="21a71cc9-6732-46ec-b6e1-49b73fa94813" testListId="8c84fa94-04c1-424b-9868-57a2d4851a1d" />
    <TestEntry testId="aa75c770-e555-1b8d-0ce3-f2cb0f774ab7" executionId="5abb7c05-b329-4e5c-ab66-ebb5d1b2586d" testListId="8c84fa94-04c1-424b-9868-57a2d4851a1d" />
    <TestEntry testId="f1ee73dc-fd2f-150e-0625-01c63e0289ec" executionId="f21b59b2-228c-4ad0-88bf-ac7fd9702578" testListId="8c84fa94-04c1-424b-9868-57a2d4851a1d" />
    <TestEntry testId="d9abdf13-ae54-2612-e87c-d5a061e44053" executionId="deb54f5a-aa9d-42f8-9689-3b39e3b2e7c3" testListId="8c84fa94-04c1-424b-9868-57a2d4851a1d" />
    <TestEntry testId="061173eb-fd91-e638-1846-2d2c6c59d224" executionId="3fc79fcc-8495-4733-88ad-58e7419950d4" testListId="8c84fa94-04c1-424b-9868-57a2d4851a1d" />
    <TestEntry testId="13e82d77-fd51-3c12-aa24-865ef08dfba6" executionId="9ccd0f61-5913-4fe8-a1a7-7deb3b0b5069" testListId="8c84fa94-04c1-424b-9868-57a2d4851a1d" />
    <TestEntry testId="486b0a80-0a49-67de-680c-77fefbf9cb23" executionId="a49bfc75-0282-4f6a-a16c-ed634ab1fde8" testListId="8c84fa94-04c1-424b-9868-57a2d4851a1d" />
    <TestEntry testId="aff20130-097e-3c60-01ae-85bf83573d5d" executionId="7d29919a-b1a0-47b9-bc6e-4effc3aeb928" testListId="8c84fa94-04c1-424b-9868-57a2d4851a1d" />
    <TestEntry testId="f0d8d23e-83ba-003c-4577-8c8139e80124" executionId="8c7fcbd8-5b8e-445a-bc82-255e28e67b14" testListId="8c84fa94-04c1-424b-9868-57a2d4851a1d" />
    <TestEntry testId="db389166-8d20-0e20-66f8-9fc1731120ff" executionId="6b4d35c0-70bd-41c5-9511-c38a7ea44266" testListId="8c84fa94-04c1-424b-9868-57a2d4851a1d" />
    <TestEntry testId="a31b5d1d-5145-f3c8-eab2-ef40f677b278" executionId="7447a597-cd76-4b7a-b1c2-e2bf6e3d2706" testListId="8c84fa94-04c1-424b-9868-57a2d4851a1d" />
    <TestEntry testId="e2097ad3-0a1f-892e-c6aa-0058407be6ec" executionId="aa8869ad-bd55-4718-9821-fc07c434ab46" testListId="8c84fa94-04c1-424b-9868-57a2d4851a1d" />
    <TestEntry testId="b38a9229-d380-9205-8996-ce540170d766" executionId="c396b45b-c4b0-4246-8771-4eecf0ca8fc8" testListId="8c84fa94-04c1-424b-9868-57a2d4851a1d" />
    <TestEntry testId="aced5c0b-e025-ba3d-7667-29ac179ec14c" executionId="16261d6e-48ab-48db-9fe9-76d6f2c0c249" testListId="8c84fa94-04c1-424b-9868-57a2d4851a1d" />
    <TestEntry testId="32a80b6d-7368-1157-bb75-936c90483568" executionId="008f71f1-5fb9-48dc-b33a-f281b37a6cbd" testListId="8c84fa94-04c1-424b-9868-57a2d4851a1d" />
    <TestEntry testId="c05b9167-4d3e-9d9b-e8a1-385289ab6fb1" executionId="7a0f6a8f-8a54-4da1-8574-5253342ad807" testListId="8c84fa94-04c1-424b-9868-57a2d4851a1d" />
    <TestEntry testId="96dd551e-c1b7-a21a-a45c-a1d7dd41182c" executionId="84eff32b-4b9f-4bba-a609-0de6503523a8" testListId="8c84fa94-04c1-424b-9868-57a2d4851a1d" />
    <TestEntry testId="5b9e93c3-948f-f5f6-9929-816385f9f2c0" executionId="731142e5-e856-4c01-80fc-1a1675aabd3b" testListId="8c84fa94-04c1-424b-9868-57a2d4851a1d" />
    <TestEntry testId="0b5c5a05-8808-1e13-2bf6-c395469abafa" executionId="73724eb9-8f39-4f92-9898-6e0c1cacfa89" testListId="8c84fa94-04c1-424b-9868-57a2d4851a1d" />
    <TestEntry testId="5d0fcccf-e658-4e6b-4430-bef52b2023b8" executionId="bef074df-50f6-41c4-88aa-1b6cf5c9902c" testListId="8c84fa94-04c1-424b-9868-57a2d4851a1d" />
  </TestEntries>
  <Results>
    <UnitTestResult executionId="19066428-0d92-4056-b1df-623b8e294b67" testId="486f69e0-56fc-2037-29f3-157fb3ae50a3" testName="FullSolverTest" computerName="USSLCL00134" duration="00:00:00.0829207" startTime="2012-08-04T14:27:04.4341498-06:00" endTime="2012-08-04T14:27:05.2821983-06:00" testType="13cdc9d9-ddb5-4fa4-a97d-d965ccfc6d4b" outcome="Passed" testListId="8c84fa94-04c1-424b-9868-57a2d4851a1d" relativeResultsDirectory="19066428-0d92-4056-b1df-623b8e294b67">
    </UnitTestResult>
    <UnitTestResult executionId="7abed321-d17b-41cd-aa25-2cac00b28b9f" testId="67db4d28-f094-a340-ae25-66f3a5741beb" testName="SudokuSolverConstructorTest" computerName="USSLCL00134" duration="00:00:00.1882914" startTime="2012-08-04T14:27:05.2931989-06:00" endTime="2012-08-04T14:27:05.4952105-06:00" testType="13cdc9d9-ddb5-4fa4-a97d-d965ccfc6d4b" outcome="Passed" testListId="8c84fa94-04c1-424b-9868-57a2d4851a1d" relativeResultsDirectory="7abed321-d17b-41cd-aa25-2cac00b28b9f">
    </UnitTestResult>
    <UnitTestResult executionId="3293ee28-fd65-4a0d-92be-14fb89c1fb50" testId="fa9b5a98-11df-cc49-fac3-46a2c0f64ad4" testName="CheckForSolutionTest" computerName="USSLCL00134" duration="00:00:00.0017195" startTime="2012-08-04T14:27:05.5022109-06:00" endTime="2012-08-04T14:27:05.5142116-06:00" testType="13cdc9d9-ddb5-4fa4-a97d-d965ccfc6d4b" outcome="Passed" testListId="8c84fa94-04c1-424b-9868-57a2d4851a1d" relativeResultsDirectory="3293ee28-fd65-4a0d-92be-14fb89c1fb50">
    </UnitTestResult>
    <UnitTestResult executionId="fd33c483-a035-4f37-85a3-f04fe8ed3f03" testId="7b1184f2-6210-8f2c-db67-fcb554f7c797" testName="DifficultyLevelTest" computerName="USSLCL00134" duration="00:00:00.3885867" startTime="2012-08-04T14:27:05.5222120-06:00" endTime="2012-08-04T14:27:05.9202348-06:00" testType="13cdc9d9-ddb5-4fa4-a97d-d965ccfc6d4b" outcome="Passed" testListId="8c84fa94-04c1-424b-9868-57a2d4851a1d" relativeResultsDirectory="fd33c483-a035-4f37-85a3-f04fe8ed3f03">
    </UnitTestResult>
    <UnitTestResult executionId="7248341c-9e26-4be4-8a15-856379064c04" testId="c786f71b-7d10-1c2a-4b32-86a35b6a4f84" testName="FindSolutionTest" computerName="USSLCL00134" duration="00:00:00.2070835" startTime="2012-08-04T14:27:05.9282353-06:00" endTime="2012-08-04T14:27:06.1462477-06:00" testType="13cdc9d9-ddb5-4fa4-a97d-d965ccfc6d4b" outcome="Passed" testListId="8c84fa94-04c1-424b-9868-57a2d4851a1d" relativeResultsDirectory="7248341c-9e26-4be4-8a15-856379064c04">
    </UnitTestResult>
    <UnitTestResult executionId="d365fe6a-02f8-47a4-85cf-75c8715af103" testId="dd354d43-207a-04dc-f6e6-9f0e1d3caca6" testName="GetSolutionTest" computerName="USSLCL00134" duration="00:00:00.0018446" startTime="2012-08-04T14:27:06.1562483-06:00" endTime="2012-08-04T14:27:06.1692491-06:00" testType="13cdc9d9-ddb5-4fa4-a97d-d965ccfc6d4b" outcome="Passed" testListId="8c84fa94-04c1-424b-9868-57a2d4851a1d" relativeResultsDirectory="d365fe6a-02f8-47a4-85cf-75c8715af103">
    </UnitTestResult>
    <UnitTestResult executionId="e3a822c9-282a-4357-b5e3-196f379a5f1c" testId="85399043-6158-4f9f-db25-a515117aca42" testName="Step1ApplyNumbersTest" computerName="USSLCL00134" duration="00:00:00.0048011" startTime="2012-08-04T14:27:06.1772495-06:00" endTime="2012-08-04T14:27:06.1932504-06:00" testType="13cdc9d9-ddb5-4fa4-a97d-d965ccfc6d4b" outcome="Passed" testListId="8c84fa94-04c1-424b-9868-57a2d4851a1d" relativeResultsDirectory="e3a822c9-282a-4357-b5e3-196f379a5f1c">
    </UnitTestResult>
    <UnitTestResult executionId="c7ba140d-60cd-4d78-b65d-1aaa40397e57" testId="aabce983-0847-8133-b6b4-ae8b0475dffb" testName="Step2UseSingletonsTest" computerName="USSLCL00134" duration="00:00:00.0030210" startTime="2012-08-04T14:27:06.2052511-06:00" endTime="2012-08-04T14:27:06.2192519-06:00" testType="13cdc9d9-ddb5-4fa4-a97d-d965ccfc6d4b" outcome="Passed" testListId="8c84fa94-04c1-424b-9868-57a2d4851a1d" relativeResultsDirectory="c7ba140d-60cd-4d78-b65d-1aaa40397e57">
    </UnitTestResult>
    <UnitTestResult executionId="0f76d5c0-64c2-4ff2-b865-252139145363" testId="04491180-eae4-f06f-187d-ebc0638faa7d" testName="Step3UsePairsTest" computerName="USSLCL00134" duration="00:00:00.0090586" startTime="2012-08-04T14:27:06.2262523-06:00" endTime="2012-08-04T14:27:06.2442533-06:00" testType="13cdc9d9-ddb5-4fa4-a97d-d965ccfc6d4b" outcome="Passed" testListId="8c84fa94-04c1-424b-9868-57a2d4851a1d" relativeResultsDirectory="0f76d5c0-64c2-4ff2-b865-252139145363">
    </UnitTestResult>
    <UnitTestResult executionId="af45f127-6199-4d9a-959f-31d84df74606" testId="716751e5-4a8b-99ba-38de-904dcf99d413" testName="PuzzleTest" computerName="USSLCL00134" duration="00:00:00.1176363" startTime="2012-08-04T14:27:06.2502537-06:00" endTime="2012-08-04T14:27:06.3782610-06:00" testType="13cdc9d9-ddb5-4fa4-a97d-d965ccfc6d4b" outcome="Passed" testListId="8c84fa94-04c1-424b-9868-57a2d4851a1d" relativeResultsDirectory="af45f127-6199-4d9a-959f-31d84df74606">
    </UnitTestResult>
    <UnitTestResult executionId="5fd14498-b8d9-48d2-8734-6efced34e685" testId="6b9b857f-bbd3-0295-780c-7d7ce180e683" testName="SingletonsByRowTest" computerName="USSLCL00134" duration="00:00:00.0014401" startTime="2012-08-04T14:27:06.3842613-06:00" endTime="2012-08-04T14:27:06.3952620-06:00" testType="13cdc9d9-ddb5-4fa4-a97d-d965ccfc6d4b" outcome="Passed" testListId="8c84fa94-04c1-424b-9868-57a2d4851a1d" relativeResultsDirectory="5fd14498-b8d9-48d2-8734-6efced34e685">
    </UnitTestResult>
    <UnitTestResult executionId="702b6cdb-6b11-4f27-bf55-800bb9db21bd" testId="ebf6dfdb-90cf-f38c-6018-faa540ba0d72" testName="SingletonsByColumnTest" computerName="USSLCL00134" duration="00:00:00.0012992" startTime="2012-08-04T14:27:06.4012623-06:00" endTime="2012-08-04T14:27:06.4132630-06:00" testType="13cdc9d9-ddb5-4fa4-a97d-d965ccfc6d4b" outcome="Passed" testListId="8c84fa94-04c1-424b-9868-57a2d4851a1d" relativeResultsDirectory="702b6cdb-6b11-4f27-bf55-800bb9db21bd">
    </UnitTestResult>
    <UnitTestResult executionId="335f1879-2a90-4488-88d4-dbcea7368e74" testId="1a1703db-8eff-c9cf-7c21-727ed5f67909" testName="SingletonsBySubsquareTest" computerName="USSLCL00134" duration="00:00:00.0013681" startTime="2012-08-04T14:27:06.4192634-06:00" endTime="2012-08-04T14:27:06.4312640-06:00" testType="13cdc9d9-ddb5-4fa4-a97d-d965ccfc6d4b" outcome="Passed" testListId="8c84fa94-04c1-424b-9868-57a2d4851a1d" relativeResultsDirectory="335f1879-2a90-4488-88d4-dbcea7368e74">
    </UnitTestResult>
    <UnitTestResult executionId="652ea1a0-4512-4806-9606-e6759b1f5135" testId="f22be3fe-e6de-c94d-69d0-1f8a2b594bcc" testName="ClearGuessesTest" computerName="USSLCL00134" duration="00:00:00.0025387" startTime="2012-08-04T14:27:06.4362643-06:00" endTime="2012-08-04T14:27:06.4492651-06:00" testType="13cdc9d9-ddb5-4fa4-a97d-d965ccfc6d4b" outcome="Passed" testListId="8c84fa94-04c1-424b-9868-57a2d4851a1d" relativeResultsDirectory="652ea1a0-4512-4806-9606-e6759b1f5135">
    </UnitTestResult>
    <UnitTestResult executionId="847eafa4-79e6-43f9-89ef-ecff76f5dfb7" testId="fb8d0f66-1952-3fa5-f41f-3e992361d3ef" testName="PairsByRowAndColumnTest" computerName="USSLCL00134" duration="00:00:00.0057184" startTime="2012-08-04T14:27:06.4562655-06:00" endTime="2012-08-04T14:27:06.4722664-06:00" testType="13cdc9d9-ddb5-4fa4-a97d-d965ccfc6d4b" outcome="Passed" testListId="8c84fa94-04c1-424b-9868-57a2d4851a1d" relativeResultsDirectory="847eafa4-79e6-43f9-89ef-ecff76f5dfb7">
    </UnitTestResult>
    <UnitTestResult executionId="cfa74e54-c7ff-4397-88d8-e4b4de31881a" testId="6088445e-ad5f-0116-dac2-af0a24e5b1e7" testName="PairsBySubSquareTest" computerName="USSLCL00134" duration="00:00:00.0026411" startTime="2012-08-04T14:27:06.4782667-06:00" endTime="2012-08-04T14:27:06.4912675-06:00" testType="13cdc9d9-ddb5-4fa4-a97d-d965ccfc6d4b" outcome="Passed" testListId="8c84fa94-04c1-424b-9868-57a2d4851a1d" relativeResultsDirectory="cfa74e54-c7ff-4397-88d8-e4b4de31881a">
    </UnitTestResult>
    <UnitTestResult executionId="781cc701-04f6-41b4-937c-d38b2a91b1c6" testId="50d73d16-c467-1990-6c2f-20f749cde691" testName="TestProblemsWithStep3FindPairs" computerName="USSLCL00134" duration="00:00:00.0176280" startTime="2012-08-04T14:27:06.4972678-06:00" endTime="2012-08-04T14:27:06.5262695-06:00" testType="13cdc9d9-ddb5-4fa4-a97d-d965ccfc6d4b" outcome="Passed" testListId="8c84fa94-04c1-424b-9868-57a2d4851a1d" relativeResultsDirectory="781cc701-04f6-41b4-937c-d38b2a91b1c6">
      <Output>
        <DebugTrace>Current Grid:
004083120
030002578
008710034
000300000
853100247
069007300
300000010
940071863
000030090

</DebugTrace>
      </Output>
    </UnitTestResult>
    <UnitTestResult executionId="83aaaed8-243f-43db-a08b-322d7e57aa6e" testId="4a57bcbc-c2e0-21d9-7139-dd191b24dab5" testName="SudokuGridConstructorTest" computerName="USSLCL00134" duration="00:00:00.0003476" startTime="2012-08-04T14:27:06.5442705-06:00" endTime="2012-08-04T14:27:06.5562712-06:00" testType="13cdc9d9-ddb5-4fa4-a97d-d965ccfc6d4b" outcome="Passed" testListId="8c84fa94-04c1-424b-9868-57a2d4851a1d" relativeResultsDirectory="83aaaed8-243f-43db-a08b-322d7e57aa6e">
    </UnitTestResult>
    <UnitTestResult executionId="f98ca2da-d985-4e0b-917b-4ab93b86bacf" testId="91db702d-a069-121c-623e-6db4435b1aba" testName="AttemptSetSudokuArrayTest" computerName="USSLCL00134" duration="00:00:00.0018758" startTime="2012-08-04T14:27:06.5652717-06:00" endTime="2012-08-04T14:27:06.5782724-06:00" testType="13cdc9d9-ddb5-4fa4-a97d-d965ccfc6d4b" outcome="Passed" testListId="8c84fa94-04c1-424b-9868-57a2d4851a1d" relativeResultsDirectory="f98ca2da-d985-4e0b-917b-4ab93b86bacf">
    </UnitTestResult>
    <UnitTestResult executionId="f7b11a7f-3526-4c88-8d41-181cdd17aa9f" testId="32c2c6f6-2474-8918-6297-2116ff97cfeb" testName="BackSquareTest" computerName="USSLCL00134" duration="00:00:00.0012680" startTime="2012-08-04T14:27:06.5882730-06:00" endTime="2012-08-04T14:27:06.6002737-06:00" testType="13cdc9d9-ddb5-4fa4-a97d-d965ccfc6d4b" outcome="Passed" testListId="8c84fa94-04c1-424b-9868-57a2d4851a1d" relativeResultsDirectory="f7b11a7f-3526-4c88-8d41-181cdd17aa9f">
    </UnitTestResult>
    <UnitTestResult executionId="cc089531-bd4b-4611-b571-b45c4c87aa04" testId="c37c5030-5bf8-5a4d-859d-184581b22311" testName="FindValidNumberForTest" computerName="USSLCL00134" duration="00:00:00.0020367" startTime="2012-08-04T14:27:06.6132744-06:00" endTime="2012-08-04T14:27:06.6252751-06:00" testType="13cdc9d9-ddb5-4fa4-a97d-d965ccfc6d4b" outcome="Passed" testListId="8c84fa94-04c1-424b-9868-57a2d4851a1d" relativeResultsDirectory="cc089531-bd4b-4611-b571-b45c4c87aa04">
    </UnitTestResult>
    <UnitTestResult executionId="c6c2654e-53f8-4146-800a-d95669b5085c" testId="a5bbbdc5-93ee-df0d-3653-ee172d550aca" testName="IsValidTest" computerName="USSLCL00134" duration="00:00:00.0009554" startTime="2012-08-04T14:27:06.6362758-06:00" endTime="2012-08-04T14:27:06.6472764-06:00" testType="13cdc9d9-ddb5-4fa4-a97d-d965ccfc6d4b" outcome="Passed" testListId="8c84fa94-04c1-424b-9868-57a2d4851a1d" relativeResultsDirectory="c6c2654e-53f8-4146-800a-d95669b5085c">
    </UnitTestResult>
    <UnitTestResult executionId="43578dbc-8053-4d43-8672-2938f6570903" testId="1ad507a0-5b9a-581b-e458-ab84bc32d160" testName="IsValidArrayTest" computerName="USSLCL00134" duration="00:00:00.0009154" startTime="2012-08-04T14:27:06.6552769-06:00" endTime="2012-08-04T14:27:06.6662775-06:00" testType="13cdc9d9-ddb5-4fa4-a97d-d965ccfc6d4b" outcome="Passed" testListId="8c84fa94-04c1-424b-9868-57a2d4851a1d" relativeResultsDirectory="43578dbc-8053-4d43-8672-2938f6570903">
    </UnitTestResult>
    <UnitTestResult executionId="0c2efb37-09bd-41d9-bf4c-9ef43c9e484b" testId="bc6cc949-a9b9-986d-2e2e-93bd454a56b0" testName="MakeCopyTest" computerName="USSLCL00134" duration="00:00:00.0019493" startTime="2012-08-04T14:27:06.6722778-06:00" endTime="2012-08-04T14:27:06.6832785-06:00" testType="13cdc9d9-ddb5-4fa4-a97d-d965ccfc6d4b" outcome="Passed" testListId="8c84fa94-04c1-424b-9868-57a2d4851a1d" relativeResultsDirectory="0c2efb37-09bd-41d9-bf4c-9ef43c9e484b">
    </UnitTestResult>
    <UnitTestResult executionId="b1110705-ab66-412d-bc9f-e85085bbf40a" testId="88f57e9b-c6f8-a8c9-6bd0-511ff05cfb16" testName="NextSquareTest" computerName="USSLCL00134" duration="00:00:00.0007818" startTime="2012-08-04T14:27:06.6892788-06:00" endTime="2012-08-04T14:27:06.6992794-06:00" testType="13cdc9d9-ddb5-4fa4-a97d-d965ccfc6d4b" outcome="Passed" testListId="8c84fa94-04c1-424b-9868-57a2d4851a1d" relativeResultsDirectory="b1110705-ab66-412d-bc9f-e85085bbf40a">
    </UnitTestResult>
    <UnitTestResult executionId="b79e2da2-2aa3-4731-988a-c8487eaedb37" testId="8828e05c-a42f-e363-e341-6794a476517b" testName="SetSudokuArrayTest" computerName="USSLCL00134" duration="00:00:00.0005697" startTime="2012-08-04T14:27:06.7042797-06:00" endTime="2012-08-04T14:27:06.7142802-06:00" testType="13cdc9d9-ddb5-4fa4-a97d-d965ccfc6d4b" outcome="Passed" testListId="8c84fa94-04c1-424b-9868-57a2d4851a1d" relativeResultsDirectory="b79e2da2-2aa3-4731-988a-c8487eaedb37">
    </UnitTestResult>
    <UnitTestResult executionId="4ae6dcd7-c4d5-4acc-b643-7610a56ce2ba" testId="cbaf69e5-bb1d-8df0-d456-f15e409b1c45" testName="SudokuPuzzleConstructorTest" computerName="USSLCL00134" duration="00:00:00.3747777" startTime="2012-08-04T14:27:06.7212806-06:00" endTime="2012-08-04T14:27:07.1053026-06:00" testType="13cdc9d9-ddb5-4fa4-a97d-d965ccfc6d4b" outcome="Passed" testListId="8c84fa94-04c1-424b-9868-57a2d4851a1d" relativeResultsDirectory="4ae6dcd7-c4d5-4acc-b643-7610a56ce2ba">
    </UnitTestResult>
    <UnitTestResult executionId="741641ab-e1cb-46d0-b33c-bf4cfdd00133" testId="80155721-06d3-979c-8f6d-29dc41f17ef1" testName="AssessDifficultyTest" computerName="USSLCL00134" duration="00:00:00.0235158" startTime="2012-08-04T14:27:07.1113029-06:00" endTime="2012-08-04T14:27:07.1443048-06:00" testType="13cdc9d9-ddb5-4fa4-a97d-d965ccfc6d4b" outcome="Passed" testListId="8c84fa94-04c1-424b-9868-57a2d4851a1d" relativeResultsDirectory="741641ab-e1cb-46d0-b33c-bf4cfdd00133">
    </UnitTestResult>
    <UnitTestResult executionId="8ac8f177-9e17-43ad-939e-1b3579d2b821" testId="464cd04b-06f9-910c-d478-a5fa37cd2247" testName="InitializePuzzleTest" computerName="USSLCL00134" duration="00:00:00.0018419" startTime="2012-08-04T14:27:07.1503052-06:00" endTime="2012-08-04T14:27:07.1623059-06:00" testType="13cdc9d9-ddb5-4fa4-a97d-d965ccfc6d4b" outcome="Passed" testListId="8c84fa94-04c1-424b-9868-57a2d4851a1d" relativeResultsDirectory="8ac8f177-9e17-43ad-939e-1b3579d2b821">
    </UnitTestResult>
    <UnitTestResult executionId="d8ce88b1-937e-4d63-ae16-6588715098e6" testId="2399e5e9-33b2-7f7a-c355-bc5e0c3626d2" testName="TotalUncoversTest" computerName="USSLCL00134" duration="00:00:00.0186119" startTime="2012-08-04T14:27:07.1673061-06:00" endTime="2012-08-04T14:27:07.1963078-06:00" testType="13cdc9d9-ddb5-4fa4-a97d-d965ccfc6d4b" outcome="Passed" testListId="8c84fa94-04c1-424b-9868-57a2d4851a1d" relativeResultsDirectory="d8ce88b1-937e-4d63-ae16-6588715098e6">
    </UnitTestResult>
    <UnitTestResult executionId="15cac377-8208-4f68-8e12-ec2b38071b73" testId="c57d37a4-c06f-80ba-35d3-1145d1503361" testName="UncoverInSubSquareTest" computerName="USSLCL00134" duration="00:00:00.0025368" startTime="2012-08-04T14:27:07.2023081-06:00" endTime="2012-08-04T14:27:07.2153089-06:00" testType="13cdc9d9-ddb5-4fa4-a97d-d965ccfc6d4b" outcome="Passed" testListId="8c84fa94-04c1-424b-9868-57a2d4851a1d" relativeResultsDirectory="15cac377-8208-4f68-8e12-ec2b38071b73">
    </UnitTestResult>
    <UnitTestResult executionId="39c33e61-33ec-4ed2-b785-d5be23308aca" testId="b101bcbb-27a3-55ce-2dd9-0f0f3a5bb264" testName="UncoverPuzzleTest" computerName="USSLCL00134" duration="00:00:00.2682591" startTime="2012-08-04T14:27:07.2213092-06:00" endTime="2012-08-04T14:27:07.4983251-06:00" testType="13cdc9d9-ddb5-4fa4-a97d-d965ccfc6d4b" outcome="Passed" testListId="8c84fa94-04c1-424b-9868-57a2d4851a1d" relativeResultsDirectory="39c33e61-33ec-4ed2-b785-d5be23308aca">
    </UnitTestResult>
    <UnitTestResult executionId="358591d7-2eea-4151-bedd-db405d4a04d0" testId="772b16a3-1ab2-0bee-538a-2e94c347e7a1" testName="UncoverSquareTest" computerName="USSLCL00134" duration="00:00:00.0022796" startTime="2012-08-04T14:27:07.5083256-06:00" endTime="2012-08-04T14:27:07.5223264-06:00" testType="13cdc9d9-ddb5-4fa4-a97d-d965ccfc6d4b" outcome="Passed" testListId="8c84fa94-04c1-424b-9868-57a2d4851a1d" relativeResultsDirectory="358591d7-2eea-4151-bedd-db405d4a04d0">
    </UnitTestResult>
    <UnitTestResult executionId="3be17322-a648-4f08-9aa4-f2b3f04399a4" testId="df32b477-d68b-2a2b-b301-d704a740e06b" testName="UncoverCountBySubSquareTest" computerName="USSLCL00134" duration="00:00:00.0010551" startTime="2012-08-04T14:27:07.5303269-06:00" endTime="2012-08-04T14:27:07.5443277-06:00" testType="13cdc9d9-ddb5-4fa4-a97d-d965ccfc6d4b" outcome="Passed" testListId="8c84fa94-04c1-424b-9868-57a2d4851a1d" relativeResultsDirectory="3be17322-a648-4f08-9aa4-f2b3f04399a4">
    </UnitTestResult>
    <UnitTestResult executionId="25389e9b-e4f6-4581-a6dd-648ef183d3e4" testId="8a2dec74-abc6-a0c9-7c0e-21c6df6bc9b0" testName="FindSolveablePuzzleTest" computerName="USSLCL00134" duration="00:00:00.1722435" startTime="2012-08-04T14:27:07.5713292-06:00" endTime="2012-08-04T14:27:07.7533397-06:00" testType="13cdc9d9-ddb5-4fa4-a97d-d965ccfc6d4b" outcome="Passed" testListId="8c84fa94-04c1-424b-9868-57a2d4851a1d" relativeResultsDirectory="25389e9b-e4f6-4581-a6dd-648ef183d3e4">
    </UnitTestResult>
    <UnitTestResult executionId="98474de2-cbb9-49fa-877c-31364c4e7bb0" testId="eb717bdb-b632-ea94-6daf-0927684c8ade" testName="TestUnsolveableToTrivalTransition" computerName="USSLCL00134" duration="00:00:00.0173212" startTime="2012-08-04T14:27:07.7613401-06:00" endTime="2012-08-04T14:27:07.7883417-06:00" testType="13cdc9d9-ddb5-4fa4-a97d-d965ccfc6d4b" outcome="Passed" testListId="8c84fa94-04c1-424b-9868-57a2d4851a1d" relativeResultsDirectory="98474de2-cbb9-49fa-877c-31364c4e7bb0">
    </UnitTestResult>
    <UnitTestResult executionId="3a4a4869-03e7-41cd-9792-de838c9ba48c" testId="8759e944-8653-b38d-1a0f-ebb1d8b476a9" testName="TestSingletonsToFillInPuzzle" computerName="USSLCL00134" duration="00:00:00.0099009" startTime="2012-08-04T14:27:07.7963421-06:00" endTime="2012-08-04T14:27:07.8153432-06:00" testType="13cdc9d9-ddb5-4fa4-a97d-d965ccfc6d4b" outcome="Passed" testListId="8c84fa94-04c1-424b-9868-57a2d4851a1d" relativeResultsDirectory="3a4a4869-03e7-41cd-9792-de838c9ba48c">
    </UnitTestResult>
    <UnitTestResult executionId="391f267e-9324-4b71-be49-830c422a38df" testId="933e71ec-78d1-7194-9f14-c69be4833ba2" testName="WriteOutSudokuGridTest" computerName="USSLCL00134" duration="00:00:00.0004700" startTime="2012-08-04T14:27:07.8353443-06:00" endTime="2012-08-04T14:27:07.8453449-06:00" testType="13cdc9d9-ddb5-4fa4-a97d-d965ccfc6d4b" outcome="Passed" testListId="8c84fa94-04c1-424b-9868-57a2d4851a1d" relativeResultsDirectory="391f267e-9324-4b71-be49-830c422a38df">
    </UnitTestResult>
    <UnitTestResult executionId="fc102af9-6e8f-43c1-8ec6-917e09ee9e41" testId="c2bb07ee-ec47-2144-fb15-eb859f70a4fb" testName="TestSudokuSolutionCreation" computerName="USSLCL00134" duration="00:00:00.0977267" startTime="2012-08-04T14:27:07.8513453-06:00" endTime="2012-08-04T14:27:07.9583514-06:00" testType="13cdc9d9-ddb5-4fa4-a97d-d965ccfc6d4b" outcome="Passed" testListId="8c84fa94-04c1-424b-9868-57a2d4851a1d" relativeResultsDirectory="fc102af9-6e8f-43c1-8ec6-917e09ee9e41">
    </UnitTestResult>
    <UnitTestResult executionId="4800839d-a648-42c4-ab0a-de6ff7f429c0" testId="80906e2f-5edd-4386-f241-db74d6472a2a" testName="TestSudokuPuzzleSolver" computerName="USSLCL00134" duration="00:00:05.3093161" startTime="2012-08-04T14:27:07.9683520-06:00" endTime="2012-08-04T14:27:13.2896563-06:00" testType="13cdc9d9-ddb5-4fa4-a97d-d965ccfc6d4b" outcome="Passed" testListId="8c84fa94-04c1-424b-9868-57a2d4851a1d" relativeResultsDirectory="4800839d-a648-42c4-ab0a-de6ff7f429c0">
      <Output>
        <DebugTrace>*****
Average Uncovers: 43
% Trival: 84
% Easy: 16
% Medium: 0
% Hard: 0
*****
</DebugTrace>
      </Output>
    </UnitTestResult>
    <UnitTestResult executionId="642cbc38-79c1-47ee-9bf9-bdc74330fa70" testId="b5abfd46-fe33-0abb-11cc-1fe9eba79c0f" testName="SudokuPuzzleConstructorTest" computerName="USSLCL00134" duration="00:00:00.3391740" startTime="2012-08-04T14:27:13.2966567-06:00" endTime="2012-08-04T14:27:13.6496769-06:00" testType="13cdc9d9-ddb5-4fa4-a97d-d965ccfc6d4b" outcome="Passed" testListId="8c84fa94-04c1-424b-9868-57a2d4851a1d" relativeResultsDirectory="642cbc38-79c1-47ee-9bf9-bdc74330fa70">
    </UnitTestResult>
    <UnitTestResult executionId="ea914c20-f113-494f-8771-4ba0e0ade805" testId="cc1f28d6-a78b-5ee1-c776-ef3cb24e1adb" testName="InitializePuzzleTest" computerName="USSLCL00134" duration="00:00:00.0010994" startTime="2012-08-04T14:27:13.6566773-06:00" endTime="2012-08-04T14:27:13.6696781-06:00" testType="13cdc9d9-ddb5-4fa4-a97d-d965ccfc6d4b" outcome="Passed" testListId="8c84fa94-04c1-424b-9868-57a2d4851a1d" relativeResultsDirectory="ea914c20-f113-494f-8771-4ba0e0ade805">
    </UnitTestResult>
    <UnitTestResult executionId="b03aff25-f2c4-4b22-8b84-c85316630db6" testId="d8b0082d-cfd9-4b49-6f2e-66044169ea1f" testName="TotalUncoversTest" computerName="USSLCL00134" duration="00:00:00.0383318" startTime="2012-08-04T14:27:13.6776785-06:00" endTime="2012-08-04T14:27:13.7266813-06:00" testType="13cdc9d9-ddb5-4fa4-a97d-d965ccfc6d4b" outcome="Passed" testListId="8c84fa94-04c1-424b-9868-57a2d4851a1d" relativeResultsDirectory="b03aff25-f2c4-4b22-8b84-c85316630db6">
    </UnitTestResult>
    <UnitTestResult executionId="88b4d86b-72e9-4289-9d48-883c27061ebb" testId="f119344a-ebb5-6c1f-e7e3-badfde644137" testName="UncoverPuzzleTest" computerName="USSLCL00134" duration="00:00:00.0987541" startTime="2012-08-04T14:27:13.7316816-06:00" endTime="2012-08-04T14:27:13.8406878-06:00" testType="13cdc9d9-ddb5-4fa4-a97d-d965ccfc6d4b" outcome="Passed" testListId="8c84fa94-04c1-424b-9868-57a2d4851a1d" relativeResultsDirectory="88b4d86b-72e9-4289-9d48-883c27061ebb">
    </UnitTestResult>
    <UnitTestResult executionId="ca05c002-a94b-441e-b77d-d213ca39605e" testId="4f503fe4-6f61-d5e2-44b3-da29f635ba86" testName="UncoverSquareTest" computerName="USSLCL00134" duration="00:00:00.0018508" startTime="2012-08-04T14:27:13.8476882-06:00" endTime="2012-08-04T14:27:13.8626891-06:00" testType="13cdc9d9-ddb5-4fa4-a97d-d965ccfc6d4b" outcome="Passed" testListId="8c84fa94-04c1-424b-9868-57a2d4851a1d" relativeResultsDirectory="ca05c002-a94b-441e-b77d-d213ca39605e">
    </UnitTestResult>
    <UnitTestResult executionId="21a71cc9-6732-46ec-b6e1-49b73fa94813" testId="8cdd2eb7-02e3-0d17-cc73-75aa4caa7216" testName="UncoverCountBySubSquareTest" computerName="USSLCL00134" duration="00:00:00.0019659" startTime="2012-08-04T14:27:13.8706895-06:00" endTime="2012-08-04T14:27:13.8846903-06:00" testType="13cdc9d9-ddb5-4fa4-a97d-d965ccfc6d4b" outcome="Passed" testListId="8c84fa94-04c1-424b-9868-57a2d4851a1d" relativeResultsDirectory="21a71cc9-6732-46ec-b6e1-49b73fa94813">
    </UnitTestResult>
    <UnitTestResult executionId="5abb7c05-b329-4e5c-ab66-ebb5d1b2586d" testId="aa75c770-e555-1b8d-0ce3-f2cb0f774ab7" testName="SudokuPuzzleNewConstructorTest" computerName="USSLCL00134" duration="00:00:14.7068412" startTime="2012-08-04T14:27:13.8916907-06:00" endTime="2012-08-04T14:27:28.5985319-06:00" testType="13cdc9d9-ddb5-4fa4-a97d-d965ccfc6d4b" outcome="Aborted" testListId="8c84fa94-04c1-424b-9868-57a2d4851a1d" relativeResultsDirectory="5abb7c05-b329-4e5c-ab66-ebb5d1b2586d">
    </UnitTestResult>
    <UnitTestResult executionId="f21b59b2-228c-4ad0-88bf-ac7fd9702578" testId="f1ee73dc-fd2f-150e-0625-01c63e0289ec" testName="SudokuPuzzleNewConstructorTest1" computerName="USSLCL00134" testType="13cdc9d9-ddb5-4fa4-a97d-d965ccfc6d4b" outcome="NotExecuted" testListId="8c84fa94-04c1-424b-9868-57a2d4851a1d" relativeResultsDirectory="f21b59b2-228c-4ad0-88bf-ac7fd9702578">
    </UnitTestResult>
    <UnitTestResult executionId="deb54f5a-aa9d-42f8-9689-3b39e3b2e7c3" testId="d9abdf13-ae54-2612-e87c-d5a061e44053" testName="ClearGuessesTest" computerName="USSLCL00134" testType="13cdc9d9-ddb5-4fa4-a97d-d965ccfc6d4b" outcome="NotExecuted" testListId="8c84fa94-04c1-424b-9868-57a2d4851a1d" relativeResultsDirectory="deb54f5a-aa9d-42f8-9689-3b39e3b2e7c3">
    </UnitTestResult>
    <UnitTestResult executionId="3fc79fcc-8495-4733-88ad-58e7419950d4" testId="061173eb-fd91-e638-1846-2d2c6c59d224" testName="CloneTest" computerName="USSLCL00134" testType="13cdc9d9-ddb5-4fa4-a97d-d965ccfc6d4b" outcome="NotExecuted" testListId="8c84fa94-04c1-424b-9868-57a2d4851a1d" relativeResultsDirectory="3fc79fcc-8495-4733-88ad-58e7419950d4">
    </UnitTestResult>
    <UnitTestResult executionId="9ccd0f61-5913-4fe8-a1a7-7deb3b0b5069" testId="13e82d77-fd51-3c12-aa24-865ef08dfba6" testName="ConstructPuzzleTest" computerName="USSLCL00134" testType="13cdc9d9-ddb5-4fa4-a97d-d965ccfc6d4b" outcome="NotExecuted" testListId="8c84fa94-04c1-424b-9868-57a2d4851a1d" relativeResultsDirectory="9ccd0f61-5913-4fe8-a1a7-7deb3b0b5069">
    </UnitTestResult>
    <UnitTestResult executionId="a49bfc75-0282-4f6a-a16c-ed634ab1fde8" testId="486b0a80-0a49-67de-680c-77fefbf9cb23" testName="EliminateGuessesTest" computerName="USSLCL00134" testType="13cdc9d9-ddb5-4fa4-a97d-d965ccfc6d4b" outcome="NotExecuted" testListId="8c84fa94-04c1-424b-9868-57a2d4851a1d" relativeResultsDirectory="a49bfc75-0282-4f6a-a16c-ed634ab1fde8">
    </UnitTestResult>
    <UnitTestResult executionId="7d29919a-b1a0-47b9-bc6e-4effc3aeb928" testId="aff20130-097e-3c60-01ae-85bf83573d5d" testName="FindSolveablePuzzleTest" computerName="USSLCL00134" testType="13cdc9d9-ddb5-4fa4-a97d-d965ccfc6d4b" outcome="NotExecuted" testListId="8c84fa94-04c1-424b-9868-57a2d4851a1d" relativeResultsDirectory="7d29919a-b1a0-47b9-bc6e-4effc3aeb928">
    </UnitTestResult>
    <UnitTestResult executionId="8c7fcbd8-5b8e-445a-bc82-255e28e67b14" testId="f0d8d23e-83ba-003c-4577-8c8139e80124" testName="ProcessSingletonByColumnTest" computerName="USSLCL00134" testType="13cdc9d9-ddb5-4fa4-a97d-d965ccfc6d4b" outcome="NotExecuted" testListId="8c84fa94-04c1-424b-9868-57a2d4851a1d" relativeResultsDirectory="8c7fcbd8-5b8e-445a-bc82-255e28e67b14">
    </UnitTestResult>
    <UnitTestResult executionId="6b4d35c0-70bd-41c5-9511-c38a7ea44266" testId="db389166-8d20-0e20-66f8-9fc1731120ff" testName="ProcessSingletonByRowTest" computerName="USSLCL00134" testType="13cdc9d9-ddb5-4fa4-a97d-d965ccfc6d4b" outcome="NotExecuted" testListId="8c84fa94-04c1-424b-9868-57a2d4851a1d" relativeResultsDirectory="6b4d35c0-70bd-41c5-9511-c38a7ea44266">
    </UnitTestResult>
    <UnitTestResult executionId="7447a597-cd76-4b7a-b1c2-e2bf6e3d2706" testId="a31b5d1d-5145-f3c8-eab2-ef40f677b278" testName="ProcessSingletonBySubSquareTest" computerName="USSLCL00134" testType="13cdc9d9-ddb5-4fa4-a97d-d965ccfc6d4b" outcome="NotExecuted" testListId="8c84fa94-04c1-424b-9868-57a2d4851a1d" relativeResultsDirectory="7447a597-cd76-4b7a-b1c2-e2bf6e3d2706">
    </UnitTestResult>
    <UnitTestResult executionId="aa8869ad-bd55-4718-9821-fc07c434ab46" testId="e2097ad3-0a1f-892e-c6aa-0058407be6ec" testName="RandomlyUncoverSquaresTest" computerName="USSLCL00134" testType="13cdc9d9-ddb5-4fa4-a97d-d965ccfc6d4b" outcome="NotExecuted" testListId="8c84fa94-04c1-424b-9868-57a2d4851a1d" relativeResultsDirectory="aa8869ad-bd55-4718-9821-fc07c434ab46">
    </UnitTestResult>
    <UnitTestResult executionId="c396b45b-c4b0-4246-8771-4eecf0ca8fc8" testId="b38a9229-d380-9205-8996-ce540170d766" testName="SetSolutionTest" computerName="USSLCL00134" testType="13cdc9d9-ddb5-4fa4-a97d-d965ccfc6d4b" outcome="NotExecuted" testListId="8c84fa94-04c1-424b-9868-57a2d4851a1d" relativeResultsDirectory="c396b45b-c4b0-4246-8771-4eecf0ca8fc8">
    </UnitTestResult>
    <UnitTestResult executionId="16261d6e-48ab-48db-9fe9-76d6f2c0c249" testId="aced5c0b-e025-ba3d-7667-29ac179ec14c" testName="SingletonsBySubSquareTest" computerName="USSLCL00134" testType="13cdc9d9-ddb5-4fa4-a97d-d965ccfc6d4b" outcome="NotExecuted" testListId="8c84fa94-04c1-424b-9868-57a2d4851a1d" relativeResultsDirectory="16261d6e-48ab-48db-9fe9-76d6f2c0c249">
    </UnitTestResult>
    <UnitTestResult executionId="008f71f1-5fb9-48dc-b33a-f281b37a6cbd" testId="32a80b6d-7368-1157-bb75-936c90483568" testName="Step1FindSingleGuessesTest" computerName="USSLCL00134" testType="13cdc9d9-ddb5-4fa4-a97d-d965ccfc6d4b" outcome="NotExecuted" testListId="8c84fa94-04c1-424b-9868-57a2d4851a1d" relativeResultsDirectory="008f71f1-5fb9-48dc-b33a-f281b37a6cbd">
    </UnitTestResult>
    <UnitTestResult executionId="7a0f6a8f-8a54-4da1-8574-5253342ad807" testId="c05b9167-4d3e-9d9b-e8a1-385289ab6fb1" testName="Step2UseSingletonsTest" computerName="USSLCL00134" testType="13cdc9d9-ddb5-4fa4-a97d-d965ccfc6d4b" outcome="NotExecuted" testListId="8c84fa94-04c1-424b-9868-57a2d4851a1d" relativeResultsDirectory="7a0f6a8f-8a54-4da1-8574-5253342ad807">
    </UnitTestResult>
    <UnitTestResult executionId="84eff32b-4b9f-4bba-a609-0de6503523a8" testId="96dd551e-c1b7-a21a-a45c-a1d7dd41182c" testName="WriteOutSudokuSolutionTest" computerName="USSLCL00134" testType="13cdc9d9-ddb5-4fa4-a97d-d965ccfc6d4b" outcome="NotExecuted" testListId="8c84fa94-04c1-424b-9868-57a2d4851a1d" relativeResultsDirectory="84eff32b-4b9f-4bba-a609-0de6503523a8">
    </UnitTestResult>
    <UnitTestResult executionId="731142e5-e856-4c01-80fc-1a1675aabd3b" testId="5b9e93c3-948f-f5f6-9929-816385f9f2c0" testName="DifficultyLevelTest" computerName="USSLCL00134" testType="13cdc9d9-ddb5-4fa4-a97d-d965ccfc6d4b" outcome="NotExecuted" testListId="8c84fa94-04c1-424b-9868-57a2d4851a1d" relativeResultsDirectory="731142e5-e856-4c01-80fc-1a1675aabd3b">
    </UnitTestResult>
    <UnitTestResult executionId="73724eb9-8f39-4f92-9898-6e0c1cacfa89" testId="0b5c5a05-8808-1e13-2bf6-c395469abafa" testName="MaxDifficultyTest" computerName="USSLCL00134" testType="13cdc9d9-ddb5-4fa4-a97d-d965ccfc6d4b" outcome="NotExecuted" testListId="8c84fa94-04c1-424b-9868-57a2d4851a1d" relativeResultsDirectory="73724eb9-8f39-4f92-9898-6e0c1cacfa89">
    </UnitTestResult>
    <UnitTestResult executionId="bef074df-50f6-41c4-88aa-1b6cf5c9902c" testId="5d0fcccf-e658-4e6b-4430-bef52b2023b8" testName="SolutionTest" computerName="USSLCL00134" testType="13cdc9d9-ddb5-4fa4-a97d-d965ccfc6d4b" outcome="NotExecuted" testListId="8c84fa94-04c1-424b-9868-57a2d4851a1d" relativeResultsDirectory="bef074df-50f6-41c4-88aa-1b6cf5c9902c">
    </UnitTestResult>
  </Results>
</TestRun>